2024-09-23 09:12:12,195 INFO [main] c.d.a.SampleWarApplication [StartupInfoLogger.java:55] 
Starting SampleWarApplication using Java 17.0.7 on DIAM-ITAMIDWARE with PID 228724 (C:\Users\prasanth.s\Documents\workspaceDIAMTestTwoServices\Diam4iServices_2024_08_7_Backup_2024_09_20\target\classes started by prasanth.s in C:\Users\prasanth.s\Documents\workspaceDIAMTestTwoServices\Diam4iServices_2024_08_7_Backup_2024_09_20)
2024-09-23 09:12:12,203 DEBUG [main] c.d.a.SampleWarApplication [StartupInfoLogger.java:56] 
Running with Spring Boot v2.7.9, Spring v5.3.25
2024-09-23 09:12:12,204 INFO [main] c.d.a.SampleWarApplication [SpringApplication.java:631] 
No active profile set, falling back to 1 default profile: "default"
2024-09-23 09:12:12,207 DEBUG [main] o.s.b.SpringApplication [SpringApplication.java:664] 
Loading source class com.diam.app.SampleWarApplication
2024-09-23 09:12:12,421 DEBUG [main] o.s.b.w.s.c.AnnotationConfigServletWebServerApplicationContext [AbstractApplicationContext.java:629] 
Refreshing org.springframework.boot.web.servlet.context.AnnotationConfigServletWebServerApplicationContext@757d6814
2024-09-23 09:12:12,458 DEBUG [main] o.s.b.f.s.DefaultListableBeanFactory [DefaultSingletonBeanRegistry.java:225] 
Creating shared instance of singleton bean 'org.springframework.context.annotation.internalConfigurationAnnotationProcessor'
2024-09-23 09:12:12,482 DEBUG [main] o.s.b.f.s.DefaultListableBeanFactory [DefaultSingletonBeanRegistry.java:225] 
Creating shared instance of singleton bean 'org.springframework.boot.autoconfigure.internalCachingMetadataReaderFactory'
2024-09-23 09:12:12,572 DEBUG [main] o.s.c.a.ClassPathBeanDefinitionScanner [ClassPathScanningCandidateComponentProvider.java:435] 
Identified candidate component class: file [C:\Users\prasanth.s\Documents\workspaceDIAMTestTwoServices\Diam4iServices_2024_08_7_Backup_2024_09_20\target\classes\com\diam\app\config\WebConfig.class]
2024-09-23 09:12:12,598 DEBUG [main] o.s.c.a.ClassPathBeanDefinitionScanner [ClassPathScanningCandidateComponentProvider.java:435] 
Identified candidate component class: file [C:\Users\prasanth.s\Documents\workspaceDIAMTestTwoServices\Diam4iServices_2024_08_7_Backup_2024_09_20\target\classes\com\diam\app\controller\Controllers.class]
2024-09-23 09:12:12,606 DEBUG [main] o.s.c.a.ClassPathBeanDefinitionScanner [ClassPathScanningCandidateComponentProvider.java:435] 
Identified candidate component class: file [C:\Users\prasanth.s\Documents\workspaceDIAMTestTwoServices\Diam4iServices_2024_08_7_Backup_2024_09_20\target\classes\com\diam\app\controller\DiamControllerVer1.class]
2024-09-23 09:12:12,612 DEBUG [main] o.s.c.a.ClassPathBeanDefinitionScanner [ClassPathScanningCandidateComponentProvider.java:435] 
Identified candidate component class: file [C:\Users\prasanth.s\Documents\workspaceDIAMTestTwoServices\Diam4iServices_2024_08_7_Backup_2024_09_20\target\classes\com\diam\app\controller\DiamControllerVer2.class]
2024-09-23 09:12:12,614 DEBUG [main] o.s.c.a.ClassPathBeanDefinitionScanner [ClassPathScanningCandidateComponentProvider.java:435] 
Identified candidate component class: file [C:\Users\prasanth.s\Documents\workspaceDIAMTestTwoServices\Diam4iServices_2024_08_7_Backup_2024_09_20\target\classes\com\diam\app\esb\ConnectionHelper.class]
2024-09-23 09:12:12,617 DEBUG [main] o.s.c.a.ClassPathBeanDefinitionScanner [ClassPathScanningCandidateComponentProvider.java:435] 
Identified candidate component class: file [C:\Users\prasanth.s\Documents\workspaceDIAMTestTwoServices\Diam4iServices_2024_08_7_Backup_2024_09_20\target\classes\com\diam\app\exception\GlobalExceptionHandler.class]
2024-09-23 09:12:12,619 DEBUG [main] o.s.c.a.ClassPathBeanDefinitionScanner [ClassPathScanningCandidateComponentProvider.java:435] 
Identified candidate component class: file [C:\Users\prasanth.s\Documents\workspaceDIAMTestTwoServices\Diam4iServices_2024_08_7_Backup_2024_09_20\target\classes\com\diam\app\interceptor\BaseInterceptor.class]
2024-09-23 09:12:12,640 DEBUG [main] o.s.c.a.ClassPathBeanDefinitionScanner [ClassPathScanningCandidateComponentProvider.java:435] 
Identified candidate component class: file [C:\Users\prasanth.s\Documents\workspaceDIAMTestTwoServices\Diam4iServices_2024_08_7_Backup_2024_09_20\target\classes\com\diam\app\service\DiamServiceVer1.class]
2024-09-23 09:12:12,644 DEBUG [main] o.s.c.a.ClassPathBeanDefinitionScanner [ClassPathScanningCandidateComponentProvider.java:435] 
Identified candidate component class: file [C:\Users\prasanth.s\Documents\workspaceDIAMTestTwoServices\Diam4iServices_2024_08_7_Backup_2024_09_20\target\classes\com\diam\app\service\DiamServiceVer2.class]
2024-09-23 09:12:12,646 DEBUG [main] o.s.c.a.ClassPathBeanDefinitionScanner [ClassPathScanningCandidateComponentProvider.java:435] 
Identified candidate component class: file [C:\Users\prasanth.s\Documents\workspaceDIAMTestTwoServices\Diam4iServices_2024_08_7_Backup_2024_09_20\target\classes\com\diam\app\service\GetRecordCSHandlerVer1.class]
2024-09-23 09:12:12,649 DEBUG [main] o.s.c.a.ClassPathBeanDefinitionScanner [ClassPathScanningCandidateComponentProvider.java:435] 
Identified candidate component class: file [C:\Users\prasanth.s\Documents\workspaceDIAMTestTwoServices\Diam4iServices_2024_08_7_Backup_2024_09_20\target\classes\com\diam\app\service\GetRecordCSHandlerVer2.class]
2024-09-23 09:12:12,653 DEBUG [main] o.s.c.a.ClassPathBeanDefinitionScanner [ClassPathScanningCandidateComponentProvider.java:435] 
Identified candidate component class: file [C:\Users\prasanth.s\Documents\workspaceDIAMTestTwoServices\Diam4iServices_2024_08_7_Backup_2024_09_20\target\classes\com\diam\app\service\GetRecordGISCSHandlerVer1.class]
2024-09-23 09:12:12,655 DEBUG [main] o.s.c.a.ClassPathBeanDefinitionScanner [ClassPathScanningCandidateComponentProvider.java:435] 
Identified candidate component class: file [C:\Users\prasanth.s\Documents\workspaceDIAMTestTwoServices\Diam4iServices_2024_08_7_Backup_2024_09_20\target\classes\com\diam\app\service\GetRecordGISCSHandlerVer2.class]
2024-09-23 09:12:12,660 DEBUG [main] o.s.c.a.ClassPathBeanDefinitionScanner [ClassPathScanningCandidateComponentProvider.java:435] 
Identified candidate component class: file [C:\Users\prasanth.s\Documents\workspaceDIAMTestTwoServices\Diam4iServices_2024_08_7_Backup_2024_09_20\target\classes\com\diam\app\utils\DBUtils.class]
2024-09-23 09:12:13,351 DEBUG [main] o.s.b.f.s.DefaultListableBeanFactory [DefaultSingletonBeanRegistry.java:225] 
Creating shared instance of singleton bean 'propertySourcesPlaceholderConfigurer'
2024-09-23 09:12:13,362 DEBUG [main] o.s.b.f.s.DefaultListableBeanFactory [DefaultSingletonBeanRegistry.java:225] 
Creating shared instance of singleton bean 'org.springframework.boot.sql.init.dependency.DatabaseInitializationDependencyConfigurer$DependsOnDatabaseInitializationPostProcessor'
2024-09-23 09:12:13,371 DEBUG [main] o.s.b.f.s.DefaultListableBeanFactory [DefaultSingletonBeanRegistry.java:225] 
Creating shared instance of singleton bean 'org.springframework.context.event.internalEventListenerProcessor'
2024-09-23 09:12:13,373 DEBUG [main] o.s.b.f.s.DefaultListableBeanFactory [DefaultSingletonBeanRegistry.java:225] 
Creating shared instance of singleton bean 'preserveErrorControllerTargetClassPostProcessor'
2024-09-23 09:12:13,374 DEBUG [main] o.s.b.f.s.DefaultListableBeanFactory [DefaultSingletonBeanRegistry.java:225] 
Creating shared instance of singleton bean 'forceAutoProxyCreatorToUseClassProxying'
2024-09-23 09:12:13,377 DEBUG [main] o.s.b.f.s.DefaultListableBeanFactory [DefaultSingletonBeanRegistry.java:225] 
Creating shared instance of singleton bean 'org.springframework.context.event.internalEventListenerFactory'
2024-09-23 09:12:13,392 DEBUG [main] o.s.b.f.s.DefaultListableBeanFactory [DefaultSingletonBeanRegistry.java:225] 
Creating shared instance of singleton bean 'org.springframework.context.annotation.internalAutowiredAnnotationProcessor'
2024-09-23 09:12:13,396 DEBUG [main] o.s.b.f.s.DefaultListableBeanFactory [DefaultSingletonBeanRegistry.java:225] 
Creating shared instance of singleton bean 'org.springframework.context.annotation.internalCommonAnnotationProcessor'
2024-09-23 09:12:13,400 DEBUG [main] o.s.b.f.s.DefaultListableBeanFactory [DefaultSingletonBeanRegistry.java:225] 
Creating shared instance of singleton bean 'org.springframework.boot.context.properties.ConfigurationPropertiesBindingPostProcessor'
2024-09-23 09:12:13,401 DEBUG [main] o.s.b.f.s.DefaultListableBeanFactory [DefaultSingletonBeanRegistry.java:225] 
Creating shared instance of singleton bean 'org.springframework.boot.context.internalConfigurationPropertiesBinder'
2024-09-23 09:12:13,401 DEBUG [main] o.s.b.f.s.DefaultListableBeanFactory [DefaultSingletonBeanRegistry.java:225] 
Creating shared instance of singleton bean 'org.springframework.boot.context.internalConfigurationPropertiesBinderFactory'
2024-09-23 09:12:13,404 DEBUG [main] o.s.b.f.s.DefaultListableBeanFactory [DefaultSingletonBeanRegistry.java:225] 
Creating shared instance of singleton bean 'annotationActionEndpointMapping'
2024-09-23 09:12:13,405 DEBUG [main] o.s.b.f.s.DefaultListableBeanFactory [DefaultSingletonBeanRegistry.java:225] 
Creating shared instance of singleton bean 'org.springframework.ws.config.annotation.DelegatingWsConfiguration'
2024-09-23 09:12:13,423 INFO [main] o.s.c.s.PostProcessorRegistrationDelegate$BeanPostProcessorChecker [PostProcessorRegistrationDelegate.java:376] 
Bean 'org.springframework.ws.config.annotation.DelegatingWsConfiguration' of type [org.springframework.ws.config.annotation.DelegatingWsConfiguration$$EnhancerBySpringCGLIB$$3b5cdde3] is not eligible for getting processed by all BeanPostProcessors (for example: not eligible for auto-proxying)
2024-09-23 09:12:13,480 INFO [main] o.s.w.s.a.s.AnnotationActionEndpointMapping [AbstractAddressingEndpointMapping.java:239] 
Supporting [WS-Addressing August 2004, WS-Addressing 1.0]
2024-09-23 09:12:13,481 DEBUG [main] o.s.b.f.s.DefaultListableBeanFactory [DefaultSingletonBeanRegistry.java:225] 
Creating shared instance of singleton bean 'org.springframework.aop.config.internalAutoProxyCreator'
2024-09-23 09:12:13,504 DEBUG [main] o.s.b.f.s.DefaultListableBeanFactory [DefaultSingletonBeanRegistry.java:225] 
Creating shared instance of singleton bean 'webServerFactoryCustomizerBeanPostProcessor'
2024-09-23 09:12:13,506 DEBUG [main] o.s.b.f.s.DefaultListableBeanFactory [DefaultSingletonBeanRegistry.java:225] 
Creating shared instance of singleton bean 'errorPageRegistrarBeanPostProcessor'
2024-09-23 09:12:13,512 DEBUG [main] o.s.u.c.s.UiApplicationContextUtils [UiApplicationContextUtils.java:85] 
Unable to locate ThemeSource with name 'themeSource': using default [org.springframework.ui.context.support.ResourceBundleThemeSource@3f9270ed]
2024-09-23 09:12:13,513 DEBUG [main] o.s.b.f.s.DefaultListableBeanFactory [DefaultSingletonBeanRegistry.java:225] 
Creating shared instance of singleton bean 'tomcatServletWebServerFactory'
2024-09-23 09:12:13,516 DEBUG [main] o.s.b.f.s.DefaultListableBeanFactory [DefaultSingletonBeanRegistry.java:225] 
Creating shared instance of singleton bean 'org.springframework.boot.autoconfigure.web.servlet.ServletWebServerFactoryConfiguration$EmbeddedTomcat'
2024-09-23 09:12:13,593 DEBUG [main] o.s.b.f.s.DefaultListableBeanFactory [DefaultSingletonBeanRegistry.java:225] 
Creating shared instance of singleton bean 'websocketServletWebServerCustomizer'
2024-09-23 09:12:13,595 DEBUG [main] o.s.b.f.s.DefaultListableBeanFactory [DefaultSingletonBeanRegistry.java:225] 
Creating shared instance of singleton bean 'org.springframework.boot.autoconfigure.websocket.servlet.WebSocketServletAutoConfiguration$TomcatWebSocketConfiguration'
2024-09-23 09:12:13,597 DEBUG [main] o.s.b.f.s.DefaultListableBeanFactory [DefaultSingletonBeanRegistry.java:225] 
Creating shared instance of singleton bean 'servletWebServerFactoryCustomizer'
2024-09-23 09:12:13,597 DEBUG [main] o.s.b.f.s.DefaultListableBeanFactory [DefaultSingletonBeanRegistry.java:225] 
Creating shared instance of singleton bean 'org.springframework.boot.autoconfigure.web.servlet.ServletWebServerFactoryAutoConfiguration'
2024-09-23 09:12:13,602 DEBUG [main] o.s.b.f.s.DefaultListableBeanFactory [DefaultSingletonBeanRegistry.java:225] 
Creating shared instance of singleton bean 'server-org.springframework.boot.autoconfigure.web.ServerProperties'
2024-09-23 09:12:13,624 DEBUG [main] o.s.b.f.s.DefaultListableBeanFactory [DefaultSingletonBeanRegistry.java:225] 
Creating shared instance of singleton bean 'org.springframework.boot.context.properties.BoundConfigurationProperties'
