2024-09-11 16:56:35,162 INFO [http-nio-9999-exec-1] o.a.c.c.C.[.[.[/] [DirectJDKLog.java:173] 
Initializing Spring DispatcherServlet 'dispatcherServlet'
2024-09-11 16:56:35,165 INFO [http-nio-9999-exec-1] o.s.w.s.DispatcherServlet [FrameworkServlet.java:532] 
Initializing Servlet 'dispatcherServlet'
2024-09-11 16:56:35,165 DEBUG [http-nio-9999-exec-1] o.s.w.s.DispatcherServlet [DispatcherServlet.java:533] 
Detected StandardServletMultipartResolver
2024-09-11 16:56:35,165 DEBUG [http-nio-9999-exec-1] o.s.w.s.DispatcherServlet [DispatcherServlet.java:557] 
Detected AcceptHeaderLocaleResolver
2024-09-11 16:56:35,166 DEBUG [http-nio-9999-exec-1] o.s.w.s.DispatcherServlet [DispatcherServlet.java:583] 
Detected FixedThemeResolver
2024-09-11 16:56:35,168 DEBUG [http-nio-9999-exec-1] o.s.w.s.DispatcherServlet [DispatcherServlet.java:733] 
Detected org.springframework.web.servlet.view.DefaultRequestToViewNameTranslator@7adf4dc4
2024-09-11 16:56:35,168 DEBUG [http-nio-9999-exec-1] o.s.w.s.DispatcherServlet [DispatcherServlet.java:797] 
Detected org.springframework.web.servlet.support.SessionFlashMapManager@50548a2e
2024-09-11 16:56:35,169 DEBUG [http-nio-9999-exec-1] o.s.w.s.DispatcherServlet [FrameworkServlet.java:549] 
enableLoggingRequestDetails='false': request parameters and headers will be masked to prevent unsafe logging of potentially sensitive data
2024-09-11 16:56:35,169 INFO [http-nio-9999-exec-1] o.s.w.s.DispatcherServlet [FrameworkServlet.java:554] 
Completed initialization in 4 ms
2024-09-11 16:56:35,184 DEBUG [http-nio-9999-exec-1] o.s.w.s.DispatcherServlet [LogFormatUtils.java:120] 
GET "/api/v2/getBillData?BillId=52344072&ccbAccount=7566073616", parameters={masked}
2024-09-11 16:56:35,210 DEBUG [http-nio-9999-exec-1] o.s.w.s.m.m.a.RequestMappingHandlerMapping [AbstractHandlerMapping.java:531] 
Mapped to com.diam.app.controller.DiamControllerVer2#getBillDataService(String, String, HttpServletRequest, HttpServletResponse, Map)
2024-09-11 16:56:35,211 INFO [http-nio-9999-exec-1] c.d.a.i.BaseInterceptor [BaseInterceptor.java:53] 
Inside prehandle
2024-09-11 16:56:35,226 INFO [http-nio-9999-exec-1] c.d.a.i.BaseInterceptor [BaseInterceptor.java:233] 
############Request Processing started for request-id ab and esbURL is /api/v2/getBillData
2024-09-11 16:56:35,228 INFO [http-nio-9999-exec-1] c.d.a.f.GetDetails [GetDetails.java:20] 
Inside getEncryption status.. for service code getBillData
2024-09-11 16:56:36,101 DEBUG [http-nio-9999-exec-1] c.d.a.f.GetDetails [GetDetails.java:33] 
Encryption status is N
2024-09-11 16:56:36,105 INFO [http-nio-9999-exec-1] c.d.a.i.BaseInterceptor [BaseInterceptor.java:270] 
Inside DDOS filtering
2024-09-11 16:56:36,106 INFO [http-nio-9999-exec-1] c.d.a.f.GetDetails [GetDetails.java:170] 
Inside get error codes.
2024-09-11 16:56:36,184 INFO [http-nio-9999-exec-1] c.d.a.f.AuthenticationFilter [AuthenticationFilter.java:30] 
inside request param validation
2024-09-11 16:56:36,185 INFO [http-nio-9999-exec-1] c.d.a.f.AuthenticationFilter [AuthenticationFilter.java:76] 
In Timestamp validation
2024-09-11 16:56:36,186 INFO [http-nio-9999-exec-1] c.d.a.f.AuthenticationFilter [AuthenticationFilter.java:82] 
The timestamp difference is--
2024-09-11 16:56:36,186 INFO [http-nio-9999-exec-1] c.d.a.f.AuthenticationFilter [AuthenticationFilter.java:122] 
Validating auth key for consumerCode ESP with auth key 36997d562e054a318475c4025b913338
2024-09-11 16:56:36,187 INFO [http-nio-9999-exec-1] c.d.a.f.AuthenticationFilter [AuthenticationFilter.java:139] 
Inside getAuthKeyFromDB..
2024-09-11 16:56:36,267 INFO [http-nio-9999-exec-1] c.d.a.f.AuthenticationFilter [AuthenticationFilter.java:124] 
Auth Key from DB for Consumer code ESP is  
2024-09-11 16:56:36,267 INFO [http-nio-9999-exec-1] c.d.a.f.AuthenticationFilter [AuthenticationFilter.java:129] 
Auth key Validated false
2024-09-11 16:56:36,267 ERROR [http-nio-9999-exec-1] c.d.a.i.BaseInterceptor [BaseInterceptor.java:344] 
Invalid auth key or consumer code sent by request id ab
2024-09-11 16:56:36,269 INFO [http-nio-9999-exec-1] c.d.a.p.ExceptionProcessor [ExceptionProcessor.java:28] 
Auditing records in AuditDataProcessor.
2024-09-11 16:56:36,358 INFO [pool-2-thread-1] c.d.a.p.ExceptionProcessor [ExceptionProcessor.java:80] 
Auditing in database.
2024-09-11 16:56:36,363 DEBUG [http-nio-9999-exec-1] o.s.w.s.DispatcherServlet [FrameworkServlet.java:1138] 
Completed 200 OK
2024-09-11 16:56:47,571 DEBUG [http-nio-9999-exec-3] o.s.w.s.DispatcherServlet [LogFormatUtils.java:120] 
GET "/api/v2/getBillData?BillId=52344072&ccbAccount=7566073616", parameters={masked}
2024-09-11 16:56:47,572 DEBUG [http-nio-9999-exec-3] o.s.w.s.m.m.a.RequestMappingHandlerMapping [AbstractHandlerMapping.java:531] 
Mapped to com.diam.app.controller.DiamControllerVer2#getBillDataService(String, String, HttpServletRequest, HttpServletResponse, Map)
2024-09-11 16:56:47,573 INFO [http-nio-9999-exec-3] c.d.a.i.BaseInterceptor [BaseInterceptor.java:53] 
Inside prehandle
2024-09-11 16:56:47,573 INFO [http-nio-9999-exec-3] c.d.a.i.BaseInterceptor [BaseInterceptor.java:233] 
############Request Processing started for request-id ab and esbURL is /api/v2/getBillData
2024-09-11 16:56:47,574 INFO [http-nio-9999-exec-3] c.d.a.f.GetDetails [GetDetails.java:20] 
Inside getEncryption status.. for service code getBillData
2024-09-11 16:56:47,660 DEBUG [http-nio-9999-exec-3] c.d.a.f.GetDetails [GetDetails.java:33] 
Encryption status is N
2024-09-11 16:56:47,661 INFO [http-nio-9999-exec-3] c.d.a.i.BaseInterceptor [BaseInterceptor.java:270] 
Inside DDOS filtering
2024-09-11 16:56:47,662 INFO [http-nio-9999-exec-3] c.d.a.f.GetDetails [GetDetails.java:170] 
Inside get error codes.
2024-09-11 16:56:47,739 INFO [http-nio-9999-exec-3] c.d.a.f.AuthenticationFilter [AuthenticationFilter.java:30] 
inside request param validation
2024-09-11 16:56:47,739 INFO [http-nio-9999-exec-3] c.d.a.f.AuthenticationFilter [AuthenticationFilter.java:76] 
In Timestamp validation
2024-09-11 16:56:47,740 INFO [http-nio-9999-exec-3] c.d.a.f.AuthenticationFilter [AuthenticationFilter.java:82] 
The timestamp difference is--
2024-09-11 16:56:47,740 INFO [http-nio-9999-exec-3] c.d.a.f.AuthenticationFilter [AuthenticationFilter.java:122] 
Validating auth key for consumerCode ESP with auth key 36997d562e054a318475c4025b913338
2024-09-11 16:56:47,740 INFO [http-nio-9999-exec-3] c.d.a.f.AuthenticationFilter [AuthenticationFilter.java:139] 
Inside getAuthKeyFromDB..
2024-09-11 16:56:47,806 INFO [http-nio-9999-exec-3] c.d.a.f.AuthenticationFilter [AuthenticationFilter.java:124] 
Auth Key from DB for Consumer code ESP is  
2024-09-11 16:56:47,808 INFO [http-nio-9999-exec-3] c.d.a.f.AuthenticationFilter [AuthenticationFilter.java:129] 
Auth key Validated false
2024-09-11 16:56:47,808 ERROR [http-nio-9999-exec-3] c.d.a.i.BaseInterceptor [BaseInterceptor.java:344] 
Invalid auth key or consumer code sent by request id ab
2024-09-11 16:56:47,808 INFO [http-nio-9999-exec-3] c.d.a.p.ExceptionProcessor [ExceptionProcessor.java:28] 
Auditing records in AuditDataProcessor.
2024-09-11 16:56:47,887 INFO [pool-3-thread-1] c.d.a.p.ExceptionProcessor [ExceptionProcessor.java:80] 
Auditing in database.
2024-09-11 16:56:47,890 DEBUG [http-nio-9999-exec-3] o.s.w.s.DispatcherServlet [FrameworkServlet.java:1138] 
Completed 200 OK
2024-09-11 17:02:49,320 DEBUG [http-nio-9999-exec-6] o.s.w.s.DispatcherServlet [LogFormatUtils.java:120] 
GET "/api/v2/getBillData?BillId=52344072&ccbAccount=7566073616", parameters={masked}
2024-09-11 17:02:49,321 DEBUG [http-nio-9999-exec-6] o.s.w.s.m.m.a.RequestMappingHandlerMapping [AbstractHandlerMapping.java:531] 
Mapped to com.diam.app.controller.DiamControllerVer2#getBillDataService(String, String, HttpServletRequest, HttpServletResponse, Map)
2024-09-11 17:02:49,322 INFO [http-nio-9999-exec-6] c.d.a.i.BaseInterceptor [BaseInterceptor.java:53] 
Inside prehandle
2024-09-11 17:02:49,322 INFO [http-nio-9999-exec-6] c.d.a.i.BaseInterceptor [BaseInterceptor.java:233] 
############Request Processing started for request-id ab and esbURL is /api/v2/getBillData
2024-09-11 17:02:49,322 INFO [http-nio-9999-exec-6] c.d.a.f.GetDetails [GetDetails.java:20] 
Inside getEncryption status.. for service code getBillData
2024-09-11 17:02:49,402 DEBUG [http-nio-9999-exec-6] c.d.a.f.GetDetails [GetDetails.java:33] 
Encryption status is N
2024-09-11 17:02:49,405 INFO [http-nio-9999-exec-6] c.d.a.i.BaseInterceptor [BaseInterceptor.java:270] 
Inside DDOS filtering
2024-09-11 17:02:49,405 INFO [http-nio-9999-exec-6] c.d.a.f.GetDetails [GetDetails.java:170] 
Inside get error codes.
2024-09-11 17:02:49,536 INFO [http-nio-9999-exec-6] c.d.a.f.AuthenticationFilter [AuthenticationFilter.java:30] 
inside request param validation
2024-09-11 17:02:49,536 INFO [http-nio-9999-exec-6] c.d.a.f.AuthenticationFilter [AuthenticationFilter.java:76] 
In Timestamp validation
2024-09-11 17:02:49,537 INFO [http-nio-9999-exec-6] c.d.a.f.AuthenticationFilter [AuthenticationFilter.java:82] 
The timestamp difference is--
2024-09-11 17:02:49,537 INFO [http-nio-9999-exec-6] c.d.a.f.AuthenticationFilter [AuthenticationFilter.java:122] 
Validating auth key for consumerCode ESP with auth key 36997d562e054a318475c4025b913338
2024-09-11 17:02:49,537 INFO [http-nio-9999-exec-6] c.d.a.f.AuthenticationFilter [AuthenticationFilter.java:139] 
Inside getAuthKeyFromDB..
2024-09-11 17:02:49,622 INFO [http-nio-9999-exec-6] c.d.a.f.AuthenticationFilter [AuthenticationFilter.java:124] 
Auth Key from DB for Consumer code ESP is  36997d562e054a318475c4025b913338
2024-09-11 17:02:49,622 INFO [http-nio-9999-exec-6] c.d.a.f.AuthenticationFilter [AuthenticationFilter.java:139] 
Inside getAuthKeyFromDB..
2024-09-11 17:02:49,694 INFO [http-nio-9999-exec-6] c.d.a.f.AuthenticationFilter [AuthenticationFilter.java:175] 
Whitelist Process Starts here....
2024-09-11 17:02:49,694 INFO [http-nio-9999-exec-6] c.d.a.f.AuthenticationFilter [AuthenticationFilter.java:187] 
Inside is whiteListed
2024-09-11 17:02:49,781 DEBUG [http-nio-9999-exec-6] c.d.a.f.AuthenticationFilter [AuthenticationFilter.java:234] 
Consumer allowed for getBillData
2024-09-11 17:02:49,784 INFO [http-nio-9999-exec-6] c.d.a.p.ExceptionProcessor [ExceptionProcessor.java:28] 
Auditing records in AuditDataProcessor.
2024-09-11 17:02:49,908 INFO [pool-4-thread-1] c.d.a.p.ExceptionProcessor [ExceptionProcessor.java:80] 
Auditing in database.
2024-09-11 17:02:49,910 DEBUG [http-nio-9999-exec-6] o.s.w.s.DispatcherServlet [FrameworkServlet.java:1138] 
Completed 200 OK
