2024-08-14 15:31:45,607 DEBUG [http-nio-9999-exec-6] o.s.w.s.DispatcherServlet [LogFormatUtils.java:120] 
POST "/api/v2/getsocialbenefitdata", parameters={}
2024-08-14 15:31:45,611 DEBUG [http-nio-9999-exec-6] o.s.w.s.m.m.a.RequestMappingHandlerMapping [AbstractHandlerMapping.java:531] 
Mapped to com.diam.app.controller.DiamControllerVer2#getSocialBenefitData(Envelope, HttpServletRequest, HttpServletResponse)
2024-08-14 15:31:45,612 INFO [http-nio-9999-exec-6] c.d.a.i.BaseInterceptor [BaseInterceptor.java:53] 
Inside prehandle
2024-08-14 15:31:45,613 INFO [http-nio-9999-exec-6] c.d.a.i.BaseInterceptor [BaseInterceptor.java:558] 
############Request Processing started for request-id ab and esbURL is /api/v2/getsocialbenefitdata
2024-08-14 15:31:45,621 INFO [http-nio-9999-exec-6] c.d.a.f.GetDetails [GetDetails.java:20] 
Inside getEncryption status.. for service code getsocialbenefitdata
2024-08-14 15:31:45,695 DEBUG [http-nio-9999-exec-6] c.d.a.f.GetDetails [GetDetails.java:33] 
Encryption status is N
2024-08-14 15:31:45,700 INFO [http-nio-9999-exec-6] c.d.a.i.BaseInterceptor [BaseInterceptor.java:595] 
Inside DDOS filtering
2024-08-14 15:31:45,700 INFO [http-nio-9999-exec-6] c.d.a.f.GetDetails [GetDetails.java:170] 
Inside get error codes.
2024-08-14 15:31:45,781 INFO [http-nio-9999-exec-6] c.d.a.f.AuthenticationFilter [AuthenticationFilter.java:30] 
inside request param validation
2024-08-14 15:31:45,782 INFO [http-nio-9999-exec-6] c.d.a.f.AuthenticationFilter [AuthenticationFilter.java:76] 
In Timestamp validation
2024-08-14 15:31:45,782 INFO [http-nio-9999-exec-6] c.d.a.f.AuthenticationFilter [AuthenticationFilter.java:82] 
The timestamp difference is--
2024-08-14 15:31:45,783 INFO [http-nio-9999-exec-6] c.d.a.f.AuthenticationFilter [AuthenticationFilter.java:122] 
Validating auth key for consumerCode ESP with auth key 36997d562e054a318475c4025b913338
2024-08-14 15:31:45,783 INFO [http-nio-9999-exec-6] c.d.a.f.AuthenticationFilter [AuthenticationFilter.java:139] 
Inside getAuthKeyFromDB..
2024-08-14 15:31:45,854 INFO [http-nio-9999-exec-6] c.d.a.f.AuthenticationFilter [AuthenticationFilter.java:124] 
Auth Key from DB for Consumer code ESP is  36997d562e054a318475c4025b913338
2024-08-14 15:31:45,854 INFO [http-nio-9999-exec-6] c.d.a.f.AuthenticationFilter [AuthenticationFilter.java:139] 
Inside getAuthKeyFromDB..
2024-08-14 15:31:45,939 INFO [http-nio-9999-exec-6] c.d.a.f.AuthenticationFilter [AuthenticationFilter.java:175] 
Whitelisted
2024-08-14 15:31:45,939 INFO [http-nio-9999-exec-6] c.d.a.f.AuthenticationFilter [AuthenticationFilter.java:187] 
Inside is whiteListed
2024-08-14 15:31:46,026 DEBUG [http-nio-9999-exec-6] c.d.a.f.AuthenticationFilter [AuthenticationFilter.java:234] 
Consumer allowed for getsocialbenefitdata
2024-08-14 15:31:46,052 INFO [http-nio-9999-exec-6] c.d.a.c.DiamControllerVer2 [DiamControllerVer2.java:518] 
Entered::AbstractEmailDelivery::getRestTemplate()
2024-08-14 15:31:46,056 DEBUG [http-nio-9999-exec-6] o.s.w.c.RestTemplate [CompositeLog.java:127] 
HTTP POST https://proxy-tst.mtcit.gov.om/ws/MOSD/MOSD_WS/services/CallWS
2024-08-14 15:31:46,057 DEBUG [http-nio-9999-exec-6] o.s.w.c.RestTemplate [CompositeLog.java:127] 
Accept=[text/plain, application/json, application/*+json, */*]
2024-08-14 15:31:46,058 DEBUG [http-nio-9999-exec-6] o.s.w.c.RestTemplate [CompositeLog.java:127] 
Writing [<soapenv:Envelope xmlns:soapenv="http://schemas.xmlsoap.org/soap/envelope/" xmlns:ws="http://ws.mosd">
   <soapenv:Header/>
   <soapenv:Body>
      <ws:getSocialBenefitData>
         <!--Optional:-->
         <ws:username>DIAM</ws:username>
         <!--Optional:-->
         <ws:password>DIAM82019</ws:password>
         <!--Optional:-->
         <ws:civilid>9460828</ws:civilid>
      </ws:getSocialBenefitData>
   </soapenv:Body>
</soapenv:Envelope>] as "text/xml;charset=UTF-8"
2024-08-14 15:31:46,255 DEBUG [http-nio-9999-exec-6] o.s.w.c.RestTemplate [CompositeLog.java:127] 
Response 200 OK
2024-08-14 15:31:46,257 DEBUG [http-nio-9999-exec-6] o.s.w.c.RestTemplate [CompositeLog.java:127] 
Reading to [java.lang.String] as "text/xml;charset=UTF-8"
2024-08-14 15:31:46,258 DEBUG [http-nio-9999-exec-6] o.s.w.s.m.m.a.HttpEntityMethodProcessor [AbstractMessageConverterMethodProcessor.java:275] 
Using 'application/xml', given [*/*] and supported [application/xml]
2024-08-14 15:31:46,258 DEBUG [http-nio-9999-exec-6] o.s.w.s.m.m.a.HttpEntityMethodProcessor [LogFormatUtils.java:120] 
Writing ["<response><responseHeader><esbStatus> SUCCESS</esbStatus><targetStatus> SUCCESS </targetStatus><esbR (truncated)..."]
2024-08-14 15:31:49,960 INFO [http-nio-9999-exec-6] c.d.a.p.AuditLogProcessor [AuditLogProcessor.java:31] 
Auditing records in AuditData Processor.
2024-08-14 15:31:50,035 INFO [pool-4-thread-1] c.d.a.p.AuditLogProcessor [AuditLogProcessor.java:83] 
Auditing in database.
2024-08-14 15:31:50,038 DEBUG [http-nio-9999-exec-6] o.s.w.s.DispatcherServlet [FrameworkServlet.java:1138] 
Completed 200 OK
2024-08-14 15:41:15,564 DEBUG [http-nio-9999-exec-8] o.s.w.s.DispatcherServlet [LogFormatUtils.java:120] 
GET "/api/v2/getBillData?BillId=52344072&ccbAccount=7566073616", parameters={masked}
2024-08-14 15:41:15,565 DEBUG [http-nio-9999-exec-8] o.s.w.s.m.m.a.RequestMappingHandlerMapping [AbstractHandlerMapping.java:531] 
Mapped to com.diam.app.controller.DiamControllerVer2#getBillDataService(String, String, HttpServletRequest, HttpServletResponse, Map)
2024-08-14 15:41:15,566 INFO [http-nio-9999-exec-8] c.d.a.i.BaseInterceptor [BaseInterceptor.java:53] 
Inside prehandle
2024-08-14 15:41:15,566 INFO [http-nio-9999-exec-8] c.d.a.i.BaseInterceptor [BaseInterceptor.java:233] 
############Request Processing started for request-id ab and esbURL is /api/v2/getBillData
2024-08-14 15:41:15,567 INFO [http-nio-9999-exec-8] c.d.a.f.GetDetails [GetDetails.java:20] 
Inside getEncryption status.. for service code getBillData
2024-08-14 15:41:15,646 DEBUG [http-nio-9999-exec-8] c.d.a.f.GetDetails [GetDetails.java:33] 
Encryption status is N
2024-08-14 15:41:15,647 INFO [http-nio-9999-exec-8] c.d.a.i.BaseInterceptor [BaseInterceptor.java:270] 
Inside DDOS filtering
2024-08-14 15:41:15,648 INFO [http-nio-9999-exec-8] c.d.a.f.GetDetails [GetDetails.java:170] 
Inside get error codes.
2024-08-14 15:41:15,733 INFO [http-nio-9999-exec-8] c.d.a.f.AuthenticationFilter [AuthenticationFilter.java:30] 
inside request param validation
2024-08-14 15:41:15,733 INFO [http-nio-9999-exec-8] c.d.a.f.AuthenticationFilter [AuthenticationFilter.java:76] 
In Timestamp validation
2024-08-14 15:41:15,734 INFO [http-nio-9999-exec-8] c.d.a.f.AuthenticationFilter [AuthenticationFilter.java:82] 
The timestamp difference is--
2024-08-14 15:41:15,734 INFO [http-nio-9999-exec-8] c.d.a.f.AuthenticationFilter [AuthenticationFilter.java:122] 
Validating auth key for consumerCode ESP with auth key 36997d562e054a318475c4025b913338
2024-08-14 15:41:15,734 INFO [http-nio-9999-exec-8] c.d.a.f.AuthenticationFilter [AuthenticationFilter.java:139] 
Inside getAuthKeyFromDB..
2024-08-14 15:41:15,853 INFO [http-nio-9999-exec-8] c.d.a.f.AuthenticationFilter [AuthenticationFilter.java:124] 
Auth Key from DB for Consumer code ESP is  36997d562e054a318475c4025b913338
2024-08-14 15:41:15,854 INFO [http-nio-9999-exec-8] c.d.a.f.AuthenticationFilter [AuthenticationFilter.java:139] 
Inside getAuthKeyFromDB..
2024-08-14 15:41:15,927 INFO [http-nio-9999-exec-8] c.d.a.f.AuthenticationFilter [AuthenticationFilter.java:175] 
Whitelisted
2024-08-14 15:41:15,927 INFO [http-nio-9999-exec-8] c.d.a.f.AuthenticationFilter [AuthenticationFilter.java:187] 
Inside is whiteListed
2024-08-14 15:41:16,117 DEBUG [http-nio-9999-exec-8] c.d.a.f.AuthenticationFilter [AuthenticationFilter.java:234] 
Consumer allowed for getBillData
2024-08-14 15:41:16,126 INFO [http-nio-9999-exec-8] c.d.a.s.DiamServiceVer2 [DiamServiceVer2.java:435] 
Entered::AbstractEmailDelivery::getRestTemplate()
2024-08-14 15:41:16,130 DEBUG [http-nio-9999-exec-8] o.s.w.c.RestTemplate [CompositeLog.java:127] 
HTTP GET http://10.180.10.20/api/v1/GetBillData?BillId=52344072&ccbAccount=7566073616
2024-08-14 15:41:16,132 DEBUG [http-nio-9999-exec-8] o.s.w.c.RestTemplate [CompositeLog.java:127] 
Accept=[text/plain, application/json, application/*+json, */*]
2024-08-14 15:41:16,522 DEBUG [http-nio-9999-exec-8] o.s.w.c.RestTemplate [CompositeLog.java:127] 
Response 200 OK
2024-08-14 15:41:16,523 DEBUG [http-nio-9999-exec-8] o.s.w.c.RestTemplate [CompositeLog.java:127] 
Reading to [java.lang.String] as "application/json;charset=utf-8"
2024-08-14 15:41:16,526 DEBUG [http-nio-9999-exec-8] o.s.w.s.m.m.a.HttpEntityMethodProcessor [AbstractMessageConverterMethodProcessor.java:275] 
Using 'application/json', given [*/*] and supported [application/json]
2024-08-14 15:41:16,526 DEBUG [http-nio-9999-exec-8] o.s.w.s.m.m.a.HttpEntityMethodProcessor [LogFormatUtils.java:120] 
Writing ["{"BID":52344072,"BillId":"756409687472","ccbAccountNumber":"7566073616","LegacyAccountNumber":"03851 (truncated)..."]
2024-08-14 15:41:16,532 INFO [http-nio-9999-exec-8] c.d.a.p.AuditLogProcessor [AuditLogProcessor.java:31] 
Auditing records in AuditData Processor.
2024-08-14 15:41:16,696 INFO [pool-5-thread-1] c.d.a.p.AuditLogProcessor [AuditLogProcessor.java:83] 
Auditing in database.
2024-08-14 15:41:16,699 DEBUG [http-nio-9999-exec-8] o.s.w.s.DispatcherServlet [FrameworkServlet.java:1138] 
Completed 200 OK
2024-08-14 15:43:07,091 DEBUG [http-nio-9999-exec-1] o.s.w.s.DispatcherServlet [LogFormatUtils.java:120] 
GET "/api/v2/GetBillPdf?billID=52344072&ccbAccount=7566073616", parameters={masked}
2024-08-14 15:43:07,093 DEBUG [http-nio-9999-exec-1] o.s.w.s.m.m.a.RequestMappingHandlerMapping [AbstractHandlerMapping.java:531] 
Mapped to com.diam.app.controller.DiamControllerVer2#getBillPdf(String, String, HttpServletRequest, HttpServletResponse, Map)
2024-08-14 15:43:07,093 INFO [http-nio-9999-exec-1] c.d.a.i.BaseInterceptor [BaseInterceptor.java:53] 
Inside prehandle
2024-08-14 15:43:07,097 INFO [http-nio-9999-exec-1] c.d.a.i.BaseInterceptor [BaseInterceptor.java:233] 
############Request Processing started for request-id ab and esbURL is /api/v2/GetBillPdf
2024-08-14 15:43:07,100 INFO [http-nio-9999-exec-1] c.d.a.f.GetDetails [GetDetails.java:20] 
Inside getEncryption status.. for service code GetBillPdf
2024-08-14 15:43:07,208 DEBUG [http-nio-9999-exec-1] c.d.a.f.GetDetails [GetDetails.java:33] 
Encryption status is N
2024-08-14 15:43:07,210 INFO [http-nio-9999-exec-1] c.d.a.i.BaseInterceptor [BaseInterceptor.java:270] 
Inside DDOS filtering
2024-08-14 15:43:07,210 INFO [http-nio-9999-exec-1] c.d.a.f.GetDetails [GetDetails.java:170] 
Inside get error codes.
2024-08-14 15:43:07,332 INFO [http-nio-9999-exec-1] c.d.a.f.AuthenticationFilter [AuthenticationFilter.java:30] 
inside request param validation
2024-08-14 15:43:07,333 INFO [http-nio-9999-exec-1] c.d.a.f.AuthenticationFilter [AuthenticationFilter.java:76] 
In Timestamp validation
2024-08-14 15:43:07,333 INFO [http-nio-9999-exec-1] c.d.a.f.AuthenticationFilter [AuthenticationFilter.java:82] 
The timestamp difference is--
2024-08-14 15:43:07,333 INFO [http-nio-9999-exec-1] c.d.a.f.AuthenticationFilter [AuthenticationFilter.java:122] 
Validating auth key for consumerCode ESP with auth key 36997d562e054a318475c4025b913338
2024-08-14 15:43:07,333 INFO [http-nio-9999-exec-1] c.d.a.f.AuthenticationFilter [AuthenticationFilter.java:139] 
Inside getAuthKeyFromDB..
2024-08-14 15:43:07,429 INFO [http-nio-9999-exec-1] c.d.a.f.AuthenticationFilter [AuthenticationFilter.java:124] 
Auth Key from DB for Consumer code ESP is  36997d562e054a318475c4025b913338
2024-08-14 15:43:07,430 INFO [http-nio-9999-exec-1] c.d.a.f.AuthenticationFilter [AuthenticationFilter.java:139] 
Inside getAuthKeyFromDB..
2024-08-14 15:43:07,552 INFO [http-nio-9999-exec-1] c.d.a.f.AuthenticationFilter [AuthenticationFilter.java:175] 
Whitelisted
2024-08-14 15:43:07,553 INFO [http-nio-9999-exec-1] c.d.a.f.AuthenticationFilter [AuthenticationFilter.java:187] 
Inside is whiteListed
2024-08-14 15:43:07,635 DEBUG [http-nio-9999-exec-1] c.d.a.f.AuthenticationFilter [AuthenticationFilter.java:234] 
Consumer allowed for GetBillPdf
2024-08-14 15:43:07,639 INFO [http-nio-9999-exec-1] c.d.a.s.DiamServiceVer2 [DiamServiceVer2.java:435] 
Entered::AbstractEmailDelivery::getRestTemplate()
2024-08-14 15:43:07,647 DEBUG [http-nio-9999-exec-1] o.s.w.c.RestTemplate [CompositeLog.java:127] 
HTTP GET http://10.180.10.20/api/v1/GetBillPdf?billID=52344072&ccbAccount=7566073616
2024-08-14 15:43:07,648 DEBUG [http-nio-9999-exec-1] o.s.w.c.RestTemplate [CompositeLog.java:127] 
Accept=[text/plain, application/json, application/*+json, */*]
2024-08-14 15:43:08,127 DEBUG [http-nio-9999-exec-1] o.s.w.c.RestTemplate [CompositeLog.java:127] 
Response 200 OK
2024-08-14 15:43:08,144 DEBUG [http-nio-9999-exec-1] o.s.w.c.RestTemplate [CompositeLog.java:127] 
Reading to [java.lang.String] as "application/pdf"
2024-08-14 15:43:08,451 DEBUG [http-nio-9999-exec-1] o.s.w.s.m.m.a.HttpEntityMethodProcessor [AbstractMessageConverterMethodProcessor.java:275] 
Using 'application/json', given [*/*] and supported [application/json]
2024-08-14 15:43:08,452 DEBUG [http-nio-9999-exec-1] o.s.w.s.m.m.a.HttpEntityMethodProcessor [LogFormatUtils.java:120] 
Writing ["{"responseHeader":{"esbStatus":"SUCCESS", "targetStatus":" SUCCESS","esbResponseCode":"200" },"respo (truncated)..."]
2024-08-14 15:43:08,917 INFO [http-nio-9999-exec-1] c.d.a.p.AuditLogProcessor [AuditLogProcessor.java:31] 
Auditing records in AuditData Processor.
2024-08-14 15:43:09,728 INFO [pool-6-thread-1] c.d.a.p.AuditLogProcessor [AuditLogProcessor.java:83] 
Auditing in database.
2024-08-14 15:43:09,730 DEBUG [http-nio-9999-exec-1] o.s.w.s.DispatcherServlet [FrameworkServlet.java:1138] 
Completed 200 OK
