2024-09-11 11:43:55,415 DEBUG [http-nio-9999-exec-2] o.s.w.s.DispatcherServlet [LogFormatUtils.java:120] 
GET "/api/v2/InquiryPayment?TrackID=41928E2007051828570&Gateway=CS", parameters={masked}
2024-09-11 11:43:55,450 DEBUG [http-nio-9999-exec-2] o.s.w.s.m.m.a.RequestMappingHandlerMapping [AbstractHandlerMapping.java:531] 
Mapped to com.diam.app.controller.DiamControllerVer2#inquiryPayment(String, String, HttpServletRequest, HttpServletResponse, Map)
2024-09-11 11:43:55,450 INFO [http-nio-9999-exec-2] c.d.a.i.BaseInterceptor [BaseInterceptor.java:53] 
Inside prehandle
2024-09-11 11:43:55,451 INFO [http-nio-9999-exec-2] c.d.a.i.BaseInterceptor [BaseInterceptor.java:233] 
############Request Processing started for request-id ab and esbURL is /api/v2/InquiryPayment
2024-09-11 11:43:55,453 INFO [http-nio-9999-exec-2] c.d.a.f.GetDetails [GetDetails.java:20] 
Inside getEncryption status.. for service code InquiryPayment
2024-09-11 11:43:55,534 DEBUG [http-nio-9999-exec-2] c.d.a.f.GetDetails [GetDetails.java:33] 
Encryption status is N
2024-09-11 11:43:55,536 INFO [http-nio-9999-exec-2] c.d.a.i.BaseInterceptor [BaseInterceptor.java:270] 
Inside DDOS filtering
2024-09-11 11:43:55,537 INFO [http-nio-9999-exec-2] c.d.a.f.GetDetails [GetDetails.java:170] 
Inside get error codes.
2024-09-11 11:43:55,604 INFO [http-nio-9999-exec-2] c.d.a.f.AuthenticationFilter [AuthenticationFilter.java:30] 
inside request param validation
2024-09-11 11:43:55,604 INFO [http-nio-9999-exec-2] c.d.a.f.AuthenticationFilter [AuthenticationFilter.java:76] 
In Timestamp validation
2024-09-11 11:43:55,605 INFO [http-nio-9999-exec-2] c.d.a.f.AuthenticationFilter [AuthenticationFilter.java:82] 
The timestamp difference is--
2024-09-11 11:43:55,605 INFO [http-nio-9999-exec-2] c.d.a.f.AuthenticationFilter [AuthenticationFilter.java:122] 
Validating auth key for consumerCode ESP with auth key 36997d562e054a318475c4025b913338
2024-09-11 11:43:55,605 INFO [http-nio-9999-exec-2] c.d.a.f.AuthenticationFilter [AuthenticationFilter.java:139] 
Inside getAuthKeyFromDB..
2024-09-11 11:43:55,668 INFO [http-nio-9999-exec-2] c.d.a.f.AuthenticationFilter [AuthenticationFilter.java:124] 
Auth Key from DB for Consumer code ESP is  
2024-09-11 11:43:55,668 INFO [http-nio-9999-exec-2] c.d.a.f.AuthenticationFilter [AuthenticationFilter.java:129] 
Auth key Validated false
2024-09-11 11:43:55,668 ERROR [http-nio-9999-exec-2] c.d.a.i.BaseInterceptor [BaseInterceptor.java:344] 
Invalid auth key or consumer code sent by request id ab
2024-09-11 11:43:55,669 INFO [http-nio-9999-exec-2] c.d.a.p.ExceptionProcessor [ExceptionProcessor.java:28] 
Auditing records in AuditDataProcessor.
2024-09-11 11:43:55,964 INFO [pool-16-thread-1] c.d.a.p.ExceptionProcessor [ExceptionProcessor.java:80] 
Auditing in database.
2024-09-11 11:43:55,966 DEBUG [http-nio-9999-exec-2] o.s.w.s.DispatcherServlet [FrameworkServlet.java:1138] 
Completed 200 OK
2024-09-11 11:46:04,965 DEBUG [http-nio-9999-exec-5] o.s.w.s.DispatcherServlet [LogFormatUtils.java:120] 
GET "/api/v2/InquiryPayment?TrackID=41928E2007051828570&Gateway=CS", parameters={masked}
2024-09-11 11:46:04,967 DEBUG [http-nio-9999-exec-5] o.s.w.s.m.m.a.RequestMappingHandlerMapping [AbstractHandlerMapping.java:531] 
Mapped to com.diam.app.controller.DiamControllerVer2#inquiryPayment(String, String, HttpServletRequest, HttpServletResponse, Map)
2024-09-11 11:46:04,967 INFO [http-nio-9999-exec-5] c.d.a.i.BaseInterceptor [BaseInterceptor.java:53] 
Inside prehandle
2024-09-11 11:46:04,968 INFO [http-nio-9999-exec-5] c.d.a.i.BaseInterceptor [BaseInterceptor.java:233] 
############Request Processing started for request-id ab and esbURL is /api/v2/InquiryPayment
2024-09-11 11:46:04,968 INFO [http-nio-9999-exec-5] c.d.a.f.GetDetails [GetDetails.java:20] 
Inside getEncryption status.. for service code InquiryPayment
2024-09-11 11:46:05,042 DEBUG [http-nio-9999-exec-5] c.d.a.f.GetDetails [GetDetails.java:33] 
Encryption status is N
2024-09-11 11:46:05,044 INFO [http-nio-9999-exec-5] c.d.a.i.BaseInterceptor [BaseInterceptor.java:270] 
Inside DDOS filtering
2024-09-11 11:46:05,044 INFO [http-nio-9999-exec-5] c.d.a.f.GetDetails [GetDetails.java:170] 
Inside get error codes.
2024-09-11 11:46:05,170 INFO [http-nio-9999-exec-5] c.d.a.f.AuthenticationFilter [AuthenticationFilter.java:30] 
inside request param validation
2024-09-11 11:46:05,170 INFO [http-nio-9999-exec-5] c.d.a.f.AuthenticationFilter [AuthenticationFilter.java:76] 
In Timestamp validation
2024-09-11 11:46:05,170 INFO [http-nio-9999-exec-5] c.d.a.f.AuthenticationFilter [AuthenticationFilter.java:82] 
The timestamp difference is--
2024-09-11 11:46:05,170 INFO [http-nio-9999-exec-5] c.d.a.f.AuthenticationFilter [AuthenticationFilter.java:122] 
Validating auth key for consumerCode ESP with auth key 36997d562e054a318475c4025b913338
2024-09-11 11:46:05,171 INFO [http-nio-9999-exec-5] c.d.a.f.AuthenticationFilter [AuthenticationFilter.java:139] 
Inside getAuthKeyFromDB..
2024-09-11 11:46:05,235 INFO [http-nio-9999-exec-5] c.d.a.f.AuthenticationFilter [AuthenticationFilter.java:124] 
Auth Key from DB for Consumer code ESP is  
2024-09-11 11:46:05,235 INFO [http-nio-9999-exec-5] c.d.a.f.AuthenticationFilter [AuthenticationFilter.java:129] 
Auth key Validated false
2024-09-11 11:46:05,236 ERROR [http-nio-9999-exec-5] c.d.a.i.BaseInterceptor [BaseInterceptor.java:344] 
Invalid auth key or consumer code sent by request id ab
2024-09-11 11:46:05,236 INFO [http-nio-9999-exec-5] c.d.a.p.ExceptionProcessor [ExceptionProcessor.java:28] 
Auditing records in AuditDataProcessor.
2024-09-11 11:46:05,323 INFO [pool-17-thread-1] c.d.a.p.ExceptionProcessor [ExceptionProcessor.java:80] 
Auditing in database.
2024-09-11 11:46:05,326 DEBUG [http-nio-9999-exec-5] o.s.w.s.DispatcherServlet [FrameworkServlet.java:1138] 
Completed 200 OK
2024-09-11 11:46:28,324 DEBUG [http-nio-9999-exec-7] o.s.w.s.DispatcherServlet [LogFormatUtils.java:120] 
GET "/api/v2/getBillData?BillId=52344072&ccbAccount=7566073616", parameters={masked}
2024-09-11 11:46:28,324 DEBUG [http-nio-9999-exec-7] o.s.w.s.m.m.a.RequestMappingHandlerMapping [AbstractHandlerMapping.java:531] 
Mapped to com.diam.app.controller.DiamControllerVer2#getBillDataService(String, String, HttpServletRequest, HttpServletResponse, Map)
2024-09-11 11:46:28,325 INFO [http-nio-9999-exec-7] c.d.a.i.BaseInterceptor [BaseInterceptor.java:53] 
Inside prehandle
2024-09-11 11:46:28,325 INFO [http-nio-9999-exec-7] c.d.a.i.BaseInterceptor [BaseInterceptor.java:233] 
############Request Processing started for request-id ab and esbURL is /api/v2/getBillData
2024-09-11 11:46:28,325 INFO [http-nio-9999-exec-7] c.d.a.f.GetDetails [GetDetails.java:20] 
Inside getEncryption status.. for service code getBillData
2024-09-11 11:46:28,407 DEBUG [http-nio-9999-exec-7] c.d.a.f.GetDetails [GetDetails.java:33] 
Encryption status is N
2024-09-11 11:46:28,412 INFO [http-nio-9999-exec-7] c.d.a.i.BaseInterceptor [BaseInterceptor.java:270] 
Inside DDOS filtering
2024-09-11 11:46:28,412 INFO [http-nio-9999-exec-7] c.d.a.f.GetDetails [GetDetails.java:170] 
Inside get error codes.
2024-09-11 11:46:28,490 INFO [http-nio-9999-exec-7] c.d.a.f.AuthenticationFilter [AuthenticationFilter.java:30] 
inside request param validation
2024-09-11 11:46:28,490 INFO [http-nio-9999-exec-7] c.d.a.f.AuthenticationFilter [AuthenticationFilter.java:76] 
In Timestamp validation
2024-09-11 11:46:28,490 INFO [http-nio-9999-exec-7] c.d.a.f.AuthenticationFilter [AuthenticationFilter.java:82] 
The timestamp difference is--
2024-09-11 11:46:28,491 ERROR [http-nio-9999-exec-7] c.d.a.i.BaseInterceptor [BaseInterceptor.java:334] 
Invalid timestamp
2024-09-11 11:46:28,491 INFO [http-nio-9999-exec-7] c.d.a.p.ExceptionProcessor [ExceptionProcessor.java:28] 
Auditing records in AuditDataProcessor.
2024-09-11 11:46:28,630 INFO [pool-18-thread-1] c.d.a.p.ExceptionProcessor [ExceptionProcessor.java:80] 
Auditing in database.
2024-09-11 11:46:28,632 DEBUG [http-nio-9999-exec-7] o.s.w.s.DispatcherServlet [FrameworkServlet.java:1138] 
Completed 200 OK
2024-09-11 11:46:47,752 DEBUG [http-nio-9999-exec-8] o.s.w.s.DispatcherServlet [LogFormatUtils.java:120] 
GET "/api/v2/getBillData?BillId=52344072&ccbAccount=7566073616", parameters={masked}
2024-09-11 11:46:47,753 DEBUG [http-nio-9999-exec-8] o.s.w.s.m.m.a.RequestMappingHandlerMapping [AbstractHandlerMapping.java:531] 
Mapped to com.diam.app.controller.DiamControllerVer2#getBillDataService(String, String, HttpServletRequest, HttpServletResponse, Map)
2024-09-11 11:46:47,758 INFO [http-nio-9999-exec-8] c.d.a.i.BaseInterceptor [BaseInterceptor.java:53] 
Inside prehandle
2024-09-11 11:46:47,758 INFO [http-nio-9999-exec-8] c.d.a.i.BaseInterceptor [BaseInterceptor.java:233] 
############Request Processing started for request-id ab and esbURL is /api/v2/getBillData
2024-09-11 11:46:47,759 INFO [http-nio-9999-exec-8] c.d.a.f.GetDetails [GetDetails.java:20] 
Inside getEncryption status.. for service code getBillData
2024-09-11 11:46:47,840 DEBUG [http-nio-9999-exec-8] c.d.a.f.GetDetails [GetDetails.java:33] 
Encryption status is N
2024-09-11 11:46:47,841 INFO [http-nio-9999-exec-8] c.d.a.i.BaseInterceptor [BaseInterceptor.java:270] 
Inside DDOS filtering
2024-09-11 11:46:47,842 INFO [http-nio-9999-exec-8] c.d.a.f.GetDetails [GetDetails.java:170] 
Inside get error codes.
2024-09-11 11:46:47,927 INFO [http-nio-9999-exec-8] c.d.a.f.AuthenticationFilter [AuthenticationFilter.java:30] 
inside request param validation
2024-09-11 11:46:47,928 INFO [http-nio-9999-exec-8] c.d.a.f.AuthenticationFilter [AuthenticationFilter.java:76] 
In Timestamp validation
2024-09-11 11:46:47,928 INFO [http-nio-9999-exec-8] c.d.a.f.AuthenticationFilter [AuthenticationFilter.java:82] 
The timestamp difference is--
2024-09-11 11:46:47,929 INFO [http-nio-9999-exec-8] c.d.a.f.AuthenticationFilter [AuthenticationFilter.java:122] 
Validating auth key for consumerCode ESP with auth key 36997d562e054a318475c4025b913338
2024-09-11 11:46:47,929 INFO [http-nio-9999-exec-8] c.d.a.f.AuthenticationFilter [AuthenticationFilter.java:139] 
Inside getAuthKeyFromDB..
2024-09-11 11:46:48,007 INFO [http-nio-9999-exec-8] c.d.a.f.AuthenticationFilter [AuthenticationFilter.java:124] 
Auth Key from DB for Consumer code ESP is  
2024-09-11 11:46:48,007 INFO [http-nio-9999-exec-8] c.d.a.f.AuthenticationFilter [AuthenticationFilter.java:129] 
Auth key Validated false
2024-09-11 11:46:48,008 ERROR [http-nio-9999-exec-8] c.d.a.i.BaseInterceptor [BaseInterceptor.java:344] 
Invalid auth key or consumer code sent by request id ab
2024-09-11 11:46:48,008 INFO [http-nio-9999-exec-8] c.d.a.p.ExceptionProcessor [ExceptionProcessor.java:28] 
Auditing records in AuditDataProcessor.
2024-09-11 11:46:48,112 INFO [pool-19-thread-1] c.d.a.p.ExceptionProcessor [ExceptionProcessor.java:80] 
Auditing in database.
2024-09-11 11:46:48,118 DEBUG [http-nio-9999-exec-8] o.s.w.s.DispatcherServlet [FrameworkServlet.java:1138] 
Completed 200 OK
