2024-08-19 14:24:35,094 DEBUG [http-nio-9999-exec-3] o.s.w.s.DispatcherServlet [LogFormatUtils.java:120] 
GET "/api/v2/GetBill64?BID=52344072&ccAccount=7566073616", parameters={masked}
2024-08-19 14:24:35,106 DEBUG [http-nio-9999-exec-3] o.s.w.s.m.m.a.RequestMappingHandlerMapping [AbstractHandlerMapping.java:531] 
Mapped to com.diam.app.controller.DiamControllerVer2#getBill64(String, String, HttpServletRequest, HttpServletResponse, Map)
2024-08-19 14:24:35,107 INFO [http-nio-9999-exec-3] c.d.a.i.BaseInterceptor [BaseInterceptor.java:53] 
Inside prehandle
2024-08-19 14:24:35,107 INFO [http-nio-9999-exec-3] c.d.a.i.BaseInterceptor [BaseInterceptor.java:233] 
############Request Processing started for request-id ab and esbURL is /api/v2/GetBill64
2024-08-19 14:24:35,109 INFO [http-nio-9999-exec-3] c.d.a.f.GetDetails [GetDetails.java:20] 
Inside getEncryption status.. for service code GetBill64
2024-08-19 14:24:35,221 DEBUG [http-nio-9999-exec-3] c.d.a.f.GetDetails [GetDetails.java:33] 
Encryption status is N
2024-08-19 14:24:35,227 INFO [http-nio-9999-exec-3] c.d.a.i.BaseInterceptor [BaseInterceptor.java:270] 
Inside DDOS filtering
2024-08-19 14:24:35,227 INFO [http-nio-9999-exec-3] c.d.a.f.GetDetails [GetDetails.java:170] 
Inside get error codes.
2024-08-19 14:24:35,318 INFO [http-nio-9999-exec-3] c.d.a.f.AuthenticationFilter [AuthenticationFilter.java:30] 
inside request param validation
2024-08-19 14:24:35,318 INFO [http-nio-9999-exec-3] c.d.a.f.AuthenticationFilter [AuthenticationFilter.java:76] 
In Timestamp validation
2024-08-19 14:24:35,319 INFO [http-nio-9999-exec-3] c.d.a.f.AuthenticationFilter [AuthenticationFilter.java:82] 
The timestamp difference is--
2024-08-19 14:24:35,320 INFO [http-nio-9999-exec-3] c.d.a.f.AuthenticationFilter [AuthenticationFilter.java:122] 
Validating auth key for consumerCode ESP with auth key 36997d562e054a318475c4025b913338
2024-08-19 14:24:35,320 INFO [http-nio-9999-exec-3] c.d.a.f.AuthenticationFilter [AuthenticationFilter.java:139] 
Inside getAuthKeyFromDB..
2024-08-19 14:24:35,398 INFO [http-nio-9999-exec-3] c.d.a.f.AuthenticationFilter [AuthenticationFilter.java:124] 
Auth Key from DB for Consumer code ESP is  36997d562e054a318475c4025b913338
2024-08-19 14:24:35,399 INFO [http-nio-9999-exec-3] c.d.a.f.AuthenticationFilter [AuthenticationFilter.java:139] 
Inside getAuthKeyFromDB..
2024-08-19 14:24:35,476 INFO [http-nio-9999-exec-3] c.d.a.f.AuthenticationFilter [AuthenticationFilter.java:175] 
Whitelisted
2024-08-19 14:24:35,477 INFO [http-nio-9999-exec-3] c.d.a.f.AuthenticationFilter [AuthenticationFilter.java:187] 
Inside is whiteListed
2024-08-19 14:24:35,553 DEBUG [http-nio-9999-exec-3] c.d.a.f.AuthenticationFilter [AuthenticationFilter.java:234] 
Consumer allowed for GetBill64
2024-08-19 14:24:35,561 DEBUG [http-nio-9999-exec-3] o.s.w.m.HandlerMethod [InvocableHandlerMethod.java:231] 
Could not resolve parameter [1] in public org.springframework.http.ResponseEntity<java.lang.String> com.diam.app.controller.DiamControllerVer2.getBill64(java.lang.String,java.lang.String,jakarta.servlet.http.HttpServletRequest,jakarta.servlet.http.HttpServletResponse,java.util.Map<java.lang.String, java.lang.String>) throws java.lang.Exception: Required request parameter 'ccbAccount' for method parameter type String is not present
2024-08-19 14:24:35,567 DEBUG [http-nio-9999-exec-3] o.s.w.s.m.m.a.ExceptionHandlerExceptionResolver [ExceptionHandlerExceptionResolver.java:420] 
Using @ExceptionHandler com.diam.app.exception.GlobalExceptionHandler#handleMissingParams(MissingServletRequestParameterException)
2024-08-19 14:24:35,576 DEBUG [http-nio-9999-exec-3] o.s.w.s.m.m.a.HttpEntityMethodProcessor [AbstractMessageConverterMethodProcessor.java:275] 
Using 'text/plain', given [*/*] and supported [text/plain, */*, application/json, application/*+json]
2024-08-19 14:24:35,577 DEBUG [http-nio-9999-exec-3] o.s.w.s.m.m.a.HttpEntityMethodProcessor [LogFormatUtils.java:120] 
Writing ["Required request parameter 'ccbAccount' is missing"]
2024-08-19 14:24:35,960 DEBUG [http-nio-9999-exec-3] o.s.w.s.m.m.a.ExceptionHandlerExceptionResolver [AbstractHandlerExceptionResolver.java:179] 
Resolved [org.springframework.web.bind.MissingServletRequestParameterException: Required request parameter 'ccbAccount' for method parameter type String is not present]
2024-08-19 14:24:35,961 INFO [http-nio-9999-exec-3] c.d.a.p.AuditLogProcessor [AuditLogProcessor.java:31] 
Auditing records in AuditData Processor.
2024-08-19 14:24:36,279 INFO [pool-3-thread-1] c.d.a.p.AuditLogProcessor [AuditLogProcessor.java:83] 
Auditing in database.
2024-08-19 14:24:36,282 DEBUG [http-nio-9999-exec-3] o.s.w.s.DispatcherServlet [FrameworkServlet.java:1138] 
Completed 400 BAD_REQUEST
2024-08-19 14:25:12,750 DEBUG [http-nio-9999-exec-4] o.s.w.s.DispatcherServlet [LogFormatUtils.java:120] 
GET "/api/v2/GetBill64?BId=52344072&ccbAccount=7566073616", parameters={masked}
2024-08-19 14:25:12,751 DEBUG [http-nio-9999-exec-4] o.s.w.s.m.m.a.RequestMappingHandlerMapping [AbstractHandlerMapping.java:531] 
Mapped to com.diam.app.controller.DiamControllerVer2#getBill64(String, String, HttpServletRequest, HttpServletResponse, Map)
2024-08-19 14:25:12,751 INFO [http-nio-9999-exec-4] c.d.a.i.BaseInterceptor [BaseInterceptor.java:53] 
Inside prehandle
2024-08-19 14:25:12,752 INFO [http-nio-9999-exec-4] c.d.a.i.BaseInterceptor [BaseInterceptor.java:233] 
############Request Processing started for request-id ab and esbURL is /api/v2/GetBill64
2024-08-19 14:25:12,752 INFO [http-nio-9999-exec-4] c.d.a.f.GetDetails [GetDetails.java:20] 
Inside getEncryption status.. for service code GetBill64
2024-08-19 14:25:12,832 DEBUG [http-nio-9999-exec-4] c.d.a.f.GetDetails [GetDetails.java:33] 
Encryption status is N
2024-08-19 14:25:12,833 INFO [http-nio-9999-exec-4] c.d.a.i.BaseInterceptor [BaseInterceptor.java:270] 
Inside DDOS filtering
2024-08-19 14:25:12,833 INFO [http-nio-9999-exec-4] c.d.a.f.GetDetails [GetDetails.java:170] 
Inside get error codes.
2024-08-19 14:25:12,916 INFO [http-nio-9999-exec-4] c.d.a.f.AuthenticationFilter [AuthenticationFilter.java:30] 
inside request param validation
2024-08-19 14:25:12,917 INFO [http-nio-9999-exec-4] c.d.a.f.AuthenticationFilter [AuthenticationFilter.java:76] 
In Timestamp validation
2024-08-19 14:25:12,917 INFO [http-nio-9999-exec-4] c.d.a.f.AuthenticationFilter [AuthenticationFilter.java:82] 
The timestamp difference is--
2024-08-19 14:25:12,917 INFO [http-nio-9999-exec-4] c.d.a.f.AuthenticationFilter [AuthenticationFilter.java:122] 
Validating auth key for consumerCode ESP with auth key 36997d562e054a318475c4025b913338
2024-08-19 14:25:12,918 INFO [http-nio-9999-exec-4] c.d.a.f.AuthenticationFilter [AuthenticationFilter.java:139] 
Inside getAuthKeyFromDB..
2024-08-19 14:25:12,996 INFO [http-nio-9999-exec-4] c.d.a.f.AuthenticationFilter [AuthenticationFilter.java:124] 
Auth Key from DB for Consumer code ESP is  36997d562e054a318475c4025b913338
2024-08-19 14:25:12,997 INFO [http-nio-9999-exec-4] c.d.a.f.AuthenticationFilter [AuthenticationFilter.java:139] 
Inside getAuthKeyFromDB..
2024-08-19 14:25:13,107 INFO [http-nio-9999-exec-4] c.d.a.f.AuthenticationFilter [AuthenticationFilter.java:175] 
Whitelisted
2024-08-19 14:25:13,108 INFO [http-nio-9999-exec-4] c.d.a.f.AuthenticationFilter [AuthenticationFilter.java:187] 
Inside is whiteListed
2024-08-19 14:25:13,291 DEBUG [http-nio-9999-exec-4] c.d.a.f.AuthenticationFilter [AuthenticationFilter.java:234] 
Consumer allowed for GetBill64
2024-08-19 14:25:13,293 DEBUG [http-nio-9999-exec-4] o.s.w.m.HandlerMethod [InvocableHandlerMethod.java:231] 
Could not resolve parameter [0] in public org.springframework.http.ResponseEntity<java.lang.String> com.diam.app.controller.DiamControllerVer2.getBill64(java.lang.String,java.lang.String,jakarta.servlet.http.HttpServletRequest,jakarta.servlet.http.HttpServletResponse,java.util.Map<java.lang.String, java.lang.String>) throws java.lang.Exception: Required request parameter 'BID' for method parameter type String is not present
2024-08-19 14:25:13,294 DEBUG [http-nio-9999-exec-4] o.s.w.s.m.m.a.ExceptionHandlerExceptionResolver [ExceptionHandlerExceptionResolver.java:420] 
Using @ExceptionHandler com.diam.app.exception.GlobalExceptionHandler#handleMissingParams(MissingServletRequestParameterException)
2024-08-19 14:25:13,296 DEBUG [http-nio-9999-exec-4] o.s.w.s.m.m.a.HttpEntityMethodProcessor [AbstractMessageConverterMethodProcessor.java:275] 
Using 'text/plain', given [*/*] and supported [text/plain, */*, application/json, application/*+json]
2024-08-19 14:25:13,296 DEBUG [http-nio-9999-exec-4] o.s.w.s.m.m.a.HttpEntityMethodProcessor [LogFormatUtils.java:120] 
Writing ["Required request parameter 'BID' is missing"]
2024-08-19 14:25:13,300 DEBUG [http-nio-9999-exec-4] o.s.w.s.m.m.a.ExceptionHandlerExceptionResolver [AbstractHandlerExceptionResolver.java:179] 
Resolved [org.springframework.web.bind.MissingServletRequestParameterException: Required request parameter 'BID' for method parameter type String is not present]
2024-08-19 14:25:13,302 INFO [http-nio-9999-exec-4] c.d.a.p.AuditLogProcessor [AuditLogProcessor.java:31] 
Auditing records in AuditData Processor.
2024-08-19 14:25:13,572 INFO [pool-4-thread-1] c.d.a.p.AuditLogProcessor [AuditLogProcessor.java:83] 
Auditing in database.
2024-08-19 14:25:13,575 DEBUG [http-nio-9999-exec-4] o.s.w.s.DispatcherServlet [FrameworkServlet.java:1138] 
Completed 400 BAD_REQUEST
2024-08-19 14:26:26,781 INFO [RMI TCP Connection(9)-127.0.0.1] o.s.b.a.SpringApplicationAdminMXBeanRegistrar$SpringApplicationAdmin [SpringApplicationAdminMXBeanRegistrar.java:159] 
Application shutdown requested.
2024-08-19 14:26:26,782 DEBUG [RMI TCP Connection(9)-127.0.0.1] o.s.b.a.ApplicationAvailabilityBean [ApplicationAvailabilityBean.java:77] 
Application availability state ReadinessState changed from ACCEPTING_TRAFFIC to REFUSING_TRAFFIC
2024-08-19 14:26:26,783 DEBUG [RMI TCP Connection(9)-127.0.0.1] o.s.b.w.s.c.AnnotationConfigServletWebServerApplicationContext [AbstractApplicationContext.java:1134] 
Closing org.springframework.boot.web.servlet.context.AnnotationConfigServletWebServerApplicationContext@687a762c, started on Mon Aug 19 14:23:24 GST 2024
2024-08-19 14:26:26,787 DEBUG [RMI TCP Connection(9)-127.0.0.1] o.s.c.s.DefaultLifecycleProcessor [DefaultLifecycleProcessor.java:478] 
Stopping beans in phase 2147483647
2024-08-19 14:26:26,789 DEBUG [RMI TCP Connection(9)-127.0.0.1] o.s.c.s.DefaultLifecycleProcessor [DefaultLifecycleProcessor.java:350] 
Bean 'applicationTaskExecutor' completed its stop procedure
2024-08-19 14:26:26,789 DEBUG [RMI TCP Connection(9)-127.0.0.1] o.s.c.s.DefaultLifecycleProcessor [DefaultLifecycleProcessor.java:478] 
Stopping beans in phase 2147482623
2024-08-19 14:26:26,791 DEBUG [RMI TCP Connection(9)-127.0.0.1] o.s.c.s.DefaultLifecycleProcessor [DefaultLifecycleProcessor.java:350] 
Bean 'webServerGracefulShutdown' completed its stop procedure
2024-08-19 14:26:26,791 DEBUG [RMI TCP Connection(9)-127.0.0.1] o.s.c.s.DefaultLifecycleProcessor [DefaultLifecycleProcessor.java:478] 
Stopping beans in phase 2147481599
2024-08-19 14:26:26,792 INFO [RMI TCP Connection(9)-127.0.0.1] o.a.c.h.Http11NioProtocol [DirectJDKLog.java:173] 
Stopping ProtocolHandler ["http-nio-9999"]
2024-08-19 14:26:26,935 DEBUG [RMI TCP Connection(9)-127.0.0.1] o.s.c.s.DefaultLifecycleProcessor [DefaultLifecycleProcessor.java:350] 
Bean 'webServerStartStop' completed its stop procedure
2024-08-19 14:26:26,941 DEBUG [RMI TCP Connection(9)-127.0.0.1] o.s.c.s.DefaultLifecycleProcessor [DefaultLifecycleProcessor.java:478] 
Stopping beans in phase -2147483647
2024-08-19 14:26:26,941 DEBUG [RMI TCP Connection(9)-127.0.0.1] o.s.c.s.DefaultLifecycleProcessor [DefaultLifecycleProcessor.java:350] 
Bean 'springBootLoggingLifecycle' completed its stop procedure
2024-08-19 14:26:26,943 DEBUG [RMI TCP Connection(9)-127.0.0.1] o.s.j.e.a.AnnotationMBeanExporter [MBeanExporter.java:468] 
Unregistering JMX-exposed beans on shutdown
2024-08-19 14:26:26,945 DEBUG [RMI TCP Connection(9)-127.0.0.1] o.s.s.c.ThreadPoolTaskExecutor [ExecutorConfigurationSupport.java:328] 
Shutting down ExecutorService 'applicationTaskExecutor'
