2024-08-14 16:01:02,111 DEBUG [http-nio-9999-exec-5] o.s.w.s.DispatcherServlet [LogFormatUtils.java:120] 
GET "/api/v2/getBillData?BillId=52344072&ccbAccount=7566073616", parameters={masked}
2024-08-14 16:01:02,116 DEBUG [http-nio-9999-exec-5] o.s.w.s.m.m.a.RequestMappingHandlerMapping [AbstractHandlerMapping.java:531] 
Mapped to com.diam.app.controller.DiamControllerVer2#getBillDataService(String, String, HttpServletRequest, HttpServletResponse, Map)
2024-08-14 16:01:02,120 INFO [http-nio-9999-exec-5] c.d.a.i.BaseInterceptor [BaseInterceptor.java:53] 
Inside prehandle
2024-08-14 16:01:02,123 INFO [http-nio-9999-exec-5] c.d.a.i.BaseInterceptor [BaseInterceptor.java:233] 
############Request Processing started for request-id ab and esbURL is /api/v2/getBillData
2024-08-14 16:01:02,128 INFO [http-nio-9999-exec-5] c.d.a.f.GetDetails [GetDetails.java:20] 
Inside getEncryption status.. for service code getBillData
2024-08-14 16:01:02,225 DEBUG [http-nio-9999-exec-5] c.d.a.f.GetDetails [GetDetails.java:33] 
Encryption status is N
2024-08-14 16:01:02,232 INFO [http-nio-9999-exec-5] c.d.a.i.BaseInterceptor [BaseInterceptor.java:270] 
Inside DDOS filtering
2024-08-14 16:01:02,233 INFO [http-nio-9999-exec-5] c.d.a.f.GetDetails [GetDetails.java:170] 
Inside get error codes.
2024-08-14 16:01:02,341 INFO [http-nio-9999-exec-5] c.d.a.f.AuthenticationFilter [AuthenticationFilter.java:30] 
inside request param validation
2024-08-14 16:01:02,342 INFO [http-nio-9999-exec-5] c.d.a.f.AuthenticationFilter [AuthenticationFilter.java:76] 
In Timestamp validation
2024-08-14 16:01:02,342 INFO [http-nio-9999-exec-5] c.d.a.f.AuthenticationFilter [AuthenticationFilter.java:82] 
The timestamp difference is--
2024-08-14 16:01:02,343 ERROR [http-nio-9999-exec-5] c.d.a.i.BaseInterceptor [BaseInterceptor.java:334] 
Invalid timestamp
2024-08-14 16:01:02,343 INFO [http-nio-9999-exec-5] c.d.a.p.ExceptionProcessor [ExceptionProcessor.java:28] 
Auditing records in AuditDataProcessor.
2024-08-14 16:01:04,270 INFO [pool-7-thread-1] c.d.a.p.ExceptionProcessor [ExceptionProcessor.java:80] 
Auditing in database.
2024-08-14 16:01:04,277 DEBUG [http-nio-9999-exec-5] o.s.w.s.DispatcherServlet [FrameworkServlet.java:1138] 
Completed 200 OK
2024-08-14 16:02:18,077 DEBUG [http-nio-9999-exec-7] o.s.w.s.DispatcherServlet [LogFormatUtils.java:120] 
GET "/api/v2/getBillData?BillId=52344072&ccbAccount=7566073616", parameters={masked}
2024-08-14 16:02:18,078 DEBUG [http-nio-9999-exec-7] o.s.w.s.m.m.a.RequestMappingHandlerMapping [AbstractHandlerMapping.java:531] 
Mapped to com.diam.app.controller.DiamControllerVer2#getBillDataService(String, String, HttpServletRequest, HttpServletResponse, Map)
2024-08-14 16:02:18,078 INFO [http-nio-9999-exec-7] c.d.a.i.BaseInterceptor [BaseInterceptor.java:53] 
Inside prehandle
2024-08-14 16:02:18,079 INFO [http-nio-9999-exec-7] c.d.a.i.BaseInterceptor [BaseInterceptor.java:233] 
############Request Processing started for request-id ab and esbURL is /api/v2/getBillData
2024-08-14 16:02:18,079 INFO [http-nio-9999-exec-7] c.d.a.f.GetDetails [GetDetails.java:20] 
Inside getEncryption status.. for service code getBillData
2024-08-14 16:02:18,167 DEBUG [http-nio-9999-exec-7] c.d.a.f.GetDetails [GetDetails.java:33] 
Encryption status is N
2024-08-14 16:02:18,169 INFO [http-nio-9999-exec-7] c.d.a.i.BaseInterceptor [BaseInterceptor.java:270] 
Inside DDOS filtering
2024-08-14 16:02:18,169 INFO [http-nio-9999-exec-7] c.d.a.f.GetDetails [GetDetails.java:170] 
Inside get error codes.
2024-08-14 16:02:18,248 INFO [http-nio-9999-exec-7] c.d.a.f.AuthenticationFilter [AuthenticationFilter.java:30] 
inside request param validation
2024-08-14 16:02:18,248 INFO [http-nio-9999-exec-7] c.d.a.f.AuthenticationFilter [AuthenticationFilter.java:76] 
In Timestamp validation
2024-08-14 16:02:18,249 INFO [http-nio-9999-exec-7] c.d.a.f.AuthenticationFilter [AuthenticationFilter.java:82] 
The timestamp difference is--
2024-08-14 16:02:18,249 ERROR [http-nio-9999-exec-7] c.d.a.i.BaseInterceptor [BaseInterceptor.java:334] 
Invalid timestamp
2024-08-14 16:02:18,249 INFO [http-nio-9999-exec-7] c.d.a.p.ExceptionProcessor [ExceptionProcessor.java:28] 
Auditing records in AuditDataProcessor.
2024-08-14 16:02:18,331 INFO [pool-8-thread-1] c.d.a.p.ExceptionProcessor [ExceptionProcessor.java:80] 
Auditing in database.
2024-08-14 16:02:18,333 DEBUG [http-nio-9999-exec-7] o.s.w.s.DispatcherServlet [FrameworkServlet.java:1138] 
Completed 200 OK
2024-08-14 16:04:21,766 DEBUG [http-nio-9999-exec-2] o.s.w.s.DispatcherServlet [LogFormatUtils.java:120] 
GET "/api/v2/getBillData?BillId=52344072&ccbAccount=7566073616", parameters={masked}
2024-08-14 16:04:21,767 DEBUG [http-nio-9999-exec-2] o.s.w.s.m.m.a.RequestMappingHandlerMapping [AbstractHandlerMapping.java:531] 
Mapped to com.diam.app.controller.DiamControllerVer2#getBillDataService(String, String, HttpServletRequest, HttpServletResponse, Map)
2024-08-14 16:04:21,767 INFO [http-nio-9999-exec-2] c.d.a.i.BaseInterceptor [BaseInterceptor.java:53] 
Inside prehandle
2024-08-14 16:04:21,768 INFO [http-nio-9999-exec-2] c.d.a.i.BaseInterceptor [BaseInterceptor.java:233] 
############Request Processing started for request-id ab and esbURL is /api/v2/getBillData
2024-08-14 16:04:21,768 INFO [http-nio-9999-exec-2] c.d.a.f.GetDetails [GetDetails.java:20] 
Inside getEncryption status.. for service code getBillData
2024-08-14 16:04:21,844 DEBUG [http-nio-9999-exec-2] c.d.a.f.GetDetails [GetDetails.java:33] 
Encryption status is N
2024-08-14 16:04:21,846 INFO [http-nio-9999-exec-2] c.d.a.i.BaseInterceptor [BaseInterceptor.java:270] 
Inside DDOS filtering
2024-08-14 16:04:21,846 INFO [http-nio-9999-exec-2] c.d.a.f.GetDetails [GetDetails.java:170] 
Inside get error codes.
2024-08-14 16:04:21,931 INFO [http-nio-9999-exec-2] c.d.a.f.AuthenticationFilter [AuthenticationFilter.java:30] 
inside request param validation
2024-08-14 16:04:21,931 INFO [http-nio-9999-exec-2] c.d.a.f.AuthenticationFilter [AuthenticationFilter.java:76] 
In Timestamp validation
2024-08-14 16:04:21,932 INFO [http-nio-9999-exec-2] c.d.a.f.AuthenticationFilter [AuthenticationFilter.java:82] 
The timestamp difference is--
2024-08-14 16:04:21,933 INFO [http-nio-9999-exec-2] c.d.a.f.AuthenticationFilter [AuthenticationFilter.java:122] 
Validating auth key for consumerCode ESP with auth key 36997d562e054a318475c4025b913338
2024-08-14 16:04:21,934 INFO [http-nio-9999-exec-2] c.d.a.f.AuthenticationFilter [AuthenticationFilter.java:139] 
Inside getAuthKeyFromDB..
2024-08-14 16:04:22,063 INFO [http-nio-9999-exec-2] c.d.a.f.AuthenticationFilter [AuthenticationFilter.java:124] 
Auth Key from DB for Consumer code ESP is  36997d562e054a318475c4025b913338
2024-08-14 16:04:22,063 INFO [http-nio-9999-exec-2] c.d.a.f.AuthenticationFilter [AuthenticationFilter.java:139] 
Inside getAuthKeyFromDB..
2024-08-14 16:04:22,133 INFO [http-nio-9999-exec-2] c.d.a.f.AuthenticationFilter [AuthenticationFilter.java:175] 
Whitelisted
2024-08-14 16:04:22,133 INFO [http-nio-9999-exec-2] c.d.a.f.AuthenticationFilter [AuthenticationFilter.java:187] 
Inside is whiteListed
2024-08-14 16:04:22,218 DEBUG [http-nio-9999-exec-2] c.d.a.f.AuthenticationFilter [AuthenticationFilter.java:234] 
Consumer allowed for getBillData
2024-08-14 16:04:22,220 INFO [http-nio-9999-exec-2] c.d.a.s.DiamServiceVer2 [DiamServiceVer2.java:435] 
Entered::AbstractEmailDelivery::getRestTemplate()
2024-08-14 16:04:22,226 DEBUG [http-nio-9999-exec-2] o.s.w.c.RestTemplate [CompositeLog.java:127] 
HTTP GET http://10.180.10.20/api/v1/GetBillData?BillId=52344072&ccbAccount=7566073616
2024-08-14 16:04:22,226 DEBUG [http-nio-9999-exec-2] o.s.w.c.RestTemplate [CompositeLog.java:127] 
Accept=[text/plain, application/json, application/*+json, */*]
2024-08-14 16:04:22,680 DEBUG [http-nio-9999-exec-2] o.s.w.c.RestTemplate [CompositeLog.java:127] 
Response 200 OK
2024-08-14 16:04:22,681 DEBUG [http-nio-9999-exec-2] o.s.w.c.RestTemplate [CompositeLog.java:127] 
Reading to [java.lang.String] as "application/json;charset=utf-8"
2024-08-14 16:04:23,062 DEBUG [http-nio-9999-exec-2] o.s.w.s.m.m.a.HttpEntityMethodProcessor [AbstractMessageConverterMethodProcessor.java:275] 
Using 'application/json', given [*/*] and supported [application/json]
2024-08-14 16:04:23,063 DEBUG [http-nio-9999-exec-2] o.s.w.s.m.m.a.HttpEntityMethodProcessor [LogFormatUtils.java:120] 
Writing ["{"BID":52344072,"BillId":"756409687472","ccbAccountNumber":"7566073616","LegacyAccountNumber":"03851 (truncated)..."]
2024-08-14 16:04:23,461 INFO [http-nio-9999-exec-2] c.d.a.p.AuditLogProcessor [AuditLogProcessor.java:31] 
Auditing records in AuditData Processor.
2024-08-14 16:04:23,542 INFO [pool-9-thread-1] c.d.a.p.AuditLogProcessor [AuditLogProcessor.java:83] 
Auditing in database.
2024-08-14 16:04:23,546 DEBUG [http-nio-9999-exec-2] o.s.w.s.DispatcherServlet [FrameworkServlet.java:1138] 
Completed 200 OK
2024-08-14 16:08:04,685 INFO [RMI TCP Connection(262)-127.0.0.1] o.s.b.a.SpringApplicationAdminMXBeanRegistrar$SpringApplicationAdmin [SpringApplicationAdminMXBeanRegistrar.java:159] 
Application shutdown requested.
2024-08-14 16:08:04,687 DEBUG [RMI TCP Connection(262)-127.0.0.1] o.s.b.a.ApplicationAvailabilityBean [ApplicationAvailabilityBean.java:77] 
Application availability state ReadinessState changed from ACCEPTING_TRAFFIC to REFUSING_TRAFFIC
2024-08-14 16:08:04,687 DEBUG [RMI TCP Connection(262)-127.0.0.1] o.s.b.w.s.c.AnnotationConfigServletWebServerApplicationContext [AbstractApplicationContext.java:1134] 
Closing org.springframework.boot.web.servlet.context.AnnotationConfigServletWebServerApplicationContext@5922ae77, started on Wed Aug 14 11:52:38 GST 2024
2024-08-14 16:08:04,692 DEBUG [RMI TCP Connection(262)-127.0.0.1] o.s.c.s.DefaultLifecycleProcessor [DefaultLifecycleProcessor.java:478] 
Stopping beans in phase 2147483647
2024-08-14 16:08:04,694 DEBUG [RMI TCP Connection(262)-127.0.0.1] o.s.c.s.DefaultLifecycleProcessor [DefaultLifecycleProcessor.java:350] 
Bean 'applicationTaskExecutor' completed its stop procedure
2024-08-14 16:08:04,694 DEBUG [RMI TCP Connection(262)-127.0.0.1] o.s.c.s.DefaultLifecycleProcessor [DefaultLifecycleProcessor.java:478] 
Stopping beans in phase 2147482623
2024-08-14 16:08:04,695 DEBUG [RMI TCP Connection(262)-127.0.0.1] o.s.c.s.DefaultLifecycleProcessor [DefaultLifecycleProcessor.java:350] 
Bean 'webServerGracefulShutdown' completed its stop procedure
2024-08-14 16:08:04,696 DEBUG [RMI TCP Connection(262)-127.0.0.1] o.s.c.s.DefaultLifecycleProcessor [DefaultLifecycleProcessor.java:478] 
Stopping beans in phase 2147481599
2024-08-14 16:08:04,696 INFO [RMI TCP Connection(262)-127.0.0.1] o.a.c.h.Http11NioProtocol [DirectJDKLog.java:173] 
Stopping ProtocolHandler ["http-nio-9999"]
2024-08-14 16:08:05,784 DEBUG [RMI TCP Connection(262)-127.0.0.1] o.s.c.s.DefaultLifecycleProcessor [DefaultLifecycleProcessor.java:350] 
Bean 'webServerStartStop' completed its stop procedure
2024-08-14 16:08:05,784 DEBUG [RMI TCP Connection(262)-127.0.0.1] o.s.c.s.DefaultLifecycleProcessor [DefaultLifecycleProcessor.java:478] 
Stopping beans in phase -2147483647
2024-08-14 16:08:05,784 DEBUG [RMI TCP Connection(262)-127.0.0.1] o.s.c.s.DefaultLifecycleProcessor [DefaultLifecycleProcessor.java:350] 
Bean 'springBootLoggingLifecycle' completed its stop procedure
2024-08-14 16:08:05,785 DEBUG [RMI TCP Connection(262)-127.0.0.1] o.s.j.e.a.AnnotationMBeanExporter [MBeanExporter.java:468] 
Unregistering JMX-exposed beans on shutdown
2024-08-14 16:08:05,786 DEBUG [RMI TCP Connection(262)-127.0.0.1] o.s.s.c.ThreadPoolTaskExecutor [ExecutorConfigurationSupport.java:328] 
Shutting down ExecutorService 'applicationTaskExecutor'
