2024-09-11 16:06:58,589 DEBUG [http-nio-9999-exec-3] o.s.w.s.DispatcherServlet [LogFormatUtils.java:120] 
POST "/api/v2/getsocialbenefitdata", parameters={}
2024-09-11 16:06:58,596 DEBUG [http-nio-9999-exec-3] o.s.w.s.m.m.a.RequestMappingHandlerMapping [AbstractHandlerMapping.java:531] 
Mapped to com.diam.app.controller.DiamControllerVer2#getSocialBenefitData(Envelope, HttpServletRequest, HttpServletResponse)
2024-09-11 16:06:58,596 INFO [http-nio-9999-exec-3] c.d.a.i.BaseInterceptor [BaseInterceptor.java:53] 
Inside prehandle
2024-09-11 16:06:58,596 INFO [http-nio-9999-exec-3] c.d.a.i.BaseInterceptor [BaseInterceptor.java:558] 
############Request Processing started for request-id abc and esbURL is /api/v2/getsocialbenefitdata
2024-09-11 16:06:58,598 INFO [http-nio-9999-exec-3] c.d.a.f.GetDetails [GetDetails.java:20] 
Inside getEncryption status.. for service code getsocialbenefitdata
2024-09-11 16:06:58,671 DEBUG [http-nio-9999-exec-3] c.d.a.f.GetDetails [GetDetails.java:33] 
Encryption status is N
2024-09-11 16:06:58,674 INFO [http-nio-9999-exec-3] c.d.a.i.BaseInterceptor [BaseInterceptor.java:595] 
Inside DDOS filtering
2024-09-11 16:06:58,674 INFO [http-nio-9999-exec-3] c.d.a.f.GetDetails [GetDetails.java:170] 
Inside get error codes.
2024-09-11 16:06:58,745 INFO [http-nio-9999-exec-3] c.d.a.f.AuthenticationFilter [AuthenticationFilter.java:30] 
inside request param validation
2024-09-11 16:06:58,745 INFO [http-nio-9999-exec-3] c.d.a.f.AuthenticationFilter [AuthenticationFilter.java:76] 
In Timestamp validation
2024-09-11 16:06:58,746 INFO [http-nio-9999-exec-3] c.d.a.f.AuthenticationFilter [AuthenticationFilter.java:82] 
The timestamp difference is--
2024-09-11 16:06:58,746 INFO [http-nio-9999-exec-3] c.d.a.f.AuthenticationFilter [AuthenticationFilter.java:122] 
Validating auth key for consumerCode AMR with auth key 36997d562e054a318475c4025b913338
2024-09-11 16:06:58,746 INFO [http-nio-9999-exec-3] c.d.a.f.AuthenticationFilter [AuthenticationFilter.java:139] 
Inside getAuthKeyFromDB..
2024-09-11 16:06:58,833 INFO [http-nio-9999-exec-3] c.d.a.f.AuthenticationFilter [AuthenticationFilter.java:124] 
Auth Key from DB for Consumer code AMR is  7b138069c3f14c96a8944c819354d76b
2024-09-11 16:06:58,834 INFO [http-nio-9999-exec-3] c.d.a.f.AuthenticationFilter [AuthenticationFilter.java:129] 
Auth key Validated false
2024-09-11 16:06:58,834 ERROR [http-nio-9999-exec-3] c.d.a.i.BaseInterceptor [BaseInterceptor.java:672] 
Invalid auth key or consumer code sent by request id abc
2024-09-11 16:06:58,834 INFO [http-nio-9999-exec-3] c.d.a.p.ExceptionProcessor [ExceptionProcessor.java:28] 
Auditing records in AuditDataProcessor.
2024-09-11 16:06:58,973 INFO [pool-16-thread-1] c.d.a.p.ExceptionProcessor [ExceptionProcessor.java:80] 
Auditing in database.
2024-09-11 16:06:58,975 DEBUG [http-nio-9999-exec-3] o.s.w.s.DispatcherServlet [FrameworkServlet.java:1138] 
Completed 200 OK
2024-09-11 16:09:56,162 DEBUG [http-nio-9999-exec-4] o.s.w.s.DispatcherServlet [LogFormatUtils.java:120] 
POST "/api/v2/getsocialbenefitdata", parameters={}
2024-09-11 16:09:56,163 DEBUG [http-nio-9999-exec-4] o.s.w.s.m.m.a.RequestMappingHandlerMapping [AbstractHandlerMapping.java:531] 
Mapped to com.diam.app.controller.DiamControllerVer2#getSocialBenefitData(Envelope, HttpServletRequest, HttpServletResponse)
2024-09-11 16:09:56,164 INFO [http-nio-9999-exec-4] c.d.a.i.BaseInterceptor [BaseInterceptor.java:53] 
Inside prehandle
2024-09-11 16:09:56,164 INFO [http-nio-9999-exec-4] c.d.a.i.BaseInterceptor [BaseInterceptor.java:558] 
############Request Processing started for request-id abc and esbURL is /api/v2/getsocialbenefitdata
2024-09-11 16:09:56,165 INFO [http-nio-9999-exec-4] c.d.a.f.GetDetails [GetDetails.java:20] 
Inside getEncryption status.. for service code getsocialbenefitdata
2024-09-11 16:09:56,287 DEBUG [http-nio-9999-exec-4] c.d.a.f.GetDetails [GetDetails.java:33] 
Encryption status is N
2024-09-11 16:09:56,288 INFO [http-nio-9999-exec-4] c.d.a.i.BaseInterceptor [BaseInterceptor.java:595] 
Inside DDOS filtering
2024-09-11 16:09:56,289 INFO [http-nio-9999-exec-4] c.d.a.f.GetDetails [GetDetails.java:170] 
Inside get error codes.
2024-09-11 16:09:56,389 INFO [http-nio-9999-exec-4] c.d.a.f.AuthenticationFilter [AuthenticationFilter.java:30] 
inside request param validation
2024-09-11 16:09:56,390 INFO [http-nio-9999-exec-4] c.d.a.f.AuthenticationFilter [AuthenticationFilter.java:76] 
In Timestamp validation
2024-09-11 16:09:56,390 INFO [http-nio-9999-exec-4] c.d.a.f.AuthenticationFilter [AuthenticationFilter.java:82] 
The timestamp difference is--
2024-09-11 16:09:56,390 ERROR [http-nio-9999-exec-4] c.d.a.i.BaseInterceptor [BaseInterceptor.java:662] 
Invalid timestamp
2024-09-11 16:09:56,390 INFO [http-nio-9999-exec-4] c.d.a.p.ExceptionProcessor [ExceptionProcessor.java:28] 
Auditing records in AuditDataProcessor.
2024-09-11 16:09:56,548 INFO [pool-17-thread-1] c.d.a.p.ExceptionProcessor [ExceptionProcessor.java:80] 
Auditing in database.
2024-09-11 16:09:56,549 DEBUG [http-nio-9999-exec-4] o.s.w.s.DispatcherServlet [FrameworkServlet.java:1138] 
Completed 200 OK
2024-09-11 16:10:08,074 DEBUG [http-nio-9999-exec-7] o.s.w.s.DispatcherServlet [LogFormatUtils.java:120] 
POST "/api/v2/getsocialbenefitdata", parameters={}
2024-09-11 16:10:08,075 DEBUG [http-nio-9999-exec-7] o.s.w.s.m.m.a.RequestMappingHandlerMapping [AbstractHandlerMapping.java:531] 
Mapped to com.diam.app.controller.DiamControllerVer2#getSocialBenefitData(Envelope, HttpServletRequest, HttpServletResponse)
2024-09-11 16:10:08,075 INFO [http-nio-9999-exec-7] c.d.a.i.BaseInterceptor [BaseInterceptor.java:53] 
Inside prehandle
2024-09-11 16:10:08,076 INFO [http-nio-9999-exec-7] c.d.a.i.BaseInterceptor [BaseInterceptor.java:558] 
############Request Processing started for request-id abc and esbURL is /api/v2/getsocialbenefitdata
2024-09-11 16:10:08,076 INFO [http-nio-9999-exec-7] c.d.a.f.GetDetails [GetDetails.java:20] 
Inside getEncryption status.. for service code getsocialbenefitdata
2024-09-11 16:10:08,152 DEBUG [http-nio-9999-exec-7] c.d.a.f.GetDetails [GetDetails.java:33] 
Encryption status is N
2024-09-11 16:10:08,154 INFO [http-nio-9999-exec-7] c.d.a.i.BaseInterceptor [BaseInterceptor.java:595] 
Inside DDOS filtering
2024-09-11 16:10:08,154 INFO [http-nio-9999-exec-7] c.d.a.f.GetDetails [GetDetails.java:170] 
Inside get error codes.
2024-09-11 16:10:08,259 INFO [http-nio-9999-exec-7] c.d.a.f.AuthenticationFilter [AuthenticationFilter.java:30] 
inside request param validation
2024-09-11 16:10:08,259 INFO [http-nio-9999-exec-7] c.d.a.f.AuthenticationFilter [AuthenticationFilter.java:76] 
In Timestamp validation
2024-09-11 16:10:08,260 INFO [http-nio-9999-exec-7] c.d.a.f.AuthenticationFilter [AuthenticationFilter.java:82] 
The timestamp difference is--
2024-09-11 16:10:08,260 INFO [http-nio-9999-exec-7] c.d.a.f.AuthenticationFilter [AuthenticationFilter.java:122] 
Validating auth key for consumerCode ESP with auth key 36997d562e054a318475c4025b913338
2024-09-11 16:10:08,260 INFO [http-nio-9999-exec-7] c.d.a.f.AuthenticationFilter [AuthenticationFilter.java:139] 
Inside getAuthKeyFromDB..
2024-09-11 16:10:08,337 INFO [http-nio-9999-exec-7] c.d.a.f.AuthenticationFilter [AuthenticationFilter.java:124] 
Auth Key from DB for Consumer code ESP is  
2024-09-11 16:10:08,337 INFO [http-nio-9999-exec-7] c.d.a.f.AuthenticationFilter [AuthenticationFilter.java:129] 
Auth key Validated false
2024-09-11 16:10:08,337 ERROR [http-nio-9999-exec-7] c.d.a.i.BaseInterceptor [BaseInterceptor.java:672] 
Invalid auth key or consumer code sent by request id abc
2024-09-11 16:10:08,337 INFO [http-nio-9999-exec-7] c.d.a.p.ExceptionProcessor [ExceptionProcessor.java:28] 
Auditing records in AuditDataProcessor.
2024-09-11 16:10:08,423 INFO [pool-18-thread-1] c.d.a.p.ExceptionProcessor [ExceptionProcessor.java:80] 
Auditing in database.
2024-09-11 16:10:08,432 DEBUG [http-nio-9999-exec-7] o.s.w.s.DispatcherServlet [FrameworkServlet.java:1138] 
Completed 200 OK
2024-09-11 16:11:31,765 INFO [RMI TCP Connection(36)-127.0.0.1] o.s.b.a.SpringApplicationAdminMXBeanRegistrar$SpringApplicationAdmin [SpringApplicationAdminMXBeanRegistrar.java:159] 
Application shutdown requested.
2024-09-11 16:11:31,767 DEBUG [RMI TCP Connection(36)-127.0.0.1] o.s.b.a.ApplicationAvailabilityBean [ApplicationAvailabilityBean.java:77] 
Application availability state ReadinessState changed from ACCEPTING_TRAFFIC to REFUSING_TRAFFIC
2024-09-11 16:11:31,767 DEBUG [RMI TCP Connection(36)-127.0.0.1] o.s.b.w.s.c.AnnotationConfigServletWebServerApplicationContext [AbstractApplicationContext.java:1134] 
Closing org.springframework.boot.web.servlet.context.AnnotationConfigServletWebServerApplicationContext@1a2e2935, started on Wed Sep 11 15:43:12 GST 2024
2024-09-11 16:11:31,770 DEBUG [RMI TCP Connection(36)-127.0.0.1] o.s.c.s.DefaultLifecycleProcessor [DefaultLifecycleProcessor.java:478] 
Stopping beans in phase 2147483647
2024-09-11 16:11:31,771 DEBUG [RMI TCP Connection(36)-127.0.0.1] o.s.c.s.DefaultLifecycleProcessor [DefaultLifecycleProcessor.java:350] 
Bean 'applicationTaskExecutor' completed its stop procedure
2024-09-11 16:11:31,771 DEBUG [RMI TCP Connection(36)-127.0.0.1] o.s.c.s.DefaultLifecycleProcessor [DefaultLifecycleProcessor.java:478] 
Stopping beans in phase 2147482623
2024-09-11 16:11:31,773 DEBUG [RMI TCP Connection(36)-127.0.0.1] o.s.c.s.DefaultLifecycleProcessor [DefaultLifecycleProcessor.java:350] 
Bean 'webServerGracefulShutdown' completed its stop procedure
2024-09-11 16:11:31,773 DEBUG [RMI TCP Connection(36)-127.0.0.1] o.s.c.s.DefaultLifecycleProcessor [DefaultLifecycleProcessor.java:478] 
Stopping beans in phase 2147481599
2024-09-11 16:11:31,774 INFO [RMI TCP Connection(36)-127.0.0.1] o.a.c.h.Http11NioProtocol [DirectJDKLog.java:173] 
Stopping ProtocolHandler ["http-nio-9999"]
2024-09-11 16:11:31,872 DEBUG [RMI TCP Connection(36)-127.0.0.1] o.s.c.s.DefaultLifecycleProcessor [DefaultLifecycleProcessor.java:350] 
Bean 'webServerStartStop' completed its stop procedure
2024-09-11 16:11:31,873 DEBUG [RMI TCP Connection(36)-127.0.0.1] o.s.c.s.DefaultLifecycleProcessor [DefaultLifecycleProcessor.java:478] 
Stopping beans in phase -2147483647
2024-09-11 16:11:31,873 DEBUG [RMI TCP Connection(36)-127.0.0.1] o.s.c.s.DefaultLifecycleProcessor [DefaultLifecycleProcessor.java:350] 
Bean 'springBootLoggingLifecycle' completed its stop procedure
2024-09-11 16:11:31,874 DEBUG [RMI TCP Connection(36)-127.0.0.1] o.s.j.e.a.AnnotationMBeanExporter [MBeanExporter.java:468] 
Unregistering JMX-exposed beans on shutdown
2024-09-11 16:11:31,876 DEBUG [RMI TCP Connection(36)-127.0.0.1] o.s.s.c.ThreadPoolTaskExecutor [ExecutorConfigurationSupport.java:328] 
Shutting down ExecutorService 'applicationTaskExecutor'
