2024-09-11 16:17:38,490 INFO [http-nio-9999-exec-1] o.a.c.c.C.[.[.[/] [DirectJDKLog.java:173] 
Initializing Spring DispatcherServlet 'dispatcherServlet'
2024-09-11 16:17:38,496 INFO [http-nio-9999-exec-1] o.s.w.s.DispatcherServlet [FrameworkServlet.java:532] 
Initializing Servlet 'dispatcherServlet'
2024-09-11 16:17:38,496 DEBUG [http-nio-9999-exec-1] o.s.w.s.DispatcherServlet [DispatcherServlet.java:533] 
Detected StandardServletMultipartResolver
2024-09-11 16:17:38,496 DEBUG [http-nio-9999-exec-1] o.s.w.s.DispatcherServlet [DispatcherServlet.java:557] 
Detected AcceptHeaderLocaleResolver
2024-09-11 16:17:38,497 DEBUG [http-nio-9999-exec-1] o.s.w.s.DispatcherServlet [DispatcherServlet.java:583] 
Detected FixedThemeResolver
2024-09-11 16:17:38,499 DEBUG [http-nio-9999-exec-1] o.s.w.s.DispatcherServlet [DispatcherServlet.java:733] 
Detected org.springframework.web.servlet.view.DefaultRequestToViewNameTranslator@3b330e5d
2024-09-11 16:17:38,499 DEBUG [http-nio-9999-exec-1] o.s.w.s.DispatcherServlet [DispatcherServlet.java:797] 
Detected org.springframework.web.servlet.support.SessionFlashMapManager@55d4d0a8
2024-09-11 16:17:38,500 DEBUG [http-nio-9999-exec-1] o.s.w.s.DispatcherServlet [FrameworkServlet.java:549] 
enableLoggingRequestDetails='false': request parameters and headers will be masked to prevent unsafe logging of potentially sensitive data
2024-09-11 16:17:38,500 INFO [http-nio-9999-exec-1] o.s.w.s.DispatcherServlet [FrameworkServlet.java:554] 
Completed initialization in 4 ms
2024-09-11 16:17:38,518 DEBUG [http-nio-9999-exec-1] o.s.w.s.DispatcherServlet [LogFormatUtils.java:120] 
POST "/api/v2/getsocialbenefitdata", parameters={}
2024-09-11 16:17:38,545 DEBUG [http-nio-9999-exec-1] o.s.w.s.m.m.a.RequestMappingHandlerMapping [AbstractHandlerMapping.java:531] 
Mapped to com.diam.app.controller.DiamControllerVer2#getSocialBenefitData(Envelope, HttpServletRequest, HttpServletResponse)
2024-09-11 16:17:38,546 INFO [http-nio-9999-exec-1] c.d.a.i.BaseInterceptor [BaseInterceptor.java:53] 
Inside prehandle
2024-09-11 16:17:38,552 INFO [http-nio-9999-exec-1] c.d.a.i.BaseInterceptor [BaseInterceptor.java:558] 
############Request Processing started for request-id abc and esbURL is /api/v2/getsocialbenefitdata
2024-09-11 16:17:38,557 INFO [http-nio-9999-exec-1] c.d.a.f.GetDetails [GetDetails.java:20] 
Inside getEncryption status.. for service code getsocialbenefitdata
2024-09-11 16:17:39,545 DEBUG [http-nio-9999-exec-1] c.d.a.f.GetDetails [GetDetails.java:33] 
Encryption status is N
2024-09-11 16:17:39,548 INFO [http-nio-9999-exec-1] c.d.a.i.BaseInterceptor [BaseInterceptor.java:595] 
Inside DDOS filtering
2024-09-11 16:17:39,549 INFO [http-nio-9999-exec-1] c.d.a.f.GetDetails [GetDetails.java:170] 
Inside get error codes.
2024-09-11 16:17:39,638 INFO [http-nio-9999-exec-1] c.d.a.f.AuthenticationFilter [AuthenticationFilter.java:30] 
inside request param validation
2024-09-11 16:17:39,638 INFO [http-nio-9999-exec-1] c.d.a.f.AuthenticationFilter [AuthenticationFilter.java:76] 
In Timestamp validation
2024-09-11 16:17:39,639 INFO [http-nio-9999-exec-1] c.d.a.f.AuthenticationFilter [AuthenticationFilter.java:82] 
The timestamp difference is--
2024-09-11 16:17:39,640 ERROR [http-nio-9999-exec-1] c.d.a.i.BaseInterceptor [BaseInterceptor.java:662] 
Invalid timestamp
2024-09-11 16:17:39,641 INFO [http-nio-9999-exec-1] c.d.a.p.ExceptionProcessor [ExceptionProcessor.java:28] 
Auditing records in AuditDataProcessor.
2024-09-11 16:17:39,756 INFO [pool-2-thread-1] c.d.a.p.ExceptionProcessor [ExceptionProcessor.java:80] 
Auditing in database.
2024-09-11 16:17:39,762 DEBUG [http-nio-9999-exec-1] o.s.w.s.DispatcherServlet [FrameworkServlet.java:1138] 
Completed 200 OK
2024-09-11 16:17:55,823 DEBUG [http-nio-9999-exec-3] o.s.w.s.DispatcherServlet [LogFormatUtils.java:120] 
POST "/api/v2/getsocialbenefitdata", parameters={}
2024-09-11 16:17:55,824 DEBUG [http-nio-9999-exec-3] o.s.w.s.m.m.a.RequestMappingHandlerMapping [AbstractHandlerMapping.java:531] 
Mapped to com.diam.app.controller.DiamControllerVer2#getSocialBenefitData(Envelope, HttpServletRequest, HttpServletResponse)
2024-09-11 16:17:55,825 INFO [http-nio-9999-exec-3] c.d.a.i.BaseInterceptor [BaseInterceptor.java:53] 
Inside prehandle
2024-09-11 16:17:55,826 INFO [http-nio-9999-exec-3] c.d.a.i.BaseInterceptor [BaseInterceptor.java:558] 
############Request Processing started for request-id abc and esbURL is /api/v2/getsocialbenefitdata
2024-09-11 16:17:55,827 INFO [http-nio-9999-exec-3] c.d.a.f.GetDetails [GetDetails.java:20] 
Inside getEncryption status.. for service code getsocialbenefitdata
2024-09-11 16:17:55,911 DEBUG [http-nio-9999-exec-3] c.d.a.f.GetDetails [GetDetails.java:33] 
Encryption status is N
2024-09-11 16:17:55,913 INFO [http-nio-9999-exec-3] c.d.a.i.BaseInterceptor [BaseInterceptor.java:595] 
Inside DDOS filtering
2024-09-11 16:17:55,913 INFO [http-nio-9999-exec-3] c.d.a.f.GetDetails [GetDetails.java:170] 
Inside get error codes.
2024-09-11 16:17:55,992 INFO [http-nio-9999-exec-3] c.d.a.f.AuthenticationFilter [AuthenticationFilter.java:30] 
inside request param validation
2024-09-11 16:17:55,993 INFO [http-nio-9999-exec-3] c.d.a.f.AuthenticationFilter [AuthenticationFilter.java:76] 
In Timestamp validation
2024-09-11 16:17:55,994 INFO [http-nio-9999-exec-3] c.d.a.f.AuthenticationFilter [AuthenticationFilter.java:82] 
The timestamp difference is--
2024-09-11 16:17:55,994 INFO [http-nio-9999-exec-3] c.d.a.f.AuthenticationFilter [AuthenticationFilter.java:122] 
Validating auth key for consumerCode ESP with auth key 36997d562e054a318475c4025b913338
2024-09-11 16:17:55,995 INFO [http-nio-9999-exec-3] c.d.a.f.AuthenticationFilter [AuthenticationFilter.java:139] 
Inside getAuthKeyFromDB..
2024-09-11 16:17:56,074 INFO [http-nio-9999-exec-3] c.d.a.f.AuthenticationFilter [AuthenticationFilter.java:124] 
Auth Key from DB for Consumer code ESP is  
2024-09-11 16:17:56,074 INFO [http-nio-9999-exec-3] c.d.a.f.AuthenticationFilter [AuthenticationFilter.java:129] 
Auth key Validated false
2024-09-11 16:17:56,074 ERROR [http-nio-9999-exec-3] c.d.a.i.BaseInterceptor [BaseInterceptor.java:672] 
Invalid auth key or consumer code sent by request id abc
2024-09-11 16:17:56,075 INFO [http-nio-9999-exec-3] c.d.a.p.ExceptionProcessor [ExceptionProcessor.java:28] 
Auditing records in AuditDataProcessor.
2024-09-11 16:17:56,176 INFO [pool-3-thread-1] c.d.a.p.ExceptionProcessor [ExceptionProcessor.java:80] 
Auditing in database.
2024-09-11 16:17:56,180 DEBUG [http-nio-9999-exec-3] o.s.w.s.DispatcherServlet [FrameworkServlet.java:1138] 
Completed 200 OK
2024-09-11 16:18:38,051 DEBUG [http-nio-9999-exec-4] o.s.w.s.DispatcherServlet [LogFormatUtils.java:120] 
POST "/api/v2/getsocialbenefitdata", parameters={}
2024-09-11 16:18:38,052 DEBUG [http-nio-9999-exec-4] o.s.w.s.m.m.a.RequestMappingHandlerMapping [AbstractHandlerMapping.java:531] 
Mapped to com.diam.app.controller.DiamControllerVer2#getSocialBenefitData(Envelope, HttpServletRequest, HttpServletResponse)
2024-09-11 16:18:38,053 INFO [http-nio-9999-exec-4] c.d.a.i.BaseInterceptor [BaseInterceptor.java:53] 
Inside prehandle
2024-09-11 16:18:38,053 INFO [http-nio-9999-exec-4] c.d.a.i.BaseInterceptor [BaseInterceptor.java:558] 
############Request Processing started for request-id abc and esbURL is /api/v2/getsocialbenefitdata
2024-09-11 16:18:38,064 INFO [http-nio-9999-exec-4] c.d.a.f.GetDetails [GetDetails.java:20] 
Inside getEncryption status.. for service code getsocialbenefitdata
2024-09-11 16:18:38,239 DEBUG [http-nio-9999-exec-4] c.d.a.f.GetDetails [GetDetails.java:33] 
Encryption status is N
2024-09-11 16:18:38,242 INFO [http-nio-9999-exec-4] c.d.a.i.BaseInterceptor [BaseInterceptor.java:595] 
Inside DDOS filtering
2024-09-11 16:18:38,242 INFO [http-nio-9999-exec-4] c.d.a.f.GetDetails [GetDetails.java:170] 
Inside get error codes.
2024-09-11 16:18:38,333 INFO [http-nio-9999-exec-4] c.d.a.f.AuthenticationFilter [AuthenticationFilter.java:30] 
inside request param validation
2024-09-11 16:18:38,335 INFO [http-nio-9999-exec-4] c.d.a.f.AuthenticationFilter [AuthenticationFilter.java:76] 
In Timestamp validation
2024-09-11 16:18:38,336 INFO [http-nio-9999-exec-4] c.d.a.f.AuthenticationFilter [AuthenticationFilter.java:82] 
The timestamp difference is--
2024-09-11 16:18:38,336 INFO [http-nio-9999-exec-4] c.d.a.f.AuthenticationFilter [AuthenticationFilter.java:122] 
Validating auth key for consumerCode ESP with auth key 36997d562e054a318475c4025b913338
2024-09-11 16:18:38,336 INFO [http-nio-9999-exec-4] c.d.a.f.AuthenticationFilter [AuthenticationFilter.java:139] 
Inside getAuthKeyFromDB..
2024-09-11 16:18:38,468 INFO [http-nio-9999-exec-4] c.d.a.f.AuthenticationFilter [AuthenticationFilter.java:124] 
Auth Key from DB for Consumer code ESP is  
2024-09-11 16:18:38,468 INFO [http-nio-9999-exec-4] c.d.a.f.AuthenticationFilter [AuthenticationFilter.java:129] 
Auth key Validated false
2024-09-11 16:18:38,469 ERROR [http-nio-9999-exec-4] c.d.a.i.BaseInterceptor [BaseInterceptor.java:672] 
Invalid auth key or consumer code sent by request id abc
2024-09-11 16:18:38,469 INFO [http-nio-9999-exec-4] c.d.a.p.ExceptionProcessor [ExceptionProcessor.java:28] 
Auditing records in AuditDataProcessor.
2024-09-11 16:18:38,596 INFO [pool-4-thread-1] c.d.a.p.ExceptionProcessor [ExceptionProcessor.java:80] 
Auditing in database.
2024-09-11 16:18:38,604 DEBUG [http-nio-9999-exec-4] o.s.w.s.DispatcherServlet [FrameworkServlet.java:1138] 
Completed 200 OK
2024-09-11 16:18:46,728 INFO [RMI TCP Connection(14)-127.0.0.1] o.s.b.a.SpringApplicationAdminMXBeanRegistrar$SpringApplicationAdmin [SpringApplicationAdminMXBeanRegistrar.java:159] 
Application shutdown requested.
2024-09-11 16:18:46,729 DEBUG [RMI TCP Connection(14)-127.0.0.1] o.s.b.a.ApplicationAvailabilityBean [ApplicationAvailabilityBean.java:77] 
Application availability state ReadinessState changed from ACCEPTING_TRAFFIC to REFUSING_TRAFFIC
2024-09-11 16:18:46,729 DEBUG [RMI TCP Connection(14)-127.0.0.1] o.s.b.w.s.c.AnnotationConfigServletWebServerApplicationContext [AbstractApplicationContext.java:1134] 
Closing org.springframework.boot.web.servlet.context.AnnotationConfigServletWebServerApplicationContext@3670f00, started on Wed Sep 11 16:11:37 GST 2024
2024-09-11 16:18:46,733 DEBUG [RMI TCP Connection(14)-127.0.0.1] o.s.c.s.DefaultLifecycleProcessor [DefaultLifecycleProcessor.java:478] 
Stopping beans in phase 2147483647
2024-09-11 16:18:46,734 DEBUG [RMI TCP Connection(14)-127.0.0.1] o.s.c.s.DefaultLifecycleProcessor [DefaultLifecycleProcessor.java:350] 
Bean 'applicationTaskExecutor' completed its stop procedure
2024-09-11 16:18:46,735 DEBUG [RMI TCP Connection(14)-127.0.0.1] o.s.c.s.DefaultLifecycleProcessor [DefaultLifecycleProcessor.java:478] 
Stopping beans in phase 2147482623
2024-09-11 16:18:46,737 DEBUG [RMI TCP Connection(14)-127.0.0.1] o.s.c.s.DefaultLifecycleProcessor [DefaultLifecycleProcessor.java:350] 
Bean 'webServerGracefulShutdown' completed its stop procedure
2024-09-11 16:18:46,737 DEBUG [RMI TCP Connection(14)-127.0.0.1] o.s.c.s.DefaultLifecycleProcessor [DefaultLifecycleProcessor.java:478] 
Stopping beans in phase 2147481599
2024-09-11 16:18:46,737 INFO [RMI TCP Connection(14)-127.0.0.1] o.a.c.h.Http11NioProtocol [DirectJDKLog.java:173] 
Stopping ProtocolHandler ["http-nio-9999"]
2024-09-11 16:18:46,925 DEBUG [RMI TCP Connection(14)-127.0.0.1] o.s.c.s.DefaultLifecycleProcessor [DefaultLifecycleProcessor.java:350] 
Bean 'webServerStartStop' completed its stop procedure
2024-09-11 16:18:46,925 DEBUG [RMI TCP Connection(14)-127.0.0.1] o.s.c.s.DefaultLifecycleProcessor [DefaultLifecycleProcessor.java:478] 
Stopping beans in phase -2147483647
2024-09-11 16:18:46,925 DEBUG [RMI TCP Connection(14)-127.0.0.1] o.s.c.s.DefaultLifecycleProcessor [DefaultLifecycleProcessor.java:350] 
Bean 'springBootLoggingLifecycle' completed its stop procedure
2024-09-11 16:18:46,928 DEBUG [RMI TCP Connection(14)-127.0.0.1] o.s.j.e.a.AnnotationMBeanExporter [MBeanExporter.java:468] 
Unregistering JMX-exposed beans on shutdown
2024-09-11 16:18:46,930 DEBUG [RMI TCP Connection(14)-127.0.0.1] o.s.s.c.ThreadPoolTaskExecutor [ExecutorConfigurationSupport.java:328] 
Shutting down ExecutorService 'applicationTaskExecutor'
