2024-08-13 21:03:32,944 DEBUG [http-nio-9999-exec-6] o.s.w.s.DispatcherServlet [LogFormatUtils.java:120] 
GET "/", parameters={}
2024-08-13 21:03:32,948 DEBUG [http-nio-9999-exec-6] o.s.w.s.h.SimpleUrlHandlerMapping [AbstractHandlerMapping.java:531] 
Mapped to ResourceHttpRequestHandler [classpath [META-INF/resources/], classpath [resources/], classpath [static/], classpath [public/], ServletContext [/]]
2024-08-13 21:03:32,948 INFO [http-nio-9999-exec-6] c.d.a.i.BaseInterceptor [BaseInterceptor.java:53] 
Inside prehandle
2024-08-13 21:03:32,948 INFO [http-nio-9999-exec-6] c.d.a.i.BaseInterceptor [BaseInterceptor.java:233] 
############Request Processing started for request-id null and esbURL is /
2024-08-13 21:03:32,950 INFO [http-nio-9999-exec-6] c.d.a.i.BaseInterceptor [BaseInterceptor.java:249] 
Invalid URL sent by requestId null
2024-08-13 21:03:32,950 DEBUG [http-nio-9999-exec-6] o.s.w.s.DispatcherServlet [FrameworkServlet.java:1138] 
Completed 404 NOT_FOUND
2024-08-13 21:03:32,951 DEBUG [http-nio-9999-exec-6] o.s.w.s.DispatcherServlet [LogFormatUtils.java:120] 
"ERROR" dispatch for GET "/error", parameters={}
2024-08-13 21:03:32,951 DEBUG [http-nio-9999-exec-6] o.s.w.s.m.m.a.RequestMappingHandlerMapping [AbstractHandlerMapping.java:531] 
Mapped to org.springframework.boot.autoconfigure.web.servlet.error.BasicErrorController#error(HttpServletRequest)
2024-08-13 21:03:32,951 INFO [http-nio-9999-exec-6] c.d.a.i.BaseInterceptor [BaseInterceptor.java:53] 
Inside prehandle
2024-08-13 21:03:32,951 INFO [http-nio-9999-exec-6] c.d.a.i.BaseInterceptor [BaseInterceptor.java:233] 
############Request Processing started for request-id null and esbURL is /error
2024-08-13 21:03:32,952 INFO [http-nio-9999-exec-6] c.d.a.i.BaseInterceptor [BaseInterceptor.java:249] 
Invalid URL sent by requestId null
2024-08-13 21:03:32,952 DEBUG [http-nio-9999-exec-6] o.s.w.s.DispatcherServlet [FrameworkServlet.java:1135] 
Exiting from "ERROR" dispatch, status 404
2024-08-13 21:03:32,989 DEBUG [http-nio-9999-exec-8] o.s.w.s.DispatcherServlet [LogFormatUtils.java:120] 
GET "/", parameters={}
2024-08-13 21:03:32,990 DEBUG [http-nio-9999-exec-8] o.s.w.s.h.SimpleUrlHandlerMapping [AbstractHandlerMapping.java:531] 
Mapped to ResourceHttpRequestHandler [classpath [META-INF/resources/], classpath [resources/], classpath [static/], classpath [public/], ServletContext [/]]
2024-08-13 21:03:32,990 INFO [http-nio-9999-exec-8] c.d.a.i.BaseInterceptor [BaseInterceptor.java:53] 
Inside prehandle
2024-08-13 21:03:32,990 INFO [http-nio-9999-exec-8] c.d.a.i.BaseInterceptor [BaseInterceptor.java:233] 
############Request Processing started for request-id null and esbURL is /
2024-08-13 21:03:32,991 INFO [http-nio-9999-exec-8] c.d.a.i.BaseInterceptor [BaseInterceptor.java:249] 
Invalid URL sent by requestId null
2024-08-13 21:03:32,991 DEBUG [http-nio-9999-exec-8] o.s.w.s.DispatcherServlet [FrameworkServlet.java:1138] 
Completed 404 NOT_FOUND
2024-08-13 21:03:32,991 DEBUG [http-nio-9999-exec-8] o.s.w.s.DispatcherServlet [LogFormatUtils.java:120] 
"ERROR" dispatch for GET "/error", parameters={}
2024-08-13 21:03:32,992 DEBUG [http-nio-9999-exec-8] o.s.w.s.m.m.a.RequestMappingHandlerMapping [AbstractHandlerMapping.java:531] 
Mapped to org.springframework.boot.autoconfigure.web.servlet.error.BasicErrorController#error(HttpServletRequest)
2024-08-13 21:03:32,992 INFO [http-nio-9999-exec-8] c.d.a.i.BaseInterceptor [BaseInterceptor.java:53] 
Inside prehandle
2024-08-13 21:03:32,992 INFO [http-nio-9999-exec-8] c.d.a.i.BaseInterceptor [BaseInterceptor.java:233] 
############Request Processing started for request-id null and esbURL is /error
2024-08-13 21:03:32,992 INFO [http-nio-9999-exec-8] c.d.a.i.BaseInterceptor [BaseInterceptor.java:249] 
Invalid URL sent by requestId null
2024-08-13 21:03:32,992 DEBUG [http-nio-9999-exec-8] o.s.w.s.DispatcherServlet [FrameworkServlet.java:1135] 
Exiting from "ERROR" dispatch, status 404
2024-08-13 21:03:34,014 DEBUG [http-nio-9999-exec-9] o.s.w.s.DispatcherServlet [LogFormatUtils.java:120] 
GET "/", parameters={}
2024-08-13 21:03:34,015 DEBUG [http-nio-9999-exec-9] o.s.w.s.h.SimpleUrlHandlerMapping [AbstractHandlerMapping.java:531] 
Mapped to ResourceHttpRequestHandler [classpath [META-INF/resources/], classpath [resources/], classpath [static/], classpath [public/], ServletContext [/]]
2024-08-13 21:03:34,015 INFO [http-nio-9999-exec-9] c.d.a.i.BaseInterceptor [BaseInterceptor.java:53] 
Inside prehandle
2024-08-13 21:03:34,015 INFO [http-nio-9999-exec-9] c.d.a.i.BaseInterceptor [BaseInterceptor.java:233] 
############Request Processing started for request-id null and esbURL is /
2024-08-13 21:03:34,016 INFO [http-nio-9999-exec-9] c.d.a.i.BaseInterceptor [BaseInterceptor.java:249] 
Invalid URL sent by requestId null
2024-08-13 21:03:34,016 DEBUG [http-nio-9999-exec-9] o.s.w.s.DispatcherServlet [FrameworkServlet.java:1138] 
Completed 404 NOT_FOUND
2024-08-13 21:03:34,016 DEBUG [http-nio-9999-exec-9] o.s.w.s.DispatcherServlet [LogFormatUtils.java:120] 
"ERROR" dispatch for GET "/error", parameters={}
2024-08-13 21:03:34,017 DEBUG [http-nio-9999-exec-9] o.s.w.s.m.m.a.RequestMappingHandlerMapping [AbstractHandlerMapping.java:531] 
Mapped to org.springframework.boot.autoconfigure.web.servlet.error.BasicErrorController#error(HttpServletRequest)
2024-08-13 21:03:34,017 INFO [http-nio-9999-exec-9] c.d.a.i.BaseInterceptor [BaseInterceptor.java:53] 
Inside prehandle
2024-08-13 21:03:34,017 INFO [http-nio-9999-exec-9] c.d.a.i.BaseInterceptor [BaseInterceptor.java:233] 
############Request Processing started for request-id null and esbURL is /error
2024-08-13 21:03:34,018 INFO [http-nio-9999-exec-9] c.d.a.i.BaseInterceptor [BaseInterceptor.java:249] 
Invalid URL sent by requestId null
2024-08-13 21:03:34,018 DEBUG [http-nio-9999-exec-9] o.s.w.s.DispatcherServlet [FrameworkServlet.java:1135] 
Exiting from "ERROR" dispatch, status 404
2024-08-13 21:03:34,103 DEBUG [http-nio-9999-exec-1] o.s.w.s.DispatcherServlet [LogFormatUtils.java:120] 
GET "/", parameters={}
2024-08-13 21:03:34,104 DEBUG [http-nio-9999-exec-1] o.s.w.s.h.SimpleUrlHandlerMapping [AbstractHandlerMapping.java:531] 
Mapped to ResourceHttpRequestHandler [classpath [META-INF/resources/], classpath [resources/], classpath [static/], classpath [public/], ServletContext [/]]
2024-08-13 21:03:34,104 INFO [http-nio-9999-exec-1] c.d.a.i.BaseInterceptor [BaseInterceptor.java:53] 
Inside prehandle
2024-08-13 21:03:34,105 INFO [http-nio-9999-exec-1] c.d.a.i.BaseInterceptor [BaseInterceptor.java:233] 
############Request Processing started for request-id null and esbURL is /
2024-08-13 21:03:34,105 INFO [http-nio-9999-exec-1] c.d.a.i.BaseInterceptor [BaseInterceptor.java:249] 
Invalid URL sent by requestId null
2024-08-13 21:03:34,105 DEBUG [http-nio-9999-exec-1] o.s.w.s.DispatcherServlet [FrameworkServlet.java:1138] 
Completed 404 NOT_FOUND
2024-08-13 21:03:34,105 DEBUG [http-nio-9999-exec-1] o.s.w.s.DispatcherServlet [LogFormatUtils.java:120] 
"ERROR" dispatch for GET "/error", parameters={}
2024-08-13 21:03:34,106 DEBUG [http-nio-9999-exec-1] o.s.w.s.m.m.a.RequestMappingHandlerMapping [AbstractHandlerMapping.java:531] 
Mapped to org.springframework.boot.autoconfigure.web.servlet.error.BasicErrorController#error(HttpServletRequest)
2024-08-13 21:03:34,106 INFO [http-nio-9999-exec-1] c.d.a.i.BaseInterceptor [BaseInterceptor.java:53] 
Inside prehandle
2024-08-13 21:03:34,106 INFO [http-nio-9999-exec-1] c.d.a.i.BaseInterceptor [BaseInterceptor.java:233] 
############Request Processing started for request-id null and esbURL is /error
2024-08-13 21:03:34,106 INFO [http-nio-9999-exec-1] c.d.a.i.BaseInterceptor [BaseInterceptor.java:249] 
Invalid URL sent by requestId null
2024-08-13 21:03:34,107 DEBUG [http-nio-9999-exec-1] o.s.w.s.DispatcherServlet [FrameworkServlet.java:1135] 
Exiting from "ERROR" dispatch, status 404
2024-08-13 21:03:35,002 DEBUG [http-nio-9999-exec-7] o.s.w.s.DispatcherServlet [LogFormatUtils.java:120] 
TRACK "/Nessus1782759507.html", parameters={}
2024-08-13 21:03:35,002 DEBUG [http-nio-9999-exec-7] o.s.w.s.h.SimpleUrlHandlerMapping [AbstractHandlerMapping.java:531] 
Mapped to ResourceHttpRequestHandler [classpath [META-INF/resources/], classpath [resources/], classpath [static/], classpath [public/], ServletContext [/]]
2024-08-13 21:03:35,003 INFO [http-nio-9999-exec-7] c.d.a.i.BaseInterceptor [BaseInterceptor.java:53] 
Inside prehandle
2024-08-13 21:03:35,003 INFO [http-nio-9999-exec-7] c.d.a.i.BaseInterceptor [BaseInterceptor.java:233] 
############Request Processing started for request-id null and esbURL is /Nessus1782759507.html
2024-08-13 21:03:35,003 INFO [http-nio-9999-exec-7] c.d.a.i.BaseInterceptor [BaseInterceptor.java:249] 
Invalid URL sent by requestId null
2024-08-13 21:03:35,004 DEBUG [http-nio-9999-exec-7] o.s.w.s.DispatcherServlet [FrameworkServlet.java:1138] 
Completed 404 NOT_FOUND
2024-08-13 21:03:35,004 DEBUG [http-nio-9999-exec-7] o.s.w.s.DispatcherServlet [LogFormatUtils.java:120] 
"ERROR" dispatch for TRACK "/error", parameters={}
2024-08-13 21:03:35,004 DEBUG [http-nio-9999-exec-7] o.s.w.s.m.m.a.RequestMappingHandlerMapping [AbstractHandlerMapping.java:531] 
Mapped to org.springframework.boot.autoconfigure.web.servlet.error.BasicErrorController#error(HttpServletRequest)
2024-08-13 21:03:35,005 INFO [http-nio-9999-exec-7] c.d.a.i.BaseInterceptor [BaseInterceptor.java:53] 
Inside prehandle
2024-08-13 21:03:35,005 INFO [http-nio-9999-exec-7] c.d.a.i.BaseInterceptor [BaseInterceptor.java:233] 
############Request Processing started for request-id null and esbURL is /error
2024-08-13 21:03:35,005 INFO [http-nio-9999-exec-7] c.d.a.i.BaseInterceptor [BaseInterceptor.java:249] 
Invalid URL sent by requestId null
2024-08-13 21:03:35,005 DEBUG [http-nio-9999-exec-7] o.s.w.s.DispatcherServlet [FrameworkServlet.java:1135] 
Exiting from "ERROR" dispatch, status 404
2024-08-13 21:03:35,481 DEBUG [http-nio-9999-exec-10] o.s.w.s.DispatcherServlet [LogFormatUtils.java:120] 
GET "/", parameters={}
2024-08-13 21:03:35,481 DEBUG [http-nio-9999-exec-10] o.s.w.s.h.SimpleUrlHandlerMapping [AbstractHandlerMapping.java:531] 
Mapped to ResourceHttpRequestHandler [classpath [META-INF/resources/], classpath [resources/], classpath [static/], classpath [public/], ServletContext [/]]
2024-08-13 21:03:35,482 INFO [http-nio-9999-exec-10] c.d.a.i.BaseInterceptor [BaseInterceptor.java:53] 
Inside prehandle
2024-08-13 21:03:35,482 INFO [http-nio-9999-exec-10] c.d.a.i.BaseInterceptor [BaseInterceptor.java:233] 
############Request Processing started for request-id null and esbURL is /
2024-08-13 21:03:35,482 INFO [http-nio-9999-exec-10] c.d.a.i.BaseInterceptor [BaseInterceptor.java:249] 
Invalid URL sent by requestId null
2024-08-13 21:03:35,482 DEBUG [http-nio-9999-exec-10] o.s.w.s.DispatcherServlet [FrameworkServlet.java:1138] 
Completed 404 NOT_FOUND
2024-08-13 21:03:35,483 DEBUG [http-nio-9999-exec-10] o.s.w.s.DispatcherServlet [LogFormatUtils.java:120] 
"ERROR" dispatch for GET "/error", parameters={}
2024-08-13 21:03:35,484 DEBUG [http-nio-9999-exec-10] o.s.w.s.m.m.a.RequestMappingHandlerMapping [AbstractHandlerMapping.java:531] 
Mapped to org.springframework.boot.autoconfigure.web.servlet.error.BasicErrorController#error(HttpServletRequest)
2024-08-13 21:03:35,484 INFO [http-nio-9999-exec-10] c.d.a.i.BaseInterceptor [BaseInterceptor.java:53] 
Inside prehandle
2024-08-13 21:03:35,484 INFO [http-nio-9999-exec-10] c.d.a.i.BaseInterceptor [BaseInterceptor.java:233] 
############Request Processing started for request-id null and esbURL is /error
2024-08-13 21:03:35,484 INFO [http-nio-9999-exec-10] c.d.a.i.BaseInterceptor [BaseInterceptor.java:249] 
Invalid URL sent by requestId null
2024-08-13 21:03:35,484 DEBUG [http-nio-9999-exec-10] o.s.w.s.DispatcherServlet [FrameworkServlet.java:1135] 
Exiting from "ERROR" dispatch, status 404
2024-08-13 21:03:35,568 DEBUG [http-nio-9999-exec-9] o.s.w.s.DispatcherServlet [LogFormatUtils.java:120] 
GET "/xampp/index.php", parameters={}
2024-08-13 21:03:35,571 DEBUG [http-nio-9999-exec-9] o.s.w.s.h.SimpleUrlHandlerMapping [AbstractHandlerMapping.java:531] 
Mapped to ResourceHttpRequestHandler [classpath [META-INF/resources/], classpath [resources/], classpath [static/], classpath [public/], ServletContext [/]]
2024-08-13 21:03:35,571 INFO [http-nio-9999-exec-9] c.d.a.i.BaseInterceptor [BaseInterceptor.java:53] 
Inside prehandle
2024-08-13 21:03:35,571 INFO [http-nio-9999-exec-9] c.d.a.i.BaseInterceptor [BaseInterceptor.java:233] 
############Request Processing started for request-id null and esbURL is /xampp/index.php
2024-08-13 21:03:35,571 INFO [http-nio-9999-exec-9] c.d.a.i.BaseInterceptor [BaseInterceptor.java:249] 
Invalid URL sent by requestId null
2024-08-13 21:03:35,572 DEBUG [http-nio-9999-exec-9] o.s.w.s.DispatcherServlet [FrameworkServlet.java:1138] 
Completed 404 NOT_FOUND
2024-08-13 21:03:35,572 DEBUG [http-nio-9999-exec-9] o.s.w.s.DispatcherServlet [LogFormatUtils.java:120] 
"ERROR" dispatch for GET "/error", parameters={}
2024-08-13 21:03:35,573 DEBUG [http-nio-9999-exec-9] o.s.w.s.m.m.a.RequestMappingHandlerMapping [AbstractHandlerMapping.java:531] 
Mapped to org.springframework.boot.autoconfigure.web.servlet.error.BasicErrorController#error(HttpServletRequest)
2024-08-13 21:03:35,573 INFO [http-nio-9999-exec-9] c.d.a.i.BaseInterceptor [BaseInterceptor.java:53] 
Inside prehandle
2024-08-13 21:03:35,573 INFO [http-nio-9999-exec-9] c.d.a.i.BaseInterceptor [BaseInterceptor.java:233] 
############Request Processing started for request-id null and esbURL is /error
2024-08-13 21:03:35,574 INFO [http-nio-9999-exec-9] c.d.a.i.BaseInterceptor [BaseInterceptor.java:249] 
Invalid URL sent by requestId null
2024-08-13 21:03:35,574 DEBUG [http-nio-9999-exec-9] o.s.w.s.DispatcherServlet [FrameworkServlet.java:1135] 
Exiting from "ERROR" dispatch, status 404
2024-08-13 21:03:36,041 DEBUG [http-nio-9999-exec-4] o.s.w.s.DispatcherServlet [LogFormatUtils.java:120] 
GET "/Wsusadmin/Errors/BrowserSettings.aspx", parameters={}
2024-08-13 21:03:36,042 DEBUG [http-nio-9999-exec-4] o.s.w.s.h.SimpleUrlHandlerMapping [AbstractHandlerMapping.java:531] 
Mapped to ResourceHttpRequestHandler [classpath [META-INF/resources/], classpath [resources/], classpath [static/], classpath [public/], ServletContext [/]]
2024-08-13 21:03:36,043 INFO [http-nio-9999-exec-4] c.d.a.i.BaseInterceptor [BaseInterceptor.java:53] 
Inside prehandle
2024-08-13 21:03:36,043 INFO [http-nio-9999-exec-4] c.d.a.i.BaseInterceptor [BaseInterceptor.java:233] 
############Request Processing started for request-id null and esbURL is /Wsusadmin/Errors/BrowserSettings.aspx
2024-08-13 21:03:36,043 INFO [http-nio-9999-exec-4] c.d.a.i.BaseInterceptor [BaseInterceptor.java:249] 
Invalid URL sent by requestId null
2024-08-13 21:03:36,043 DEBUG [http-nio-9999-exec-4] o.s.w.s.DispatcherServlet [FrameworkServlet.java:1138] 
Completed 404 NOT_FOUND
2024-08-13 21:03:36,044 DEBUG [http-nio-9999-exec-4] o.s.w.s.DispatcherServlet [LogFormatUtils.java:120] 
"ERROR" dispatch for GET "/error", parameters={}
2024-08-13 21:03:36,044 DEBUG [http-nio-9999-exec-4] o.s.w.s.m.m.a.RequestMappingHandlerMapping [AbstractHandlerMapping.java:531] 
Mapped to org.springframework.boot.autoconfigure.web.servlet.error.BasicErrorController#error(HttpServletRequest)
2024-08-13 21:03:36,045 INFO [http-nio-9999-exec-4] c.d.a.i.BaseInterceptor [BaseInterceptor.java:53] 
Inside prehandle
2024-08-13 21:03:36,045 INFO [http-nio-9999-exec-4] c.d.a.i.BaseInterceptor [BaseInterceptor.java:233] 
############Request Processing started for request-id null and esbURL is /error
2024-08-13 21:03:36,045 INFO [http-nio-9999-exec-4] c.d.a.i.BaseInterceptor [BaseInterceptor.java:249] 
Invalid URL sent by requestId null
2024-08-13 21:03:36,045 DEBUG [http-nio-9999-exec-4] o.s.w.s.DispatcherServlet [FrameworkServlet.java:1135] 
Exiting from "ERROR" dispatch, status 404
2024-08-13 21:03:36,235 DEBUG [http-nio-9999-exec-5] o.s.w.s.DispatcherServlet [LogFormatUtils.java:120] 
GET "/", parameters={}
2024-08-13 21:03:36,236 DEBUG [http-nio-9999-exec-5] o.s.w.s.h.SimpleUrlHandlerMapping [AbstractHandlerMapping.java:531] 
Mapped to ResourceHttpRequestHandler [classpath [META-INF/resources/], classpath [resources/], classpath [static/], classpath [public/], ServletContext [/]]
2024-08-13 21:03:36,236 INFO [http-nio-9999-exec-5] c.d.a.i.BaseInterceptor [BaseInterceptor.java:53] 
Inside prehandle
2024-08-13 21:03:36,236 INFO [http-nio-9999-exec-5] c.d.a.i.BaseInterceptor [BaseInterceptor.java:233] 
############Request Processing started for request-id null and esbURL is /
2024-08-13 21:03:36,237 INFO [http-nio-9999-exec-5] c.d.a.i.BaseInterceptor [BaseInterceptor.java:249] 
Invalid URL sent by requestId null
2024-08-13 21:03:36,237 DEBUG [http-nio-9999-exec-5] o.s.w.s.DispatcherServlet [FrameworkServlet.java:1138] 
Completed 404 NOT_FOUND
2024-08-13 21:03:36,237 DEBUG [http-nio-9999-exec-5] o.s.w.s.DispatcherServlet [LogFormatUtils.java:120] 
"ERROR" dispatch for GET "/error", parameters={}
2024-08-13 21:03:36,238 DEBUG [http-nio-9999-exec-5] o.s.w.s.m.m.a.RequestMappingHandlerMapping [AbstractHandlerMapping.java:531] 
Mapped to org.springframework.boot.autoconfigure.web.servlet.error.BasicErrorController#error(HttpServletRequest)
2024-08-13 21:03:36,238 INFO [http-nio-9999-exec-5] c.d.a.i.BaseInterceptor [BaseInterceptor.java:53] 
Inside prehandle
2024-08-13 21:03:36,238 INFO [http-nio-9999-exec-5] c.d.a.i.BaseInterceptor [BaseInterceptor.java:233] 
############Request Processing started for request-id null and esbURL is /error
2024-08-13 21:03:36,239 INFO [http-nio-9999-exec-5] c.d.a.i.BaseInterceptor [BaseInterceptor.java:249] 
Invalid URL sent by requestId null
2024-08-13 21:03:36,239 DEBUG [http-nio-9999-exec-5] o.s.w.s.DispatcherServlet [FrameworkServlet.java:1135] 
Exiting from "ERROR" dispatch, status 404
2024-08-13 21:03:36,288 DEBUG [http-nio-9999-exec-7] o.s.w.s.DispatcherServlet [LogFormatUtils.java:120] 
GET "/", parameters={}
2024-08-13 21:03:36,289 DEBUG [http-nio-9999-exec-7] o.s.w.s.h.SimpleUrlHandlerMapping [AbstractHandlerMapping.java:531] 
Mapped to ResourceHttpRequestHandler [classpath [META-INF/resources/], classpath [resources/], classpath [static/], classpath [public/], ServletContext [/]]
2024-08-13 21:03:36,289 INFO [http-nio-9999-exec-7] c.d.a.i.BaseInterceptor [BaseInterceptor.java:53] 
Inside prehandle
2024-08-13 21:03:36,289 INFO [http-nio-9999-exec-7] c.d.a.i.BaseInterceptor [BaseInterceptor.java:233] 
############Request Processing started for request-id null and esbURL is /
2024-08-13 21:03:36,289 INFO [http-nio-9999-exec-7] c.d.a.i.BaseInterceptor [BaseInterceptor.java:249] 
Invalid URL sent by requestId null
2024-08-13 21:03:36,290 DEBUG [http-nio-9999-exec-7] o.s.w.s.DispatcherServlet [FrameworkServlet.java:1138] 
Completed 404 NOT_FOUND
2024-08-13 21:03:36,290 DEBUG [http-nio-9999-exec-7] o.s.w.s.DispatcherServlet [LogFormatUtils.java:120] 
"ERROR" dispatch for GET "/error", parameters={}
2024-08-13 21:03:36,290 DEBUG [http-nio-9999-exec-7] o.s.w.s.m.m.a.RequestMappingHandlerMapping [AbstractHandlerMapping.java:531] 
Mapped to org.springframework.boot.autoconfigure.web.servlet.error.BasicErrorController#error(HttpServletRequest)
2024-08-13 21:03:36,290 INFO [http-nio-9999-exec-7] c.d.a.i.BaseInterceptor [BaseInterceptor.java:53] 
Inside prehandle
2024-08-13 21:03:36,291 INFO [http-nio-9999-exec-7] c.d.a.i.BaseInterceptor [BaseInterceptor.java:233] 
############Request Processing started for request-id null and esbURL is /error
2024-08-13 21:03:36,291 INFO [http-nio-9999-exec-7] c.d.a.i.BaseInterceptor [BaseInterceptor.java:249] 
Invalid URL sent by requestId null
2024-08-13 21:03:36,291 DEBUG [http-nio-9999-exec-7] o.s.w.s.DispatcherServlet [FrameworkServlet.java:1135] 
Exiting from "ERROR" dispatch, status 404
2024-08-13 21:03:36,333 DEBUG [http-nio-9999-exec-10] o.s.w.s.DispatcherServlet [LogFormatUtils.java:120] 
GET "/", parameters={}
2024-08-13 21:03:36,334 DEBUG [http-nio-9999-exec-10] o.s.w.s.h.SimpleUrlHandlerMapping [AbstractHandlerMapping.java:531] 
Mapped to ResourceHttpRequestHandler [classpath [META-INF/resources/], classpath [resources/], classpath [static/], classpath [public/], ServletContext [/]]
2024-08-13 21:03:36,334 INFO [http-nio-9999-exec-10] c.d.a.i.BaseInterceptor [BaseInterceptor.java:53] 
Inside prehandle
2024-08-13 21:03:36,334 INFO [http-nio-9999-exec-10] c.d.a.i.BaseInterceptor [BaseInterceptor.java:233] 
############Request Processing started for request-id null and esbURL is /
2024-08-13 21:03:36,335 INFO [http-nio-9999-exec-10] c.d.a.i.BaseInterceptor [BaseInterceptor.java:249] 
Invalid URL sent by requestId null
2024-08-13 21:03:36,335 DEBUG [http-nio-9999-exec-10] o.s.w.s.DispatcherServlet [FrameworkServlet.java:1138] 
Completed 404 NOT_FOUND
2024-08-13 21:03:36,335 DEBUG [http-nio-9999-exec-10] o.s.w.s.DispatcherServlet [LogFormatUtils.java:120] 
"ERROR" dispatch for GET "/error", parameters={}
2024-08-13 21:03:36,336 DEBUG [http-nio-9999-exec-10] o.s.w.s.m.m.a.RequestMappingHandlerMapping [AbstractHandlerMapping.java:531] 
Mapped to org.springframework.boot.autoconfigure.web.servlet.error.BasicErrorController#error(HttpServletRequest)
2024-08-13 21:03:36,336 INFO [http-nio-9999-exec-10] c.d.a.i.BaseInterceptor [BaseInterceptor.java:53] 
Inside prehandle
2024-08-13 21:03:36,336 INFO [http-nio-9999-exec-10] c.d.a.i.BaseInterceptor [BaseInterceptor.java:233] 
############Request Processing started for request-id null and esbURL is /error
2024-08-13 21:03:36,336 INFO [http-nio-9999-exec-10] c.d.a.i.BaseInterceptor [BaseInterceptor.java:249] 
Invalid URL sent by requestId null
2024-08-13 21:03:36,336 DEBUG [http-nio-9999-exec-10] o.s.w.s.DispatcherServlet [FrameworkServlet.java:1135] 
Exiting from "ERROR" dispatch, status 404
2024-08-13 21:03:38,441 DEBUG [http-nio-9999-exec-2] o.s.w.s.DispatcherServlet [LogFormatUtils.java:120] 
GET "/nessus345678.html", parameters={}
2024-08-13 21:03:38,442 DEBUG [http-nio-9999-exec-1] o.s.w.s.DispatcherServlet [LogFormatUtils.java:120] 
GET "/", parameters={}
2024-08-13 21:03:38,442 DEBUG [http-nio-9999-exec-2] o.s.w.s.h.SimpleUrlHandlerMapping [AbstractHandlerMapping.java:531] 
Mapped to ResourceHttpRequestHandler [classpath [META-INF/resources/], classpath [resources/], classpath [static/], classpath [public/], ServletContext [/]]
2024-08-13 21:03:38,442 INFO [http-nio-9999-exec-2] c.d.a.i.BaseInterceptor [BaseInterceptor.java:53] 
Inside prehandle
2024-08-13 21:03:38,442 DEBUG [http-nio-9999-exec-1] o.s.w.s.h.SimpleUrlHandlerMapping [AbstractHandlerMapping.java:531] 
Mapped to ResourceHttpRequestHandler [classpath [META-INF/resources/], classpath [resources/], classpath [static/], classpath [public/], ServletContext [/]]
2024-08-13 21:03:38,443 INFO [http-nio-9999-exec-2] c.d.a.i.BaseInterceptor [BaseInterceptor.java:233] 
############Request Processing started for request-id null and esbURL is /nessus345678.html
2024-08-13 21:03:38,443 INFO [http-nio-9999-exec-1] c.d.a.i.BaseInterceptor [BaseInterceptor.java:53] 
Inside prehandle
2024-08-13 21:03:38,443 INFO [http-nio-9999-exec-1] c.d.a.i.BaseInterceptor [BaseInterceptor.java:233] 
############Request Processing started for request-id null and esbURL is /
2024-08-13 21:03:38,443 INFO [http-nio-9999-exec-2] c.d.a.i.BaseInterceptor [BaseInterceptor.java:249] 
Invalid URL sent by requestId null
2024-08-13 21:03:38,444 INFO [http-nio-9999-exec-1] c.d.a.i.BaseInterceptor [BaseInterceptor.java:249] 
Invalid URL sent by requestId null
2024-08-13 21:03:38,444 DEBUG [http-nio-9999-exec-2] o.s.w.s.DispatcherServlet [FrameworkServlet.java:1138] 
Completed 404 NOT_FOUND
2024-08-13 21:03:38,444 DEBUG [http-nio-9999-exec-1] o.s.w.s.DispatcherServlet [FrameworkServlet.java:1138] 
Completed 404 NOT_FOUND
2024-08-13 21:03:38,445 DEBUG [http-nio-9999-exec-1] o.s.w.s.DispatcherServlet [LogFormatUtils.java:120] 
"ERROR" dispatch for GET "/error", parameters={}
2024-08-13 21:03:38,446 DEBUG [http-nio-9999-exec-1] o.s.w.s.m.m.a.RequestMappingHandlerMapping [AbstractHandlerMapping.java:531] 
Mapped to org.springframework.boot.autoconfigure.web.servlet.error.BasicErrorController#error(HttpServletRequest)
2024-08-13 21:03:38,446 INFO [http-nio-9999-exec-1] c.d.a.i.BaseInterceptor [BaseInterceptor.java:53] 
Inside prehandle
2024-08-13 21:03:38,447 INFO [http-nio-9999-exec-1] c.d.a.i.BaseInterceptor [BaseInterceptor.java:233] 
############Request Processing started for request-id null and esbURL is /error
2024-08-13 21:03:38,447 INFO [http-nio-9999-exec-1] c.d.a.i.BaseInterceptor [BaseInterceptor.java:249] 
Invalid URL sent by requestId null
2024-08-13 21:03:38,445 DEBUG [http-nio-9999-exec-2] o.s.w.s.DispatcherServlet [LogFormatUtils.java:120] 
"ERROR" dispatch for GET "/error", parameters={}
2024-08-13 21:03:38,447 DEBUG [http-nio-9999-exec-1] o.s.w.s.DispatcherServlet [FrameworkServlet.java:1135] 
Exiting from "ERROR" dispatch, status 404
2024-08-13 21:03:38,448 DEBUG [http-nio-9999-exec-2] o.s.w.s.m.m.a.RequestMappingHandlerMapping [AbstractHandlerMapping.java:531] 
Mapped to org.springframework.boot.autoconfigure.web.servlet.error.BasicErrorController#error(HttpServletRequest)
2024-08-13 21:03:38,448 INFO [http-nio-9999-exec-2] c.d.a.i.BaseInterceptor [BaseInterceptor.java:53] 
Inside prehandle
2024-08-13 21:03:38,448 INFO [http-nio-9999-exec-2] c.d.a.i.BaseInterceptor [BaseInterceptor.java:233] 
############Request Processing started for request-id null and esbURL is /error
2024-08-13 21:03:38,449 INFO [http-nio-9999-exec-2] c.d.a.i.BaseInterceptor [BaseInterceptor.java:249] 
Invalid URL sent by requestId null
2024-08-13 21:03:38,449 DEBUG [http-nio-9999-exec-2] o.s.w.s.DispatcherServlet [FrameworkServlet.java:1135] 
Exiting from "ERROR" dispatch, status 404
2024-08-13 21:03:38,493 DEBUG [http-nio-9999-exec-3] o.s.w.s.DispatcherServlet [LogFormatUtils.java:120] 
GET "/nessus345678.html", parameters={}
2024-08-13 21:03:38,494 DEBUG [http-nio-9999-exec-3] o.s.w.s.h.SimpleUrlHandlerMapping [AbstractHandlerMapping.java:531] 
Mapped to ResourceHttpRequestHandler [classpath [META-INF/resources/], classpath [resources/], classpath [static/], classpath [public/], ServletContext [/]]
2024-08-13 21:03:38,494 INFO [http-nio-9999-exec-3] c.d.a.i.BaseInterceptor [BaseInterceptor.java:53] 
Inside prehandle
2024-08-13 21:03:38,494 INFO [http-nio-9999-exec-3] c.d.a.i.BaseInterceptor [BaseInterceptor.java:233] 
############Request Processing started for request-id null and esbURL is /nessus345678.html
2024-08-13 21:03:38,495 INFO [http-nio-9999-exec-3] c.d.a.i.BaseInterceptor [BaseInterceptor.java:249] 
Invalid URL sent by requestId null
2024-08-13 21:03:38,495 DEBUG [http-nio-9999-exec-3] o.s.w.s.DispatcherServlet [FrameworkServlet.java:1138] 
Completed 404 NOT_FOUND
2024-08-13 21:03:38,495 DEBUG [http-nio-9999-exec-3] o.s.w.s.DispatcherServlet [LogFormatUtils.java:120] 
"ERROR" dispatch for GET "/error", parameters={}
2024-08-13 21:03:38,496 DEBUG [http-nio-9999-exec-3] o.s.w.s.m.m.a.RequestMappingHandlerMapping [AbstractHandlerMapping.java:531] 
Mapped to org.springframework.boot.autoconfigure.web.servlet.error.BasicErrorController#error(HttpServletRequest)
2024-08-13 21:03:38,496 INFO [http-nio-9999-exec-3] c.d.a.i.BaseInterceptor [BaseInterceptor.java:53] 
Inside prehandle
2024-08-13 21:03:38,496 INFO [http-nio-9999-exec-3] c.d.a.i.BaseInterceptor [BaseInterceptor.java:233] 
############Request Processing started for request-id null and esbURL is /error
2024-08-13 21:03:38,496 INFO [http-nio-9999-exec-3] c.d.a.i.BaseInterceptor [BaseInterceptor.java:249] 
Invalid URL sent by requestId null
2024-08-13 21:03:38,497 DEBUG [http-nio-9999-exec-3] o.s.w.s.DispatcherServlet [FrameworkServlet.java:1135] 
Exiting from "ERROR" dispatch, status 404
2024-08-13 21:03:39,703 DEBUG [http-nio-9999-exec-8] o.s.w.s.DispatcherServlet [LogFormatUtils.java:120] 
GET "/favicon.ico", parameters={}
2024-08-13 21:03:39,704 DEBUG [http-nio-9999-exec-8] o.s.w.s.h.SimpleUrlHandlerMapping [AbstractHandlerMapping.java:531] 
Mapped to ResourceHttpRequestHandler [classpath [META-INF/resources/], classpath [resources/], classpath [static/], classpath [public/], ServletContext [/]]
2024-08-13 21:03:39,704 INFO [http-nio-9999-exec-8] c.d.a.i.BaseInterceptor [BaseInterceptor.java:53] 
Inside prehandle
2024-08-13 21:03:39,705 INFO [http-nio-9999-exec-8] c.d.a.i.BaseInterceptor [BaseInterceptor.java:233] 
############Request Processing started for request-id null and esbURL is /favicon.ico
2024-08-13 21:03:39,705 INFO [http-nio-9999-exec-8] c.d.a.i.BaseInterceptor [BaseInterceptor.java:249] 
Invalid URL sent by requestId null
2024-08-13 21:03:39,705 DEBUG [http-nio-9999-exec-8] o.s.w.s.DispatcherServlet [FrameworkServlet.java:1138] 
Completed 404 NOT_FOUND
2024-08-13 21:03:39,706 DEBUG [http-nio-9999-exec-8] o.s.w.s.DispatcherServlet [LogFormatUtils.java:120] 
"ERROR" dispatch for GET "/error", parameters={}
2024-08-13 21:03:39,706 DEBUG [http-nio-9999-exec-8] o.s.w.s.m.m.a.RequestMappingHandlerMapping [AbstractHandlerMapping.java:531] 
Mapped to org.springframework.boot.autoconfigure.web.servlet.error.BasicErrorController#error(HttpServletRequest)
2024-08-13 21:03:39,707 INFO [http-nio-9999-exec-8] c.d.a.i.BaseInterceptor [BaseInterceptor.java:53] 
Inside prehandle
2024-08-13 21:03:39,707 INFO [http-nio-9999-exec-8] c.d.a.i.BaseInterceptor [BaseInterceptor.java:233] 
############Request Processing started for request-id null and esbURL is /error
2024-08-13 21:03:39,707 INFO [http-nio-9999-exec-8] c.d.a.i.BaseInterceptor [BaseInterceptor.java:249] 
Invalid URL sent by requestId null
2024-08-13 21:03:39,707 DEBUG [http-nio-9999-exec-8] o.s.w.s.DispatcherServlet [FrameworkServlet.java:1135] 
Exiting from "ERROR" dispatch, status 404
2024-08-13 21:03:39,730 DEBUG [http-nio-9999-exec-10] o.s.w.s.DispatcherServlet [LogFormatUtils.java:120] 
GET "/", parameters={}
2024-08-13 21:03:39,731 DEBUG [http-nio-9999-exec-10] o.s.w.s.h.SimpleUrlHandlerMapping [AbstractHandlerMapping.java:531] 
Mapped to ResourceHttpRequestHandler [classpath [META-INF/resources/], classpath [resources/], classpath [static/], classpath [public/], ServletContext [/]]
2024-08-13 21:03:39,732 INFO [http-nio-9999-exec-10] c.d.a.i.BaseInterceptor [BaseInterceptor.java:53] 
Inside prehandle
2024-08-13 21:03:39,732 INFO [http-nio-9999-exec-10] c.d.a.i.BaseInterceptor [BaseInterceptor.java:233] 
############Request Processing started for request-id null and esbURL is /
2024-08-13 21:03:39,732 INFO [http-nio-9999-exec-10] c.d.a.i.BaseInterceptor [BaseInterceptor.java:249] 
Invalid URL sent by requestId null
2024-08-13 21:03:39,732 DEBUG [http-nio-9999-exec-10] o.s.w.s.DispatcherServlet [FrameworkServlet.java:1138] 
Completed 404 NOT_FOUND
2024-08-13 21:03:39,735 DEBUG [http-nio-9999-exec-10] o.s.w.s.DispatcherServlet [LogFormatUtils.java:120] 
"ERROR" dispatch for GET "/error", parameters={}
2024-08-13 21:03:39,737 DEBUG [http-nio-9999-exec-10] o.s.w.s.m.m.a.RequestMappingHandlerMapping [AbstractHandlerMapping.java:531] 
Mapped to org.springframework.boot.autoconfigure.web.servlet.error.BasicErrorController#error(HttpServletRequest)
2024-08-13 21:03:39,737 INFO [http-nio-9999-exec-10] c.d.a.i.BaseInterceptor [BaseInterceptor.java:53] 
Inside prehandle
2024-08-13 21:03:39,738 INFO [http-nio-9999-exec-10] c.d.a.i.BaseInterceptor [BaseInterceptor.java:233] 
############Request Processing started for request-id null and esbURL is /error
2024-08-13 21:03:39,739 INFO [http-nio-9999-exec-10] c.d.a.i.BaseInterceptor [BaseInterceptor.java:249] 
Invalid URL sent by requestId null
2024-08-13 21:03:39,739 DEBUG [http-nio-9999-exec-10] o.s.w.s.DispatcherServlet [FrameworkServlet.java:1135] 
Exiting from "ERROR" dispatch, status 404
2024-08-13 21:03:39,791 DEBUG [http-nio-9999-exec-2] o.s.w.s.DispatcherServlet [LogFormatUtils.java:120] 
GET "/robots.txt", parameters={}
2024-08-13 21:03:39,792 DEBUG [http-nio-9999-exec-2] o.s.w.s.h.SimpleUrlHandlerMapping [AbstractHandlerMapping.java:531] 
Mapped to ResourceHttpRequestHandler [classpath [META-INF/resources/], classpath [resources/], classpath [static/], classpath [public/], ServletContext [/]]
2024-08-13 21:03:39,792 INFO [http-nio-9999-exec-2] c.d.a.i.BaseInterceptor [BaseInterceptor.java:53] 
Inside prehandle
2024-08-13 21:03:39,793 INFO [http-nio-9999-exec-2] c.d.a.i.BaseInterceptor [BaseInterceptor.java:233] 
############Request Processing started for request-id null and esbURL is /robots.txt
2024-08-13 21:03:39,793 INFO [http-nio-9999-exec-2] c.d.a.i.BaseInterceptor [BaseInterceptor.java:249] 
Invalid URL sent by requestId null
2024-08-13 21:03:39,793 DEBUG [http-nio-9999-exec-2] o.s.w.s.DispatcherServlet [FrameworkServlet.java:1138] 
Completed 404 NOT_FOUND
2024-08-13 21:03:39,802 DEBUG [http-nio-9999-exec-2] o.s.w.s.DispatcherServlet [LogFormatUtils.java:120] 
"ERROR" dispatch for GET "/error", parameters={}
2024-08-13 21:03:39,811 DEBUG [http-nio-9999-exec-2] o.s.w.s.m.m.a.RequestMappingHandlerMapping [AbstractHandlerMapping.java:531] 
Mapped to org.springframework.boot.autoconfigure.web.servlet.error.BasicErrorController#error(HttpServletRequest)
2024-08-13 21:03:39,812 INFO [http-nio-9999-exec-2] c.d.a.i.BaseInterceptor [BaseInterceptor.java:53] 
Inside prehandle
2024-08-13 21:03:39,813 INFO [http-nio-9999-exec-2] c.d.a.i.BaseInterceptor [BaseInterceptor.java:233] 
############Request Processing started for request-id null and esbURL is /error
2024-08-13 21:03:39,814 INFO [http-nio-9999-exec-2] c.d.a.i.BaseInterceptor [BaseInterceptor.java:249] 
Invalid URL sent by requestId null
2024-08-13 21:03:39,815 DEBUG [http-nio-9999-exec-2] o.s.w.s.DispatcherServlet [FrameworkServlet.java:1135] 
Exiting from "ERROR" dispatch, status 404
2024-08-13 21:03:40,706 DEBUG [http-nio-9999-exec-3] o.s.w.s.DispatcherServlet [LogFormatUtils.java:120] 
GET "/", parameters={}
2024-08-13 21:03:40,709 DEBUG [http-nio-9999-exec-3] o.s.w.s.h.SimpleUrlHandlerMapping [AbstractHandlerMapping.java:531] 
Mapped to ResourceHttpRequestHandler [classpath [META-INF/resources/], classpath [resources/], classpath [static/], classpath [public/], ServletContext [/]]
2024-08-13 21:03:40,709 INFO [http-nio-9999-exec-3] c.d.a.i.BaseInterceptor [BaseInterceptor.java:53] 
Inside prehandle
2024-08-13 21:03:40,709 INFO [http-nio-9999-exec-3] c.d.a.i.BaseInterceptor [BaseInterceptor.java:233] 
############Request Processing started for request-id null and esbURL is /
2024-08-13 21:03:40,710 INFO [http-nio-9999-exec-3] c.d.a.i.BaseInterceptor [BaseInterceptor.java:249] 
Invalid URL sent by requestId null
2024-08-13 21:03:40,710 DEBUG [http-nio-9999-exec-3] o.s.w.s.DispatcherServlet [FrameworkServlet.java:1138] 
Completed 404 NOT_FOUND
2024-08-13 21:03:40,713 DEBUG [http-nio-9999-exec-3] o.s.w.s.DispatcherServlet [LogFormatUtils.java:120] 
"ERROR" dispatch for GET "/error", parameters={}
2024-08-13 21:03:40,717 DEBUG [http-nio-9999-exec-3] o.s.w.s.m.m.a.RequestMappingHandlerMapping [AbstractHandlerMapping.java:531] 
Mapped to org.springframework.boot.autoconfigure.web.servlet.error.BasicErrorController#error(HttpServletRequest)
2024-08-13 21:03:40,717 INFO [http-nio-9999-exec-3] c.d.a.i.BaseInterceptor [BaseInterceptor.java:53] 
Inside prehandle
2024-08-13 21:03:40,717 INFO [http-nio-9999-exec-3] c.d.a.i.BaseInterceptor [BaseInterceptor.java:233] 
############Request Processing started for request-id null and esbURL is /error
2024-08-13 21:03:40,718 INFO [http-nio-9999-exec-3] c.d.a.i.BaseInterceptor [BaseInterceptor.java:249] 
Invalid URL sent by requestId null
2024-08-13 21:03:40,718 DEBUG [http-nio-9999-exec-3] o.s.w.s.DispatcherServlet [FrameworkServlet.java:1135] 
Exiting from "ERROR" dispatch, status 404
2024-08-13 21:03:40,885 DEBUG [http-nio-9999-exec-6] o.s.w.s.DispatcherServlet [LogFormatUtils.java:120] 
GET "/triton-help/en/first.htm", parameters={}
2024-08-13 21:03:40,886 DEBUG [http-nio-9999-exec-6] o.s.w.s.h.SimpleUrlHandlerMapping [AbstractHandlerMapping.java:531] 
Mapped to ResourceHttpRequestHandler [classpath [META-INF/resources/], classpath [resources/], classpath [static/], classpath [public/], ServletContext [/]]
2024-08-13 21:03:40,886 INFO [http-nio-9999-exec-6] c.d.a.i.BaseInterceptor [BaseInterceptor.java:53] 
Inside prehandle
2024-08-13 21:03:40,887 INFO [http-nio-9999-exec-6] c.d.a.i.BaseInterceptor [BaseInterceptor.java:233] 
############Request Processing started for request-id null and esbURL is /triton-help/en/first.htm
2024-08-13 21:03:40,887 INFO [http-nio-9999-exec-6] c.d.a.i.BaseInterceptor [BaseInterceptor.java:249] 
Invalid URL sent by requestId null
2024-08-13 21:03:40,887 DEBUG [http-nio-9999-exec-6] o.s.w.s.DispatcherServlet [FrameworkServlet.java:1138] 
Completed 404 NOT_FOUND
2024-08-13 21:03:40,888 DEBUG [http-nio-9999-exec-6] o.s.w.s.DispatcherServlet [LogFormatUtils.java:120] 
"ERROR" dispatch for GET "/error", parameters={}
2024-08-13 21:03:40,889 DEBUG [http-nio-9999-exec-6] o.s.w.s.m.m.a.RequestMappingHandlerMapping [AbstractHandlerMapping.java:531] 
Mapped to org.springframework.boot.autoconfigure.web.servlet.error.BasicErrorController#error(HttpServletRequest)
2024-08-13 21:03:40,889 INFO [http-nio-9999-exec-6] c.d.a.i.BaseInterceptor [BaseInterceptor.java:53] 
Inside prehandle
2024-08-13 21:03:40,889 INFO [http-nio-9999-exec-6] c.d.a.i.BaseInterceptor [BaseInterceptor.java:233] 
############Request Processing started for request-id null and esbURL is /error
2024-08-13 21:03:40,890 INFO [http-nio-9999-exec-6] c.d.a.i.BaseInterceptor [BaseInterceptor.java:249] 
Invalid URL sent by requestId null
2024-08-13 21:03:40,890 DEBUG [http-nio-9999-exec-6] o.s.w.s.DispatcherServlet [FrameworkServlet.java:1135] 
Exiting from "ERROR" dispatch, status 404
2024-08-13 21:03:42,622 DEBUG [http-nio-9999-exec-8] o.s.w.s.DispatcherServlet [LogFormatUtils.java:120] 
GET "/", parameters={}
2024-08-13 21:03:42,623 DEBUG [http-nio-9999-exec-8] o.s.w.s.h.SimpleUrlHandlerMapping [AbstractHandlerMapping.java:531] 
Mapped to ResourceHttpRequestHandler [classpath [META-INF/resources/], classpath [resources/], classpath [static/], classpath [public/], ServletContext [/]]
2024-08-13 21:03:42,623 INFO [http-nio-9999-exec-8] c.d.a.i.BaseInterceptor [BaseInterceptor.java:53] 
Inside prehandle
2024-08-13 21:03:42,623 INFO [http-nio-9999-exec-8] c.d.a.i.BaseInterceptor [BaseInterceptor.java:233] 
############Request Processing started for request-id null and esbURL is /
2024-08-13 21:03:46,182 INFO [http-nio-9999-exec-8] c.d.a.i.BaseInterceptor [BaseInterceptor.java:249] 
Invalid URL sent by requestId null
2024-08-13 21:03:46,183 DEBUG [http-nio-9999-exec-8] o.s.w.s.DispatcherServlet [FrameworkServlet.java:1138] 
Completed 404 NOT_FOUND
2024-08-13 21:03:46,183 DEBUG [http-nio-9999-exec-8] o.s.w.s.DispatcherServlet [LogFormatUtils.java:120] 
"ERROR" dispatch for GET "/error", parameters={}
2024-08-13 21:03:46,183 DEBUG [http-nio-9999-exec-8] o.s.w.s.m.m.a.RequestMappingHandlerMapping [AbstractHandlerMapping.java:531] 
Mapped to org.springframework.boot.autoconfigure.web.servlet.error.BasicErrorController#error(HttpServletRequest)
2024-08-13 21:03:46,184 INFO [http-nio-9999-exec-8] c.d.a.i.BaseInterceptor [BaseInterceptor.java:53] 
Inside prehandle
2024-08-13 21:03:46,184 INFO [http-nio-9999-exec-8] c.d.a.i.BaseInterceptor [BaseInterceptor.java:233] 
############Request Processing started for request-id null and esbURL is /error
2024-08-13 21:03:46,185 INFO [http-nio-9999-exec-8] c.d.a.i.BaseInterceptor [BaseInterceptor.java:249] 
Invalid URL sent by requestId null
2024-08-13 21:03:46,185 DEBUG [http-nio-9999-exec-8] o.s.w.s.DispatcherServlet [FrameworkServlet.java:1135] 
Exiting from "ERROR" dispatch, status 404
2024-08-13 21:03:45,198 DEBUG [http-nio-9999-exec-9] o.s.w.s.DispatcherServlet [LogFormatUtils.java:120] 
GET "/", parameters={}
2024-08-13 21:03:46,187 DEBUG [http-nio-9999-exec-9] o.s.w.s.h.SimpleUrlHandlerMapping [AbstractHandlerMapping.java:531] 
Mapped to ResourceHttpRequestHandler [classpath [META-INF/resources/], classpath [resources/], classpath [static/], classpath [public/], ServletContext [/]]
2024-08-13 21:03:46,187 INFO [http-nio-9999-exec-9] c.d.a.i.BaseInterceptor [BaseInterceptor.java:53] 
Inside prehandle
2024-08-13 21:03:46,187 INFO [http-nio-9999-exec-9] c.d.a.i.BaseInterceptor [BaseInterceptor.java:233] 
############Request Processing started for request-id null and esbURL is /
2024-08-13 21:03:46,188 INFO [http-nio-9999-exec-9] c.d.a.i.BaseInterceptor [BaseInterceptor.java:249] 
Invalid URL sent by requestId null
2024-08-13 21:03:46,188 DEBUG [http-nio-9999-exec-9] o.s.w.s.DispatcherServlet [FrameworkServlet.java:1138] 
Completed 404 NOT_FOUND
2024-08-13 21:03:46,188 DEBUG [http-nio-9999-exec-9] o.s.w.s.DispatcherServlet [LogFormatUtils.java:120] 
"ERROR" dispatch for GET "/error", parameters={}
2024-08-13 21:03:46,189 DEBUG [http-nio-9999-exec-9] o.s.w.s.m.m.a.RequestMappingHandlerMapping [AbstractHandlerMapping.java:531] 
Mapped to org.springframework.boot.autoconfigure.web.servlet.error.BasicErrorController#error(HttpServletRequest)
2024-08-13 21:03:50,932 INFO [http-nio-9999-exec-9] c.d.a.i.BaseInterceptor [BaseInterceptor.java:53] 
Inside prehandle
2024-08-13 21:03:50,932 INFO [http-nio-9999-exec-9] c.d.a.i.BaseInterceptor [BaseInterceptor.java:233] 
############Request Processing started for request-id null and esbURL is /error
2024-08-13 21:03:50,933 INFO [http-nio-9999-exec-9] c.d.a.i.BaseInterceptor [BaseInterceptor.java:249] 
Invalid URL sent by requestId null
2024-08-13 21:03:50,933 DEBUG [http-nio-9999-exec-9] o.s.w.s.DispatcherServlet [FrameworkServlet.java:1135] 
Exiting from "ERROR" dispatch, status 404
2024-08-13 21:03:46,229 DEBUG [http-nio-9999-exec-1] o.s.w.s.DispatcherServlet [LogFormatUtils.java:120] 
GET "/console/login/LoginForm.jsp", parameters={}
2024-08-13 21:03:50,934 DEBUG [http-nio-9999-exec-1] o.s.w.s.h.SimpleUrlHandlerMapping [AbstractHandlerMapping.java:531] 
Mapped to ResourceHttpRequestHandler [classpath [META-INF/resources/], classpath [resources/], classpath [static/], classpath [public/], ServletContext [/]]
2024-08-13 21:03:50,935 INFO [http-nio-9999-exec-1] c.d.a.i.BaseInterceptor [BaseInterceptor.java:53] 
Inside prehandle
2024-08-13 21:03:50,935 INFO [http-nio-9999-exec-1] c.d.a.i.BaseInterceptor [BaseInterceptor.java:233] 
############Request Processing started for request-id null and esbURL is /console/login/LoginForm.jsp
2024-08-13 21:03:50,935 INFO [http-nio-9999-exec-1] c.d.a.i.BaseInterceptor [BaseInterceptor.java:249] 
Invalid URL sent by requestId null
2024-08-13 21:03:50,935 DEBUG [http-nio-9999-exec-1] o.s.w.s.DispatcherServlet [FrameworkServlet.java:1138] 
Completed 404 NOT_FOUND
2024-08-13 21:03:50,936 DEBUG [http-nio-9999-exec-1] o.s.w.s.DispatcherServlet [LogFormatUtils.java:120] 
"ERROR" dispatch for GET "/error", parameters={}
2024-08-13 21:03:50,936 DEBUG [http-nio-9999-exec-1] o.s.w.s.m.m.a.RequestMappingHandlerMapping [AbstractHandlerMapping.java:531] 
Mapped to org.springframework.boot.autoconfigure.web.servlet.error.BasicErrorController#error(HttpServletRequest)
2024-08-13 21:03:50,936 INFO [http-nio-9999-exec-1] c.d.a.i.BaseInterceptor [BaseInterceptor.java:53] 
Inside prehandle
2024-08-13 21:03:50,936 INFO [http-nio-9999-exec-1] c.d.a.i.BaseInterceptor [BaseInterceptor.java:233] 
############Request Processing started for request-id null and esbURL is /error
2024-08-13 21:03:51,275 DEBUG [http-nio-9999-exec-4] o.s.w.s.DispatcherServlet [LogFormatUtils.java:120] 
GET "/console/login/LoginForm.jsp", parameters={}
2024-08-13 21:03:47,039 INFO [http-nio-9999-exec-2] o.a.c.h.Http11Processor [DirectJDKLog.java:175] 
Error parsing HTTP request header
 Note: further occurrences of HTTP request parsing errors will be logged at DEBUG level.
java.lang.IllegalArgumentException: Invalid character found in method name [0x160x030x010x020x000x010x000x010xfc0x030x030xff0xbc0xdc"60xb20x9a0xcf0xb20x82T<i0x8b0x0cL0xba0xdeu0xd40x800xda0xb5j0xee0xb60xcd0xfa80xdaO0xc6 ]. HTTP method names must be tokens
	at org.apache.coyote.http11.Http11InputBuffer.parseRequestLine(Http11InputBuffer.java:407)
	at org.apache.coyote.http11.Http11Processor.service(Http11Processor.java:262)
	at org.apache.coyote.AbstractProcessorLight.process(AbstractProcessorLight.java:63)
	at org.apache.coyote.AbstractProtocol$ConnectionHandler.process(AbstractProtocol.java:904)
	at org.apache.tomcat.util.net.NioEndpoint$SocketProcessor.doRun(NioEndpoint.java:1741)
	at org.apache.tomcat.util.net.SocketProcessorBase.run(SocketProcessorBase.java:52)
	at org.apache.tomcat.util.threads.ThreadPoolExecutor.runWorker(ThreadPoolExecutor.java:1190)
	at org.apache.tomcat.util.threads.ThreadPoolExecutor$Worker.run(ThreadPoolExecutor.java:659)
	at org.apache.tomcat.util.threads.TaskThread$WrappingRunnable.run(TaskThread.java:63)
	at java.base/java.lang.Thread.run(Thread.java:833)
2024-08-13 21:03:55,686 DEBUG [http-nio-9999-exec-4] o.s.w.s.h.SimpleUrlHandlerMapping [AbstractHandlerMapping.java:531] 
Mapped to ResourceHttpRequestHandler [classpath [META-INF/resources/], classpath [resources/], classpath [static/], classpath [public/], ServletContext [/]]
2024-08-13 21:03:55,686 INFO [http-nio-9999-exec-4] c.d.a.i.BaseInterceptor [BaseInterceptor.java:53] 
Inside prehandle
2024-08-13 21:03:55,686 INFO [http-nio-9999-exec-4] c.d.a.i.BaseInterceptor [BaseInterceptor.java:233] 
############Request Processing started for request-id null and esbURL is /console/login/LoginForm.jsp
2024-08-13 21:03:55,687 INFO [http-nio-9999-exec-4] c.d.a.i.BaseInterceptor [BaseInterceptor.java:249] 
Invalid URL sent by requestId null
2024-08-13 21:03:55,687 DEBUG [http-nio-9999-exec-4] o.s.w.s.DispatcherServlet [FrameworkServlet.java:1138] 
Completed 404 NOT_FOUND
2024-08-13 21:03:55,687 DEBUG [http-nio-9999-exec-4] o.s.w.s.DispatcherServlet [LogFormatUtils.java:120] 
"ERROR" dispatch for GET "/error", parameters={}
2024-08-13 21:03:55,683 INFO [http-nio-9999-exec-1] c.d.a.i.BaseInterceptor [BaseInterceptor.java:249] 
Invalid URL sent by requestId null
2024-08-13 21:03:54,710 DEBUG [http-nio-9999-exec-3] o.s.w.s.DispatcherServlet [LogFormatUtils.java:120] 
GET "/", parameters={}
2024-08-13 21:03:55,688 DEBUG [http-nio-9999-exec-1] o.s.w.s.DispatcherServlet [FrameworkServlet.java:1135] 
Exiting from "ERROR" dispatch, status 404
2024-08-13 21:03:55,688 DEBUG [http-nio-9999-exec-3] o.s.w.s.h.SimpleUrlHandlerMapping [AbstractHandlerMapping.java:531] 
Mapped to ResourceHttpRequestHandler [classpath [META-INF/resources/], classpath [resources/], classpath [static/], classpath [public/], ServletContext [/]]
2024-08-13 21:03:55,687 DEBUG [http-nio-9999-exec-4] o.s.w.s.m.m.a.RequestMappingHandlerMapping [AbstractHandlerMapping.java:531] 
Mapped to org.springframework.boot.autoconfigure.web.servlet.error.BasicErrorController#error(HttpServletRequest)
2024-08-13 21:03:55,688 INFO [http-nio-9999-exec-3] c.d.a.i.BaseInterceptor [BaseInterceptor.java:53] 
Inside prehandle
2024-08-13 21:04:00,433 INFO [http-nio-9999-exec-3] c.d.a.i.BaseInterceptor [BaseInterceptor.java:233] 
############Request Processing started for request-id null and esbURL is /
2024-08-13 21:04:00,434 INFO [http-nio-9999-exec-3] c.d.a.i.BaseInterceptor [BaseInterceptor.java:249] 
Invalid URL sent by requestId null
2024-08-13 21:04:00,434 DEBUG [http-nio-9999-exec-3] o.s.w.s.DispatcherServlet [FrameworkServlet.java:1138] 
Completed 404 NOT_FOUND
2024-08-13 21:04:00,434 DEBUG [http-nio-9999-exec-3] o.s.w.s.DispatcherServlet [LogFormatUtils.java:120] 
"ERROR" dispatch for GET "/error", parameters={}
2024-08-13 21:04:00,434 DEBUG [http-nio-9999-exec-3] o.s.w.s.m.m.a.RequestMappingHandlerMapping [AbstractHandlerMapping.java:531] 
Mapped to org.springframework.boot.autoconfigure.web.servlet.error.BasicErrorController#error(HttpServletRequest)
2024-08-13 21:04:00,435 INFO [http-nio-9999-exec-3] c.d.a.i.BaseInterceptor [BaseInterceptor.java:53] 
Inside prehandle
2024-08-13 21:04:00,435 INFO [http-nio-9999-exec-3] c.d.a.i.BaseInterceptor [BaseInterceptor.java:233] 
############Request Processing started for request-id null and esbURL is /error
2024-08-13 21:04:00,435 INFO [http-nio-9999-exec-3] c.d.a.i.BaseInterceptor [BaseInterceptor.java:249] 
Invalid URL sent by requestId null
2024-08-13 21:04:00,435 DEBUG [http-nio-9999-exec-3] o.s.w.s.DispatcherServlet [FrameworkServlet.java:1135] 
Exiting from "ERROR" dispatch, status 404
2024-08-13 21:04:00,445 INFO [http-nio-9999-exec-4] c.d.a.i.BaseInterceptor [BaseInterceptor.java:53] 
Inside prehandle
2024-08-13 21:04:00,445 INFO [http-nio-9999-exec-4] c.d.a.i.BaseInterceptor [BaseInterceptor.java:233] 
############Request Processing started for request-id null and esbURL is /error
2024-08-13 21:04:00,446 INFO [http-nio-9999-exec-4] c.d.a.i.BaseInterceptor [BaseInterceptor.java:249] 
Invalid URL sent by requestId null
2024-08-13 21:04:00,446 DEBUG [http-nio-9999-exec-4] o.s.w.s.DispatcherServlet [FrameworkServlet.java:1135] 
Exiting from "ERROR" dispatch, status 404
2024-08-13 21:04:01,458 DEBUG [http-nio-9999-exec-8] o.s.w.s.DispatcherServlet [LogFormatUtils.java:120] 
GET "/", parameters={}
2024-08-13 21:04:01,459 DEBUG [http-nio-9999-exec-8] o.s.w.s.h.SimpleUrlHandlerMapping [AbstractHandlerMapping.java:531] 
Mapped to ResourceHttpRequestHandler [classpath [META-INF/resources/], classpath [resources/], classpath [static/], classpath [public/], ServletContext [/]]
2024-08-13 21:04:05,186 INFO [http-nio-9999-exec-8] c.d.a.i.BaseInterceptor [BaseInterceptor.java:53] 
Inside prehandle
2024-08-13 21:04:05,187 INFO [http-nio-9999-exec-8] c.d.a.i.BaseInterceptor [BaseInterceptor.java:233] 
############Request Processing started for request-id null and esbURL is /
2024-08-13 21:04:05,187 INFO [http-nio-9999-exec-8] c.d.a.i.BaseInterceptor [BaseInterceptor.java:249] 
Invalid URL sent by requestId null
2024-08-13 21:04:05,187 DEBUG [http-nio-9999-exec-8] o.s.w.s.DispatcherServlet [FrameworkServlet.java:1138] 
Completed 404 NOT_FOUND
2024-08-13 21:04:05,188 DEBUG [http-nio-9999-exec-8] o.s.w.s.DispatcherServlet [LogFormatUtils.java:120] 
"ERROR" dispatch for GET "/error", parameters={}
2024-08-13 21:04:05,189 DEBUG [http-nio-9999-exec-8] o.s.w.s.m.m.a.RequestMappingHandlerMapping [AbstractHandlerMapping.java:531] 
Mapped to org.springframework.boot.autoconfigure.web.servlet.error.BasicErrorController#error(HttpServletRequest)
2024-08-13 21:04:05,189 INFO [http-nio-9999-exec-8] c.d.a.i.BaseInterceptor [BaseInterceptor.java:53] 
Inside prehandle
2024-08-13 21:04:05,189 INFO [http-nio-9999-exec-8] c.d.a.i.BaseInterceptor [BaseInterceptor.java:233] 
############Request Processing started for request-id null and esbURL is /error
2024-08-13 21:04:05,190 INFO [http-nio-9999-exec-8] c.d.a.i.BaseInterceptor [BaseInterceptor.java:249] 
Invalid URL sent by requestId null
2024-08-13 21:04:05,191 DEBUG [http-nio-9999-exec-8] o.s.w.s.DispatcherServlet [FrameworkServlet.java:1135] 
Exiting from "ERROR" dispatch, status 404
2024-08-13 21:04:03,166 DEBUG [http-nio-9999-exec-10] o.s.w.s.DispatcherServlet [LogFormatUtils.java:120] 
GET "/usage/", parameters={}
2024-08-13 21:04:05,198 DEBUG [http-nio-9999-exec-10] o.s.w.s.h.SimpleUrlHandlerMapping [AbstractHandlerMapping.java:531] 
Mapped to ResourceHttpRequestHandler [classpath [META-INF/resources/], classpath [resources/], classpath [static/], classpath [public/], ServletContext [/]]
2024-08-13 21:04:05,198 INFO [http-nio-9999-exec-10] c.d.a.i.BaseInterceptor [BaseInterceptor.java:53] 
Inside prehandle
2024-08-13 21:04:05,198 INFO [http-nio-9999-exec-10] c.d.a.i.BaseInterceptor [BaseInterceptor.java:233] 
############Request Processing started for request-id null and esbURL is /usage/
2024-08-13 21:04:09,934 INFO [http-nio-9999-exec-10] c.d.a.i.BaseInterceptor [BaseInterceptor.java:249] 
Invalid URL sent by requestId null
2024-08-13 21:04:09,935 DEBUG [http-nio-9999-exec-10] o.s.w.s.DispatcherServlet [FrameworkServlet.java:1138] 
Completed 404 NOT_FOUND
2024-08-13 21:04:09,936 DEBUG [http-nio-9999-exec-10] o.s.w.s.DispatcherServlet [LogFormatUtils.java:120] 
"ERROR" dispatch for GET "/error", parameters={}
2024-08-13 21:04:09,936 DEBUG [http-nio-9999-exec-10] o.s.w.s.m.m.a.RequestMappingHandlerMapping [AbstractHandlerMapping.java:531] 
Mapped to org.springframework.boot.autoconfigure.web.servlet.error.BasicErrorController#error(HttpServletRequest)
2024-08-13 21:04:09,936 INFO [http-nio-9999-exec-10] c.d.a.i.BaseInterceptor [BaseInterceptor.java:53] 
Inside prehandle
2024-08-13 21:04:09,937 INFO [http-nio-9999-exec-10] c.d.a.i.BaseInterceptor [BaseInterceptor.java:233] 
############Request Processing started for request-id null and esbURL is /error
2024-08-13 21:04:09,937 INFO [http-nio-9999-exec-10] c.d.a.i.BaseInterceptor [BaseInterceptor.java:249] 
Invalid URL sent by requestId null
2024-08-13 21:04:09,937 DEBUG [http-nio-9999-exec-10] o.s.w.s.DispatcherServlet [FrameworkServlet.java:1135] 
Exiting from "ERROR" dispatch, status 404
2024-08-13 21:04:05,249 DEBUG [http-nio-9999-exec-2] o.s.w.s.DispatcherServlet [LogFormatUtils.java:120] 
PROPFIND "/", parameters={}
2024-08-13 21:04:09,938 DEBUG [http-nio-9999-exec-2] o.s.w.s.h.SimpleUrlHandlerMapping [AbstractHandlerMapping.java:531] 
Mapped to ResourceHttpRequestHandler [classpath [META-INF/resources/], classpath [resources/], classpath [static/], classpath [public/], ServletContext [/]]
2024-08-13 21:04:09,938 INFO [http-nio-9999-exec-2] c.d.a.i.BaseInterceptor [BaseInterceptor.java:53] 
Inside prehandle
2024-08-13 21:04:09,939 DEBUG [http-nio-9999-exec-2] o.s.w.s.DispatcherServlet [FrameworkServlet.java:1138] 
Completed 200 OK
2024-08-13 21:04:09,979 DEBUG [http-nio-9999-exec-3] o.s.w.s.DispatcherServlet [LogFormatUtils.java:120] 
GET "/webalizer/", parameters={}
2024-08-13 21:04:09,980 DEBUG [http-nio-9999-exec-3] o.s.w.s.h.SimpleUrlHandlerMapping [AbstractHandlerMapping.java:531] 
Mapped to ResourceHttpRequestHandler [classpath [META-INF/resources/], classpath [resources/], classpath [static/], classpath [public/], ServletContext [/]]
2024-08-13 21:04:09,980 INFO [http-nio-9999-exec-3] c.d.a.i.BaseInterceptor [BaseInterceptor.java:53] 
Inside prehandle
2024-08-13 21:04:09,980 INFO [http-nio-9999-exec-3] c.d.a.i.BaseInterceptor [BaseInterceptor.java:233] 
############Request Processing started for request-id null and esbURL is /webalizer/
2024-08-13 21:04:09,981 INFO [http-nio-9999-exec-3] c.d.a.i.BaseInterceptor [BaseInterceptor.java:249] 
Invalid URL sent by requestId null
2024-08-13 21:04:09,981 DEBUG [http-nio-9999-exec-3] o.s.w.s.DispatcherServlet [FrameworkServlet.java:1138] 
Completed 404 NOT_FOUND
2024-08-13 21:04:09,981 DEBUG [http-nio-9999-exec-3] o.s.w.s.DispatcherServlet [LogFormatUtils.java:120] 
"ERROR" dispatch for GET "/error", parameters={}
2024-08-13 21:04:11,146 INFO [http-nio-9999-exec-4] o.a.c.h.Http11Processor [DirectJDKLog.java:175] 
Error parsing HTTP request header
 Note: further occurrences of HTTP request parsing errors will be logged at DEBUG level.
java.lang.IllegalArgumentException: Invalid character found in method name [0x160x030x010x020x000x010x000x010xfc0x030x030xb40xcb0x9a$_0xc7N0x900xf10x8b0xf1C0xa7CT0x180xfe0x010xd0Q0x070x170xec0xb3j0xaac0xb10xe30x030x9b0xef ]. HTTP method names must be tokens
	at org.apache.coyote.http11.Http11InputBuffer.parseRequestLine(Http11InputBuffer.java:407)
	at org.apache.coyote.http11.Http11Processor.service(Http11Processor.java:262)
	at org.apache.coyote.AbstractProcessorLight.process(AbstractProcessorLight.java:63)
	at org.apache.coyote.AbstractProtocol$ConnectionHandler.process(AbstractProtocol.java:904)
	at org.apache.tomcat.util.net.NioEndpoint$SocketProcessor.doRun(NioEndpoint.java:1741)
	at org.apache.tomcat.util.net.SocketProcessorBase.run(SocketProcessorBase.java:52)
	at org.apache.tomcat.util.threads.ThreadPoolExecutor.runWorker(ThreadPoolExecutor.java:1190)
	at org.apache.tomcat.util.threads.ThreadPoolExecutor$Worker.run(ThreadPoolExecutor.java:659)
	at org.apache.tomcat.util.threads.TaskThread$WrappingRunnable.run(TaskThread.java:63)
	at java.base/java.lang.Thread.run(Thread.java:833)
2024-08-13 21:04:14,684 DEBUG [http-nio-9999-exec-3] o.s.w.s.m.m.a.RequestMappingHandlerMapping [AbstractHandlerMapping.java:531] 
Mapped to org.springframework.boot.autoconfigure.web.servlet.error.BasicErrorController#error(HttpServletRequest)
2024-08-13 21:04:14,685 INFO [http-nio-9999-exec-3] c.d.a.i.BaseInterceptor [BaseInterceptor.java:53] 
Inside prehandle
2024-08-13 21:04:14,685 INFO [http-nio-9999-exec-3] c.d.a.i.BaseInterceptor [BaseInterceptor.java:233] 
############Request Processing started for request-id null and esbURL is /error
2024-08-13 21:04:14,685 INFO [http-nio-9999-exec-3] c.d.a.i.BaseInterceptor [BaseInterceptor.java:249] 
Invalid URL sent by requestId null
2024-08-13 21:04:14,685 DEBUG [http-nio-9999-exec-3] o.s.w.s.DispatcherServlet [FrameworkServlet.java:1135] 
Exiting from "ERROR" dispatch, status 404
2024-08-13 21:04:12,913 DEBUG [http-nio-9999-exec-5] o.s.w.s.DispatcherServlet [LogFormatUtils.java:120] 
GET "/", parameters={}
2024-08-13 21:04:14,687 DEBUG [http-nio-9999-exec-5] o.s.w.s.h.SimpleUrlHandlerMapping [AbstractHandlerMapping.java:531] 
Mapped to ResourceHttpRequestHandler [classpath [META-INF/resources/], classpath [resources/], classpath [static/], classpath [public/], ServletContext [/]]
2024-08-13 21:04:14,687 INFO [http-nio-9999-exec-5] c.d.a.i.BaseInterceptor [BaseInterceptor.java:53] 
Inside prehandle
2024-08-13 21:04:14,687 INFO [http-nio-9999-exec-5] c.d.a.i.BaseInterceptor [BaseInterceptor.java:233] 
############Request Processing started for request-id null and esbURL is /
2024-08-13 21:04:19,435 INFO [http-nio-9999-exec-5] c.d.a.i.BaseInterceptor [BaseInterceptor.java:249] 
Invalid URL sent by requestId null
2024-08-13 21:04:19,435 DEBUG [http-nio-9999-exec-5] o.s.w.s.DispatcherServlet [FrameworkServlet.java:1138] 
Completed 404 NOT_FOUND
2024-08-13 21:04:19,436 DEBUG [http-nio-9999-exec-5] o.s.w.s.DispatcherServlet [LogFormatUtils.java:120] 
"ERROR" dispatch for GET "/error", parameters={}
2024-08-13 21:04:19,436 DEBUG [http-nio-9999-exec-5] o.s.w.s.m.m.a.RequestMappingHandlerMapping [AbstractHandlerMapping.java:531] 
Mapped to org.springframework.boot.autoconfigure.web.servlet.error.BasicErrorController#error(HttpServletRequest)
2024-08-13 21:04:19,436 INFO [http-nio-9999-exec-5] c.d.a.i.BaseInterceptor [BaseInterceptor.java:53] 
Inside prehandle
2024-08-13 21:04:19,436 INFO [http-nio-9999-exec-5] c.d.a.i.BaseInterceptor [BaseInterceptor.java:233] 
############Request Processing started for request-id null and esbURL is /error
2024-08-13 21:04:19,437 INFO [http-nio-9999-exec-5] c.d.a.i.BaseInterceptor [BaseInterceptor.java:249] 
Invalid URL sent by requestId null
2024-08-13 21:04:19,437 DEBUG [http-nio-9999-exec-5] o.s.w.s.DispatcherServlet [FrameworkServlet.java:1135] 
Exiting from "ERROR" dispatch, status 404
2024-08-13 21:04:19,568 DEBUG [http-nio-9999-exec-8] o.s.w.s.DispatcherServlet [LogFormatUtils.java:120] 
GET "/active.log", parameters={}
2024-08-13 21:04:19,569 DEBUG [http-nio-9999-exec-8] o.s.w.s.h.SimpleUrlHandlerMapping [AbstractHandlerMapping.java:531] 
Mapped to ResourceHttpRequestHandler [classpath [META-INF/resources/], classpath [resources/], classpath [static/], classpath [public/], ServletContext [/]]
2024-08-13 21:04:19,569 INFO [http-nio-9999-exec-8] c.d.a.i.BaseInterceptor [BaseInterceptor.java:53] 
Inside prehandle
2024-08-13 21:04:19,570 INFO [http-nio-9999-exec-8] c.d.a.i.BaseInterceptor [BaseInterceptor.java:233] 
############Request Processing started for request-id null and esbURL is /active.log
2024-08-13 21:04:19,570 INFO [http-nio-9999-exec-8] c.d.a.i.BaseInterceptor [BaseInterceptor.java:249] 
Invalid URL sent by requestId null
2024-08-13 21:04:19,570 DEBUG [http-nio-9999-exec-8] o.s.w.s.DispatcherServlet [FrameworkServlet.java:1138] 
Completed 404 NOT_FOUND
2024-08-13 21:04:19,570 DEBUG [http-nio-9999-exec-8] o.s.w.s.DispatcherServlet [LogFormatUtils.java:120] 
"ERROR" dispatch for GET "/error", parameters={}
2024-08-13 21:04:19,571 DEBUG [http-nio-9999-exec-8] o.s.w.s.m.m.a.RequestMappingHandlerMapping [AbstractHandlerMapping.java:531] 
Mapped to org.springframework.boot.autoconfigure.web.servlet.error.BasicErrorController#error(HttpServletRequest)
2024-08-13 21:04:19,571 INFO [http-nio-9999-exec-8] c.d.a.i.BaseInterceptor [BaseInterceptor.java:53] 
Inside prehandle
2024-08-13 21:04:19,571 INFO [http-nio-9999-exec-8] c.d.a.i.BaseInterceptor [BaseInterceptor.java:233] 
############Request Processing started for request-id null and esbURL is /error
2024-08-13 21:04:24,185 INFO [http-nio-9999-exec-8] c.d.a.i.BaseInterceptor [BaseInterceptor.java:249] 
Invalid URL sent by requestId null
2024-08-13 21:04:24,185 DEBUG [http-nio-9999-exec-8] o.s.w.s.DispatcherServlet [FrameworkServlet.java:1135] 
Exiting from "ERROR" dispatch, status 404
2024-08-13 21:04:27,265 DEBUG [http-nio-9999-exec-10] o.s.w.s.DispatcherServlet [LogFormatUtils.java:120] 
GET "/", parameters={}
2024-08-13 21:04:27,266 DEBUG [http-nio-9999-exec-10] o.s.w.s.h.SimpleUrlHandlerMapping [AbstractHandlerMapping.java:531] 
Mapped to ResourceHttpRequestHandler [classpath [META-INF/resources/], classpath [resources/], classpath [static/], classpath [public/], ServletContext [/]]
2024-08-13 21:04:27,266 INFO [http-nio-9999-exec-10] c.d.a.i.BaseInterceptor [BaseInterceptor.java:53] 
Inside prehandle
2024-08-13 21:04:27,267 INFO [http-nio-9999-exec-10] c.d.a.i.BaseInterceptor [BaseInterceptor.java:233] 
############Request Processing started for request-id null and esbURL is /
2024-08-13 21:04:27,267 INFO [http-nio-9999-exec-10] c.d.a.i.BaseInterceptor [BaseInterceptor.java:249] 
Invalid URL sent by requestId null
2024-08-13 21:04:27,267 DEBUG [http-nio-9999-exec-10] o.s.w.s.DispatcherServlet [FrameworkServlet.java:1138] 
Completed 404 NOT_FOUND
2024-08-13 21:04:27,267 DEBUG [http-nio-9999-exec-10] o.s.w.s.DispatcherServlet [LogFormatUtils.java:120] 
"ERROR" dispatch for GET "/error", parameters={}
2024-08-13 21:04:27,268 DEBUG [http-nio-9999-exec-10] o.s.w.s.m.m.a.RequestMappingHandlerMapping [AbstractHandlerMapping.java:531] 
Mapped to org.springframework.boot.autoconfigure.web.servlet.error.BasicErrorController#error(HttpServletRequest)
2024-08-13 21:04:27,268 INFO [http-nio-9999-exec-10] c.d.a.i.BaseInterceptor [BaseInterceptor.java:53] 
Inside prehandle
2024-08-13 21:04:27,268 INFO [http-nio-9999-exec-10] c.d.a.i.BaseInterceptor [BaseInterceptor.java:233] 
############Request Processing started for request-id null and esbURL is /error
2024-08-13 21:04:27,268 INFO [http-nio-9999-exec-10] c.d.a.i.BaseInterceptor [BaseInterceptor.java:249] 
Invalid URL sent by requestId null
2024-08-13 21:04:27,268 DEBUG [http-nio-9999-exec-10] o.s.w.s.DispatcherServlet [FrameworkServlet.java:1135] 
Exiting from "ERROR" dispatch, status 404
2024-08-13 21:04:27,355 DEBUG [http-nio-9999-exec-1] o.s.w.s.DispatcherServlet [LogFormatUtils.java:120] 
GET "/images", parameters={}
2024-08-13 21:04:28,937 DEBUG [http-nio-9999-exec-1] o.s.w.s.h.SimpleUrlHandlerMapping [AbstractHandlerMapping.java:531] 
Mapped to ResourceHttpRequestHandler [classpath [META-INF/resources/], classpath [resources/], classpath [static/], classpath [public/], ServletContext [/]]
2024-08-13 21:04:28,937 INFO [http-nio-9999-exec-1] c.d.a.i.BaseInterceptor [BaseInterceptor.java:53] 
Inside prehandle
2024-08-13 21:04:28,937 INFO [http-nio-9999-exec-1] c.d.a.i.BaseInterceptor [BaseInterceptor.java:233] 
############Request Processing started for request-id null and esbURL is /images
2024-08-13 21:04:28,937 INFO [http-nio-9999-exec-1] c.d.a.i.BaseInterceptor [BaseInterceptor.java:249] 
Invalid URL sent by requestId null
2024-08-13 21:04:28,938 DEBUG [http-nio-9999-exec-1] o.s.w.s.DispatcherServlet [FrameworkServlet.java:1138] 
Completed 404 NOT_FOUND
2024-08-13 21:04:28,938 DEBUG [http-nio-9999-exec-1] o.s.w.s.DispatcherServlet [LogFormatUtils.java:120] 
"ERROR" dispatch for GET "/error", parameters={}
2024-08-13 21:04:28,938 DEBUG [http-nio-9999-exec-1] o.s.w.s.m.m.a.RequestMappingHandlerMapping [AbstractHandlerMapping.java:531] 
Mapped to org.springframework.boot.autoconfigure.web.servlet.error.BasicErrorController#error(HttpServletRequest)
2024-08-13 21:04:28,938 INFO [http-nio-9999-exec-1] c.d.a.i.BaseInterceptor [BaseInterceptor.java:53] 
Inside prehandle
2024-08-13 21:04:28,938 INFO [http-nio-9999-exec-1] c.d.a.i.BaseInterceptor [BaseInterceptor.java:233] 
############Request Processing started for request-id null and esbURL is /error
2024-08-13 21:04:28,939 INFO [http-nio-9999-exec-1] c.d.a.i.BaseInterceptor [BaseInterceptor.java:249] 
Invalid URL sent by requestId null
2024-08-13 21:04:28,939 DEBUG [http-nio-9999-exec-1] o.s.w.s.DispatcherServlet [FrameworkServlet.java:1135] 
Exiting from "ERROR" dispatch, status 404
2024-08-13 21:04:32,348 DEBUG [http-nio-9999-exec-4] o.s.w.s.DispatcherServlet [LogFormatUtils.java:120] 
GET "/", parameters={}
2024-08-13 21:04:32,349 DEBUG [http-nio-9999-exec-4] o.s.w.s.h.SimpleUrlHandlerMapping [AbstractHandlerMapping.java:531] 
Mapped to ResourceHttpRequestHandler [classpath [META-INF/resources/], classpath [resources/], classpath [static/], classpath [public/], ServletContext [/]]
2024-08-13 21:04:32,349 INFO [http-nio-9999-exec-4] c.d.a.i.BaseInterceptor [BaseInterceptor.java:53] 
Inside prehandle
2024-08-13 21:04:32,349 INFO [http-nio-9999-exec-4] c.d.a.i.BaseInterceptor [BaseInterceptor.java:233] 
############Request Processing started for request-id null and esbURL is /
